CRITICAL - 2025-03-18 07:00:37 --> CodeIgniter\HTTP\Exceptions\BadRequestException: The URI you submitted has disallowed characters: "@fontsource"
[Method: GET, Route: https:/cdn.jsdelivr.net/npm/@fontsource/source-sans-3@5.0.12/index.css]
in SYSTEMPATH\Router\Router.php on line 739.
 1 SYSTEMPATH\Router\Router.php(207): CodeIgniter\Router\Router->checkDisallowedChars('https:/cdn.jsdelivr.net/npm/@fontsource/source-sans-3@5.0.12/index.css')
 2 SYSTEMPATH\CodeIgniter.php(832): CodeIgniter\Router\Router->handle('https:/cdn.jsdelivr.net/npm/@fontsource/source-sans-3@5.0.12/index.css')
 3 SYSTEMPATH\CodeIgniter.php(455): CodeIgniter\CodeIgniter->tryToRouteIt(Object(CodeIgniter\Router\RouteCollection))
 4 SYSTEMPATH\CodeIgniter.php(354): CodeIgniter\CodeIgniter->handleRequest(null, Object(Config\Cache), false)
 5 SYSTEMPATH\Boot.php(334): CodeIgniter\CodeIgniter->run()
 6 SYSTEMPATH\Boot.php(67): CodeIgniter\Boot::runCodeIgniter(Object(CodeIgniter\CodeIgniter))
 7 FCPATH\index.php(56): CodeIgniter\Boot::bootWeb(Object(Config\Paths))
 8 SYSTEMPATH\rewrite.php(44): require_once('C:\\xampp\\htdocs\\assetslte\\public\\index.php')
CRITICAL - 2025-03-18 07:03:59 --> CodeIgniter\HTTP\Exceptions\BadRequestException: The URI you submitted has disallowed characters: "@fontsource"
[Method: GET, Route: assets/@fontsource/source-sans-3@5.0.12/index.css]
in SYSTEMPATH\Router\Router.php on line 739.
 1 SYSTEMPATH\Router\Router.php(207): CodeIgniter\Router\Router->checkDisallowedChars('assets/@fontsource/source-sans-3@5.0.12/index.css')
 2 SYSTEMPATH\CodeIgniter.php(832): CodeIgniter\Router\Router->handle('assets/@fontsource/source-sans-3@5.0.12/index.css')
 3 SYSTEMPATH\CodeIgniter.php(455): CodeIgniter\CodeIgniter->tryToRouteIt(Object(CodeIgniter\Router\RouteCollection))
 4 SYSTEMPATH\CodeIgniter.php(354): CodeIgniter\CodeIgniter->handleRequest(null, Object(Config\Cache), false)
 5 SYSTEMPATH\Boot.php(334): CodeIgniter\CodeIgniter->run()
 6 SYSTEMPATH\Boot.php(67): CodeIgniter\Boot::runCodeIgniter(Object(CodeIgniter\CodeIgniter))
 7 FCPATH\index.php(56): CodeIgniter\Boot::bootWeb(Object(Config\Paths))
 8 SYSTEMPATH\rewrite.php(44): require_once('C:\\xampp\\htdocs\\assetslte\\public\\index.php')
