DEBUG - 2025-07-06 15:49:41 --> Session: Class initialized using 'CodeIgniter\Session\Handlers\FileHandler' driver.
DEBUG - 2025-07-06 15:49:41 --> Session: Class initialized using 'CodeIgniter\Session\Handlers\FileHandler' driver.
DEBUG - 2025-07-06 15:49:47 --> Session: Class initialized using 'CodeIgniter\Session\Handlers\FileHandler' driver.
DEBUG - 2025-07-06 15:49:47 --> Session: Class initialized using 'CodeIgniter\Session\Handlers\FileHandler' driver.
DEBUG - 2025-07-06 15:49:58 --> Session: Class initialized using 'CodeIgniter\Session\Handlers\FileHandler' driver.
DEBUG - 2025-07-06 15:58:58 --> Session: Class initialized using 'CodeIgniter\Session\Handlers\FileHandler' driver.
DEBUG - 2025-07-06 15:59:05 --> Session: Class initialized using 'CodeIgniter\Session\Handlers\FileHandler' driver.
DEBUG - 2025-07-06 15:59:09 --> Session: Class initialized using 'CodeIgniter\Session\Handlers\FileHandler' driver.
DEBUG - 2025-07-06 15:59:12 --> Session: Class initialized using 'CodeIgniter\Session\Handlers\FileHandler' driver.
DEBUG - 2025-07-06 15:59:19 --> Session: Class initialized using 'CodeIgniter\Session\Handlers\FileHandler' driver.
DEBUG - 2025-07-06 16:12:44 --> Session: Class initialized using 'CodeIgniter\Session\Handlers\FileHandler' driver.
DEBUG - 2025-07-06 16:12:50 --> Session: Class initialized using 'CodeIgniter\Session\Handlers\FileHandler' driver.
CRITICAL - 2025-07-06 16:12:50 --> ErrorException: Undefined array key "kode_sub_kategori"
[Method: GET, Route: pemakaian]
in APPPATH\Views\pemakaian\pemakaian.php on line 41.
 1 APPPATH\Views\pemakaian\pemakaian.php(41): CodeIgniter\Debug\Exceptions->errorHandler(2, 'Undefined array key "kode_sub_kategori"', 'C:\\xampp\\htdocs\\assetslte\\app\\Views\\pemakaian\\pemakaian.php', 41)
 2 SYSTEMPATH\View\View.php(224): include('C:\\xampp\\htdocs\\assetslte\\app\\Views\\pemakaian\\pemakaian.php')
 3 SYSTEMPATH\View\View.php(227): CodeIgniter\View\View->CodeIgniter\View\{closure}()
 4 SYSTEMPATH\Common.php(1173): CodeIgniter\View\View->render('pemakaian/pemakaian', [], true)
 5 APPPATH\Controllers\PemakaianController.php(43): view('pemakaian/pemakaian', [...])
 6 SYSTEMPATH\CodeIgniter.php(933): App\Controllers\PemakaianController->pemakaian()
 7 SYSTEMPATH\CodeIgniter.php(507): CodeIgniter\CodeIgniter->runController(Object(App\Controllers\PemakaianController))
 8 SYSTEMPATH\CodeIgniter.php(354): CodeIgniter\CodeIgniter->handleRequest(null, Object(Config\Cache), false)
 9 SYSTEMPATH\Boot.php(334): CodeIgniter\CodeIgniter->run()
10 SYSTEMPATH\Boot.php(67): CodeIgniter\Boot::runCodeIgniter(Object(CodeIgniter\CodeIgniter))
11 FCPATH\index.php(56): CodeIgniter\Boot::bootWeb(Object(Config\Paths))
12 SYSTEMPATH\rewrite.php(44): require_once('C:\\xampp\\htdocs\\assetslte\\public\\index.php')
DEBUG - 2025-07-06 16:13:32 --> Session: Class initialized using 'CodeIgniter\Session\Handlers\FileHandler' driver.
DEBUG - 2025-07-06 16:16:41 --> Session: Class initialized using 'CodeIgniter\Session\Handlers\FileHandler' driver.
CRITICAL - 2025-07-06 16:16:41 --> ErrorException: Undefined array key "kode_sub_kategori"
[Method: GET, Route: pemakaian]
in APPPATH\Views\pemakaian\pemakaian.php on line 42.
 1 APPPATH\Views\pemakaian\pemakaian.php(42): CodeIgniter\Debug\Exceptions->errorHandler(2, 'Undefined array key "kode_sub_kategori"', 'C:\\xampp\\htdocs\\assetslte\\app\\Views\\pemakaian\\pemakaian.php', 42)
 2 SYSTEMPATH\View\View.php(224): include('C:\\xampp\\htdocs\\assetslte\\app\\Views\\pemakaian\\pemakaian.php')
 3 SYSTEMPATH\View\View.php(227): CodeIgniter\View\View->CodeIgniter\View\{closure}()
 4 SYSTEMPATH\Common.php(1173): CodeIgniter\View\View->render('pemakaian/pemakaian', [], true)
 5 APPPATH\Controllers\PemakaianController.php(43): view('pemakaian/pemakaian', [...])
 6 SYSTEMPATH\CodeIgniter.php(933): App\Controllers\PemakaianController->pemakaian()
 7 SYSTEMPATH\CodeIgniter.php(507): CodeIgniter\CodeIgniter->runController(Object(App\Controllers\PemakaianController))
 8 SYSTEMPATH\CodeIgniter.php(354): CodeIgniter\CodeIgniter->handleRequest(null, Object(Config\Cache), false)
 9 SYSTEMPATH\Boot.php(334): CodeIgniter\CodeIgniter->run()
10 SYSTEMPATH\Boot.php(67): CodeIgniter\Boot::runCodeIgniter(Object(CodeIgniter\CodeIgniter))
11 FCPATH\index.php(56): CodeIgniter\Boot::bootWeb(Object(Config\Paths))
12 SYSTEMPATH\rewrite.php(44): require_once('C:\\xampp\\htdocs\\assetslte\\public\\index.php')
DEBUG - 2025-07-06 16:18:43 --> Session: Class initialized using 'CodeIgniter\Session\Handlers\FileHandler' driver.
CRITICAL - 2025-07-06 16:18:43 --> ErrorException: Undefined array key "kode_sub_kategori"
[Method: GET, Route: pemakaian]
in APPPATH\Views\pemakaian\pemakaian.php on line 42.
 1 APPPATH\Views\pemakaian\pemakaian.php(42): CodeIgniter\Debug\Exceptions->errorHandler(2, 'Undefined array key "kode_sub_kategori"', 'C:\\xampp\\htdocs\\assetslte\\app\\Views\\pemakaian\\pemakaian.php', 42)
 2 SYSTEMPATH\View\View.php(224): include('C:\\xampp\\htdocs\\assetslte\\app\\Views\\pemakaian\\pemakaian.php')
 3 SYSTEMPATH\View\View.php(227): CodeIgniter\View\View->CodeIgniter\View\{closure}()
 4 SYSTEMPATH\Common.php(1173): CodeIgniter\View\View->render('pemakaian/pemakaian', [], true)
 5 APPPATH\Controllers\PemakaianController.php(43): view('pemakaian/pemakaian', [...])
 6 SYSTEMPATH\CodeIgniter.php(933): App\Controllers\PemakaianController->pemakaian()
 7 SYSTEMPATH\CodeIgniter.php(507): CodeIgniter\CodeIgniter->runController(Object(App\Controllers\PemakaianController))
 8 SYSTEMPATH\CodeIgniter.php(354): CodeIgniter\CodeIgniter->handleRequest(null, Object(Config\Cache), false)
 9 SYSTEMPATH\Boot.php(334): CodeIgniter\CodeIgniter->run()
10 SYSTEMPATH\Boot.php(67): CodeIgniter\Boot::runCodeIgniter(Object(CodeIgniter\CodeIgniter))
11 FCPATH\index.php(56): CodeIgniter\Boot::bootWeb(Object(Config\Paths))
12 SYSTEMPATH\rewrite.php(44): require_once('C:\\xampp\\htdocs\\assetslte\\public\\index.php')
DEBUG - 2025-07-06 16:18:45 --> Session: Class initialized using 'CodeIgniter\Session\Handlers\FileHandler' driver.
CRITICAL - 2025-07-06 16:18:45 --> ErrorException: Undefined array key "kode_sub_kategori"
[Method: GET, Route: pemakaian]
in APPPATH\Views\pemakaian\pemakaian.php on line 42.
 1 APPPATH\Views\pemakaian\pemakaian.php(42): CodeIgniter\Debug\Exceptions->errorHandler(2, 'Undefined array key "kode_sub_kategori"', 'C:\\xampp\\htdocs\\assetslte\\app\\Views\\pemakaian\\pemakaian.php', 42)
 2 SYSTEMPATH\View\View.php(224): include('C:\\xampp\\htdocs\\assetslte\\app\\Views\\pemakaian\\pemakaian.php')
 3 SYSTEMPATH\View\View.php(227): CodeIgniter\View\View->CodeIgniter\View\{closure}()
 4 SYSTEMPATH\Common.php(1173): CodeIgniter\View\View->render('pemakaian/pemakaian', [], true)
 5 APPPATH\Controllers\PemakaianController.php(43): view('pemakaian/pemakaian', [...])
 6 SYSTEMPATH\CodeIgniter.php(933): App\Controllers\PemakaianController->pemakaian()
 7 SYSTEMPATH\CodeIgniter.php(507): CodeIgniter\CodeIgniter->runController(Object(App\Controllers\PemakaianController))
 8 SYSTEMPATH\CodeIgniter.php(354): CodeIgniter\CodeIgniter->handleRequest(null, Object(Config\Cache), false)
 9 SYSTEMPATH\Boot.php(334): CodeIgniter\CodeIgniter->run()
10 SYSTEMPATH\Boot.php(67): CodeIgniter\Boot::runCodeIgniter(Object(CodeIgniter\CodeIgniter))
11 FCPATH\index.php(56): CodeIgniter\Boot::bootWeb(Object(Config\Paths))
12 SYSTEMPATH\rewrite.php(44): require_once('C:\\xampp\\htdocs\\assetslte\\public\\index.php')
DEBUG - 2025-07-06 16:18:46 --> Session: Class initialized using 'CodeIgniter\Session\Handlers\FileHandler' driver.
CRITICAL - 2025-07-06 16:18:46 --> ErrorException: Undefined array key "kode_sub_kategori"
[Method: GET, Route: pemakaian]
in APPPATH\Views\pemakaian\pemakaian.php on line 42.
 1 APPPATH\Views\pemakaian\pemakaian.php(42): CodeIgniter\Debug\Exceptions->errorHandler(2, 'Undefined array key "kode_sub_kategori"', 'C:\\xampp\\htdocs\\assetslte\\app\\Views\\pemakaian\\pemakaian.php', 42)
 2 SYSTEMPATH\View\View.php(224): include('C:\\xampp\\htdocs\\assetslte\\app\\Views\\pemakaian\\pemakaian.php')
 3 SYSTEMPATH\View\View.php(227): CodeIgniter\View\View->CodeIgniter\View\{closure}()
 4 SYSTEMPATH\Common.php(1173): CodeIgniter\View\View->render('pemakaian/pemakaian', [], true)
 5 APPPATH\Controllers\PemakaianController.php(43): view('pemakaian/pemakaian', [...])
 6 SYSTEMPATH\CodeIgniter.php(933): App\Controllers\PemakaianController->pemakaian()
 7 SYSTEMPATH\CodeIgniter.php(507): CodeIgniter\CodeIgniter->runController(Object(App\Controllers\PemakaianController))
 8 SYSTEMPATH\CodeIgniter.php(354): CodeIgniter\CodeIgniter->handleRequest(null, Object(Config\Cache), false)
 9 SYSTEMPATH\Boot.php(334): CodeIgniter\CodeIgniter->run()
10 SYSTEMPATH\Boot.php(67): CodeIgniter\Boot::runCodeIgniter(Object(CodeIgniter\CodeIgniter))
11 FCPATH\index.php(56): CodeIgniter\Boot::bootWeb(Object(Config\Paths))
12 SYSTEMPATH\rewrite.php(44): require_once('C:\\xampp\\htdocs\\assetslte\\public\\index.php')
DEBUG - 2025-07-06 16:18:46 --> Session: Class initialized using 'CodeIgniter\Session\Handlers\FileHandler' driver.
CRITICAL - 2025-07-06 16:18:46 --> ErrorException: Undefined array key "kode_sub_kategori"
[Method: GET, Route: pemakaian]
in APPPATH\Views\pemakaian\pemakaian.php on line 42.
 1 APPPATH\Views\pemakaian\pemakaian.php(42): CodeIgniter\Debug\Exceptions->errorHandler(2, 'Undefined array key "kode_sub_kategori"', 'C:\\xampp\\htdocs\\assetslte\\app\\Views\\pemakaian\\pemakaian.php', 42)
 2 SYSTEMPATH\View\View.php(224): include('C:\\xampp\\htdocs\\assetslte\\app\\Views\\pemakaian\\pemakaian.php')
 3 SYSTEMPATH\View\View.php(227): CodeIgniter\View\View->CodeIgniter\View\{closure}()
 4 SYSTEMPATH\Common.php(1173): CodeIgniter\View\View->render('pemakaian/pemakaian', [], true)
 5 APPPATH\Controllers\PemakaianController.php(43): view('pemakaian/pemakaian', [...])
 6 SYSTEMPATH\CodeIgniter.php(933): App\Controllers\PemakaianController->pemakaian()
 7 SYSTEMPATH\CodeIgniter.php(507): CodeIgniter\CodeIgniter->runController(Object(App\Controllers\PemakaianController))
 8 SYSTEMPATH\CodeIgniter.php(354): CodeIgniter\CodeIgniter->handleRequest(null, Object(Config\Cache), false)
 9 SYSTEMPATH\Boot.php(334): CodeIgniter\CodeIgniter->run()
10 SYSTEMPATH\Boot.php(67): CodeIgniter\Boot::runCodeIgniter(Object(CodeIgniter\CodeIgniter))
11 FCPATH\index.php(56): CodeIgniter\Boot::bootWeb(Object(Config\Paths))
12 SYSTEMPATH\rewrite.php(44): require_once('C:\\xampp\\htdocs\\assetslte\\public\\index.php')
DEBUG - 2025-07-06 16:18:46 --> Session: Class initialized using 'CodeIgniter\Session\Handlers\FileHandler' driver.
CRITICAL - 2025-07-06 16:18:46 --> ErrorException: Undefined array key "kode_sub_kategori"
[Method: GET, Route: pemakaian]
in APPPATH\Views\pemakaian\pemakaian.php on line 42.
 1 APPPATH\Views\pemakaian\pemakaian.php(42): CodeIgniter\Debug\Exceptions->errorHandler(2, 'Undefined array key "kode_sub_kategori"', 'C:\\xampp\\htdocs\\assetslte\\app\\Views\\pemakaian\\pemakaian.php', 42)
 2 SYSTEMPATH\View\View.php(224): include('C:\\xampp\\htdocs\\assetslte\\app\\Views\\pemakaian\\pemakaian.php')
 3 SYSTEMPATH\View\View.php(227): CodeIgniter\View\View->CodeIgniter\View\{closure}()
 4 SYSTEMPATH\Common.php(1173): CodeIgniter\View\View->render('pemakaian/pemakaian', [], true)
 5 APPPATH\Controllers\PemakaianController.php(43): view('pemakaian/pemakaian', [...])
 6 SYSTEMPATH\CodeIgniter.php(933): App\Controllers\PemakaianController->pemakaian()
 7 SYSTEMPATH\CodeIgniter.php(507): CodeIgniter\CodeIgniter->runController(Object(App\Controllers\PemakaianController))
 8 SYSTEMPATH\CodeIgniter.php(354): CodeIgniter\CodeIgniter->handleRequest(null, Object(Config\Cache), false)
 9 SYSTEMPATH\Boot.php(334): CodeIgniter\CodeIgniter->run()
10 SYSTEMPATH\Boot.php(67): CodeIgniter\Boot::runCodeIgniter(Object(CodeIgniter\CodeIgniter))
11 FCPATH\index.php(56): CodeIgniter\Boot::bootWeb(Object(Config\Paths))
12 SYSTEMPATH\rewrite.php(44): require_once('C:\\xampp\\htdocs\\assetslte\\public\\index.php')
DEBUG - 2025-07-06 16:19:48 --> Session: Class initialized using 'CodeIgniter\Session\Handlers\FileHandler' driver.
CRITICAL - 2025-07-06 16:19:48 --> ErrorException: Undefined array key "kode_sub_kategori"
[Method: GET, Route: pemakaian]
in APPPATH\Views\pemakaian\pemakaian.php on line 42.
 1 APPPATH\Views\pemakaian\pemakaian.php(42): CodeIgniter\Debug\Exceptions->errorHandler(2, 'Undefined array key "kode_sub_kategori"', 'C:\\xampp\\htdocs\\assetslte\\app\\Views\\pemakaian\\pemakaian.php', 42)
 2 SYSTEMPATH\View\View.php(224): include('C:\\xampp\\htdocs\\assetslte\\app\\Views\\pemakaian\\pemakaian.php')
 3 SYSTEMPATH\View\View.php(227): CodeIgniter\View\View->CodeIgniter\View\{closure}()
 4 SYSTEMPATH\Common.php(1173): CodeIgniter\View\View->render('pemakaian/pemakaian', [], true)
 5 APPPATH\Controllers\PemakaianController.php(43): view('pemakaian/pemakaian', [...])
 6 SYSTEMPATH\CodeIgniter.php(933): App\Controllers\PemakaianController->pemakaian()
 7 SYSTEMPATH\CodeIgniter.php(507): CodeIgniter\CodeIgniter->runController(Object(App\Controllers\PemakaianController))
 8 SYSTEMPATH\CodeIgniter.php(354): CodeIgniter\CodeIgniter->handleRequest(null, Object(Config\Cache), false)
 9 SYSTEMPATH\Boot.php(334): CodeIgniter\CodeIgniter->run()
10 SYSTEMPATH\Boot.php(67): CodeIgniter\Boot::runCodeIgniter(Object(CodeIgniter\CodeIgniter))
11 FCPATH\index.php(56): CodeIgniter\Boot::bootWeb(Object(Config\Paths))
12 SYSTEMPATH\rewrite.php(44): require_once('C:\\xampp\\htdocs\\assetslte\\public\\index.php')
DEBUG - 2025-07-06 16:19:52 --> Session: Class initialized using 'CodeIgniter\Session\Handlers\FileHandler' driver.
CRITICAL - 2025-07-06 16:19:52 --> ErrorException: Undefined array key "kode_sub_kategori"
[Method: GET, Route: pemakaian]
in APPPATH\Views\pemakaian\pemakaian.php on line 42.
 1 APPPATH\Views\pemakaian\pemakaian.php(42): CodeIgniter\Debug\Exceptions->errorHandler(2, 'Undefined array key "kode_sub_kategori"', 'C:\\xampp\\htdocs\\assetslte\\app\\Views\\pemakaian\\pemakaian.php', 42)
 2 SYSTEMPATH\View\View.php(224): include('C:\\xampp\\htdocs\\assetslte\\app\\Views\\pemakaian\\pemakaian.php')
 3 SYSTEMPATH\View\View.php(227): CodeIgniter\View\View->CodeIgniter\View\{closure}()
 4 SYSTEMPATH\Common.php(1173): CodeIgniter\View\View->render('pemakaian/pemakaian', [], true)
 5 APPPATH\Controllers\PemakaianController.php(43): view('pemakaian/pemakaian', [...])
 6 SYSTEMPATH\CodeIgniter.php(933): App\Controllers\PemakaianController->pemakaian()
 7 SYSTEMPATH\CodeIgniter.php(507): CodeIgniter\CodeIgniter->runController(Object(App\Controllers\PemakaianController))
 8 SYSTEMPATH\CodeIgniter.php(354): CodeIgniter\CodeIgniter->handleRequest(null, Object(Config\Cache), false)
 9 SYSTEMPATH\Boot.php(334): CodeIgniter\CodeIgniter->run()
10 SYSTEMPATH\Boot.php(67): CodeIgniter\Boot::runCodeIgniter(Object(CodeIgniter\CodeIgniter))
11 FCPATH\index.php(56): CodeIgniter\Boot::bootWeb(Object(Config\Paths))
12 SYSTEMPATH\rewrite.php(44): require_once('C:\\xampp\\htdocs\\assetslte\\public\\index.php')
DEBUG - 2025-07-06 16:20:53 --> Session: Class initialized using 'CodeIgniter\Session\Handlers\FileHandler' driver.
CRITICAL - 2025-07-06 16:20:54 --> ErrorException: Undefined array key "kode_sub_kategori"
[Method: GET, Route: pemakaian]
in APPPATH\Views\pemakaian\pemakaian.php on line 42.
 1 APPPATH\Views\pemakaian\pemakaian.php(42): CodeIgniter\Debug\Exceptions->errorHandler(2, 'Undefined array key "kode_sub_kategori"', 'C:\\xampp\\htdocs\\assetslte\\app\\Views\\pemakaian\\pemakaian.php', 42)
 2 SYSTEMPATH\View\View.php(224): include('C:\\xampp\\htdocs\\assetslte\\app\\Views\\pemakaian\\pemakaian.php')
 3 SYSTEMPATH\View\View.php(227): CodeIgniter\View\View->CodeIgniter\View\{closure}()
 4 SYSTEMPATH\Common.php(1173): CodeIgniter\View\View->render('pemakaian/pemakaian', [], true)
 5 APPPATH\Controllers\PemakaianController.php(43): view('pemakaian/pemakaian', [...])
 6 SYSTEMPATH\CodeIgniter.php(933): App\Controllers\PemakaianController->pemakaian()
 7 SYSTEMPATH\CodeIgniter.php(507): CodeIgniter\CodeIgniter->runController(Object(App\Controllers\PemakaianController))
 8 SYSTEMPATH\CodeIgniter.php(354): CodeIgniter\CodeIgniter->handleRequest(null, Object(Config\Cache), false)
 9 SYSTEMPATH\Boot.php(334): CodeIgniter\CodeIgniter->run()
10 SYSTEMPATH\Boot.php(67): CodeIgniter\Boot::runCodeIgniter(Object(CodeIgniter\CodeIgniter))
11 FCPATH\index.php(56): CodeIgniter\Boot::bootWeb(Object(Config\Paths))
12 SYSTEMPATH\rewrite.php(44): require_once('C:\\xampp\\htdocs\\assetslte\\public\\index.php')
DEBUG - 2025-07-06 16:20:55 --> Session: Class initialized using 'CodeIgniter\Session\Handlers\FileHandler' driver.
CRITICAL - 2025-07-06 16:20:55 --> ErrorException: Undefined array key "kode_sub_kategori"
[Method: GET, Route: pemakaian]
in APPPATH\Views\pemakaian\pemakaian.php on line 42.
 1 APPPATH\Views\pemakaian\pemakaian.php(42): CodeIgniter\Debug\Exceptions->errorHandler(2, 'Undefined array key "kode_sub_kategori"', 'C:\\xampp\\htdocs\\assetslte\\app\\Views\\pemakaian\\pemakaian.php', 42)
 2 SYSTEMPATH\View\View.php(224): include('C:\\xampp\\htdocs\\assetslte\\app\\Views\\pemakaian\\pemakaian.php')
 3 SYSTEMPATH\View\View.php(227): CodeIgniter\View\View->CodeIgniter\View\{closure}()
 4 SYSTEMPATH\Common.php(1173): CodeIgniter\View\View->render('pemakaian/pemakaian', [], true)
 5 APPPATH\Controllers\PemakaianController.php(43): view('pemakaian/pemakaian', [...])
 6 SYSTEMPATH\CodeIgniter.php(933): App\Controllers\PemakaianController->pemakaian()
 7 SYSTEMPATH\CodeIgniter.php(507): CodeIgniter\CodeIgniter->runController(Object(App\Controllers\PemakaianController))
 8 SYSTEMPATH\CodeIgniter.php(354): CodeIgniter\CodeIgniter->handleRequest(null, Object(Config\Cache), false)
 9 SYSTEMPATH\Boot.php(334): CodeIgniter\CodeIgniter->run()
10 SYSTEMPATH\Boot.php(67): CodeIgniter\Boot::runCodeIgniter(Object(CodeIgniter\CodeIgniter))
11 FCPATH\index.php(56): CodeIgniter\Boot::bootWeb(Object(Config\Paths))
12 SYSTEMPATH\rewrite.php(44): require_once('C:\\xampp\\htdocs\\assetslte\\public\\index.php')
DEBUG - 2025-07-06 16:20:56 --> Session: Class initialized using 'CodeIgniter\Session\Handlers\FileHandler' driver.
CRITICAL - 2025-07-06 16:20:56 --> ErrorException: Undefined array key "kode_sub_kategori"
[Method: GET, Route: pemakaian]
in APPPATH\Views\pemakaian\pemakaian.php on line 42.
 1 APPPATH\Views\pemakaian\pemakaian.php(42): CodeIgniter\Debug\Exceptions->errorHandler(2, 'Undefined array key "kode_sub_kategori"', 'C:\\xampp\\htdocs\\assetslte\\app\\Views\\pemakaian\\pemakaian.php', 42)
 2 SYSTEMPATH\View\View.php(224): include('C:\\xampp\\htdocs\\assetslte\\app\\Views\\pemakaian\\pemakaian.php')
 3 SYSTEMPATH\View\View.php(227): CodeIgniter\View\View->CodeIgniter\View\{closure}()
 4 SYSTEMPATH\Common.php(1173): CodeIgniter\View\View->render('pemakaian/pemakaian', [], true)
 5 APPPATH\Controllers\PemakaianController.php(43): view('pemakaian/pemakaian', [...])
 6 SYSTEMPATH\CodeIgniter.php(933): App\Controllers\PemakaianController->pemakaian()
 7 SYSTEMPATH\CodeIgniter.php(507): CodeIgniter\CodeIgniter->runController(Object(App\Controllers\PemakaianController))
 8 SYSTEMPATH\CodeIgniter.php(354): CodeIgniter\CodeIgniter->handleRequest(null, Object(Config\Cache), false)
 9 SYSTEMPATH\Boot.php(334): CodeIgniter\CodeIgniter->run()
10 SYSTEMPATH\Boot.php(67): CodeIgniter\Boot::runCodeIgniter(Object(CodeIgniter\CodeIgniter))
11 FCPATH\index.php(56): CodeIgniter\Boot::bootWeb(Object(Config\Paths))
12 SYSTEMPATH\rewrite.php(44): require_once('C:\\xampp\\htdocs\\assetslte\\public\\index.php')
DEBUG - 2025-07-06 16:23:00 --> Session: Class initialized using 'CodeIgniter\Session\Handlers\FileHandler' driver.
CRITICAL - 2025-07-06 16:23:01 --> ErrorException: Undefined array key "kode_sub_kategori"
[Method: GET, Route: pemakaian]
in APPPATH\Views\pemakaian\pemakaian.php on line 42.
 1 APPPATH\Views\pemakaian\pemakaian.php(42): CodeIgniter\Debug\Exceptions->errorHandler(2, 'Undefined array key "kode_sub_kategori"', 'C:\\xampp\\htdocs\\assetslte\\app\\Views\\pemakaian\\pemakaian.php', 42)
 2 SYSTEMPATH\View\View.php(224): include('C:\\xampp\\htdocs\\assetslte\\app\\Views\\pemakaian\\pemakaian.php')
 3 SYSTEMPATH\View\View.php(227): CodeIgniter\View\View->CodeIgniter\View\{closure}()
 4 SYSTEMPATH\Common.php(1173): CodeIgniter\View\View->render('pemakaian/pemakaian', [], true)
 5 APPPATH\Controllers\PemakaianController.php(43): view('pemakaian/pemakaian', [...])
 6 SYSTEMPATH\CodeIgniter.php(933): App\Controllers\PemakaianController->pemakaian()
 7 SYSTEMPATH\CodeIgniter.php(507): CodeIgniter\CodeIgniter->runController(Object(App\Controllers\PemakaianController))
 8 SYSTEMPATH\CodeIgniter.php(354): CodeIgniter\CodeIgniter->handleRequest(null, Object(Config\Cache), false)
 9 SYSTEMPATH\Boot.php(334): CodeIgniter\CodeIgniter->run()
10 SYSTEMPATH\Boot.php(67): CodeIgniter\Boot::runCodeIgniter(Object(CodeIgniter\CodeIgniter))
11 FCPATH\index.php(56): CodeIgniter\Boot::bootWeb(Object(Config\Paths))
12 SYSTEMPATH\rewrite.php(44): require_once('C:\\xampp\\htdocs\\assetslte\\public\\index.php')
DEBUG - 2025-07-06 16:24:13 --> Session: Class initialized using 'CodeIgniter\Session\Handlers\FileHandler' driver.
CRITICAL - 2025-07-06 16:24:13 --> ErrorException: Undefined array key "kode_sub_kategori"
[Method: GET, Route: pemakaian]
in APPPATH\Views\pemakaian\pemakaian.php on line 42.
 1 APPPATH\Views\pemakaian\pemakaian.php(42): CodeIgniter\Debug\Exceptions->errorHandler(2, 'Undefined array key "kode_sub_kategori"', 'C:\\xampp\\htdocs\\assetslte\\app\\Views\\pemakaian\\pemakaian.php', 42)
 2 SYSTEMPATH\View\View.php(224): include('C:\\xampp\\htdocs\\assetslte\\app\\Views\\pemakaian\\pemakaian.php')
 3 SYSTEMPATH\View\View.php(227): CodeIgniter\View\View->CodeIgniter\View\{closure}()
 4 SYSTEMPATH\Common.php(1173): CodeIgniter\View\View->render('pemakaian/pemakaian', [], true)
 5 APPPATH\Controllers\PemakaianController.php(43): view('pemakaian/pemakaian', [...])
 6 SYSTEMPATH\CodeIgniter.php(933): App\Controllers\PemakaianController->pemakaian()
 7 SYSTEMPATH\CodeIgniter.php(507): CodeIgniter\CodeIgniter->runController(Object(App\Controllers\PemakaianController))
 8 SYSTEMPATH\CodeIgniter.php(354): CodeIgniter\CodeIgniter->handleRequest(null, Object(Config\Cache), false)
 9 SYSTEMPATH\Boot.php(334): CodeIgniter\CodeIgniter->run()
10 SYSTEMPATH\Boot.php(67): CodeIgniter\Boot::runCodeIgniter(Object(CodeIgniter\CodeIgniter))
11 FCPATH\index.php(56): CodeIgniter\Boot::bootWeb(Object(Config\Paths))
12 SYSTEMPATH\rewrite.php(44): require_once('C:\\xampp\\htdocs\\assetslte\\public\\index.php')
DEBUG - 2025-07-06 16:24:15 --> Session: Class initialized using 'CodeIgniter\Session\Handlers\FileHandler' driver.
CRITICAL - 2025-07-06 16:24:15 --> ErrorException: Undefined array key "kode_sub_kategori"
[Method: GET, Route: pemakaian]
in APPPATH\Views\pemakaian\pemakaian.php on line 42.
 1 APPPATH\Views\pemakaian\pemakaian.php(42): CodeIgniter\Debug\Exceptions->errorHandler(2, 'Undefined array key "kode_sub_kategori"', 'C:\\xampp\\htdocs\\assetslte\\app\\Views\\pemakaian\\pemakaian.php', 42)
 2 SYSTEMPATH\View\View.php(224): include('C:\\xampp\\htdocs\\assetslte\\app\\Views\\pemakaian\\pemakaian.php')
 3 SYSTEMPATH\View\View.php(227): CodeIgniter\View\View->CodeIgniter\View\{closure}()
 4 SYSTEMPATH\Common.php(1173): CodeIgniter\View\View->render('pemakaian/pemakaian', [], true)
 5 APPPATH\Controllers\PemakaianController.php(43): view('pemakaian/pemakaian', [...])
 6 SYSTEMPATH\CodeIgniter.php(933): App\Controllers\PemakaianController->pemakaian()
 7 SYSTEMPATH\CodeIgniter.php(507): CodeIgniter\CodeIgniter->runController(Object(App\Controllers\PemakaianController))
 8 SYSTEMPATH\CodeIgniter.php(354): CodeIgniter\CodeIgniter->handleRequest(null, Object(Config\Cache), false)
 9 SYSTEMPATH\Boot.php(334): CodeIgniter\CodeIgniter->run()
10 SYSTEMPATH\Boot.php(67): CodeIgniter\Boot::runCodeIgniter(Object(CodeIgniter\CodeIgniter))
11 FCPATH\index.php(56): CodeIgniter\Boot::bootWeb(Object(Config\Paths))
12 SYSTEMPATH\rewrite.php(44): require_once('C:\\xampp\\htdocs\\assetslte\\public\\index.php')
DEBUG - 2025-07-06 16:24:16 --> Session: Class initialized using 'CodeIgniter\Session\Handlers\FileHandler' driver.
CRITICAL - 2025-07-06 16:24:16 --> ErrorException: Undefined array key "kode_sub_kategori"
[Method: GET, Route: pemakaian]
in APPPATH\Views\pemakaian\pemakaian.php on line 42.
 1 APPPATH\Views\pemakaian\pemakaian.php(42): CodeIgniter\Debug\Exceptions->errorHandler(2, 'Undefined array key "kode_sub_kategori"', 'C:\\xampp\\htdocs\\assetslte\\app\\Views\\pemakaian\\pemakaian.php', 42)
 2 SYSTEMPATH\View\View.php(224): include('C:\\xampp\\htdocs\\assetslte\\app\\Views\\pemakaian\\pemakaian.php')
 3 SYSTEMPATH\View\View.php(227): CodeIgniter\View\View->CodeIgniter\View\{closure}()
 4 SYSTEMPATH\Common.php(1173): CodeIgniter\View\View->render('pemakaian/pemakaian', [], true)
 5 APPPATH\Controllers\PemakaianController.php(43): view('pemakaian/pemakaian', [...])
 6 SYSTEMPATH\CodeIgniter.php(933): App\Controllers\PemakaianController->pemakaian()
 7 SYSTEMPATH\CodeIgniter.php(507): CodeIgniter\CodeIgniter->runController(Object(App\Controllers\PemakaianController))
 8 SYSTEMPATH\CodeIgniter.php(354): CodeIgniter\CodeIgniter->handleRequest(null, Object(Config\Cache), false)
 9 SYSTEMPATH\Boot.php(334): CodeIgniter\CodeIgniter->run()
10 SYSTEMPATH\Boot.php(67): CodeIgniter\Boot::runCodeIgniter(Object(CodeIgniter\CodeIgniter))
11 FCPATH\index.php(56): CodeIgniter\Boot::bootWeb(Object(Config\Paths))
12 SYSTEMPATH\rewrite.php(44): require_once('C:\\xampp\\htdocs\\assetslte\\public\\index.php')
DEBUG - 2025-07-06 16:24:45 --> Session: Class initialized using 'CodeIgniter\Session\Handlers\FileHandler' driver.
CRITICAL - 2025-07-06 16:24:45 --> ErrorException: Undefined array key "kode_sub_kategori"
[Method: GET, Route: pemakaian]
in APPPATH\Views\pemakaian\pemakaian.php on line 42.
 1 APPPATH\Views\pemakaian\pemakaian.php(42): CodeIgniter\Debug\Exceptions->errorHandler(2, 'Undefined array key "kode_sub_kategori"', 'C:\\xampp\\htdocs\\assetslte\\app\\Views\\pemakaian\\pemakaian.php', 42)
 2 SYSTEMPATH\View\View.php(224): include('C:\\xampp\\htdocs\\assetslte\\app\\Views\\pemakaian\\pemakaian.php')
 3 SYSTEMPATH\View\View.php(227): CodeIgniter\View\View->CodeIgniter\View\{closure}()
 4 SYSTEMPATH\Common.php(1173): CodeIgniter\View\View->render('pemakaian/pemakaian', [], true)
 5 APPPATH\Controllers\PemakaianController.php(43): view('pemakaian/pemakaian', [...])
 6 SYSTEMPATH\CodeIgniter.php(933): App\Controllers\PemakaianController->pemakaian()
 7 SYSTEMPATH\CodeIgniter.php(507): CodeIgniter\CodeIgniter->runController(Object(App\Controllers\PemakaianController))
 8 SYSTEMPATH\CodeIgniter.php(354): CodeIgniter\CodeIgniter->handleRequest(null, Object(Config\Cache), false)
 9 SYSTEMPATH\Boot.php(334): CodeIgniter\CodeIgniter->run()
10 SYSTEMPATH\Boot.php(67): CodeIgniter\Boot::runCodeIgniter(Object(CodeIgniter\CodeIgniter))
11 FCPATH\index.php(56): CodeIgniter\Boot::bootWeb(Object(Config\Paths))
12 SYSTEMPATH\rewrite.php(44): require_once('C:\\xampp\\htdocs\\assetslte\\public\\index.php')
DEBUG - 2025-07-06 16:24:46 --> Session: Class initialized using 'CodeIgniter\Session\Handlers\FileHandler' driver.
CRITICAL - 2025-07-06 16:24:46 --> ErrorException: Undefined array key "kode_sub_kategori"
[Method: GET, Route: pemakaian]
in APPPATH\Views\pemakaian\pemakaian.php on line 42.
 1 APPPATH\Views\pemakaian\pemakaian.php(42): CodeIgniter\Debug\Exceptions->errorHandler(2, 'Undefined array key "kode_sub_kategori"', 'C:\\xampp\\htdocs\\assetslte\\app\\Views\\pemakaian\\pemakaian.php', 42)
 2 SYSTEMPATH\View\View.php(224): include('C:\\xampp\\htdocs\\assetslte\\app\\Views\\pemakaian\\pemakaian.php')
 3 SYSTEMPATH\View\View.php(227): CodeIgniter\View\View->CodeIgniter\View\{closure}()
 4 SYSTEMPATH\Common.php(1173): CodeIgniter\View\View->render('pemakaian/pemakaian', [], true)
 5 APPPATH\Controllers\PemakaianController.php(43): view('pemakaian/pemakaian', [...])
 6 SYSTEMPATH\CodeIgniter.php(933): App\Controllers\PemakaianController->pemakaian()
 7 SYSTEMPATH\CodeIgniter.php(507): CodeIgniter\CodeIgniter->runController(Object(App\Controllers\PemakaianController))
 8 SYSTEMPATH\CodeIgniter.php(354): CodeIgniter\CodeIgniter->handleRequest(null, Object(Config\Cache), false)
 9 SYSTEMPATH\Boot.php(334): CodeIgniter\CodeIgniter->run()
10 SYSTEMPATH\Boot.php(67): CodeIgniter\Boot::runCodeIgniter(Object(CodeIgniter\CodeIgniter))
11 FCPATH\index.php(56): CodeIgniter\Boot::bootWeb(Object(Config\Paths))
12 SYSTEMPATH\rewrite.php(44): require_once('C:\\xampp\\htdocs\\assetslte\\public\\index.php')
DEBUG - 2025-07-06 16:25:01 --> Session: Class initialized using 'CodeIgniter\Session\Handlers\FileHandler' driver.
CRITICAL - 2025-07-06 16:25:01 --> ErrorException: Undefined array key "kode_sub_kategori"
[Method: GET, Route: pemakaian]
in APPPATH\Views\pemakaian\pemakaian.php on line 42.
 1 APPPATH\Views\pemakaian\pemakaian.php(42): CodeIgniter\Debug\Exceptions->errorHandler(2, 'Undefined array key "kode_sub_kategori"', 'C:\\xampp\\htdocs\\assetslte\\app\\Views\\pemakaian\\pemakaian.php', 42)
 2 SYSTEMPATH\View\View.php(224): include('C:\\xampp\\htdocs\\assetslte\\app\\Views\\pemakaian\\pemakaian.php')
 3 SYSTEMPATH\View\View.php(227): CodeIgniter\View\View->CodeIgniter\View\{closure}()
 4 SYSTEMPATH\Common.php(1173): CodeIgniter\View\View->render('pemakaian/pemakaian', [], true)
 5 APPPATH\Controllers\PemakaianController.php(43): view('pemakaian/pemakaian', [...])
 6 SYSTEMPATH\CodeIgniter.php(933): App\Controllers\PemakaianController->pemakaian()
 7 SYSTEMPATH\CodeIgniter.php(507): CodeIgniter\CodeIgniter->runController(Object(App\Controllers\PemakaianController))
 8 SYSTEMPATH\CodeIgniter.php(354): CodeIgniter\CodeIgniter->handleRequest(null, Object(Config\Cache), false)
 9 SYSTEMPATH\Boot.php(334): CodeIgniter\CodeIgniter->run()
10 SYSTEMPATH\Boot.php(67): CodeIgniter\Boot::runCodeIgniter(Object(CodeIgniter\CodeIgniter))
11 FCPATH\index.php(56): CodeIgniter\Boot::bootWeb(Object(Config\Paths))
12 SYSTEMPATH\rewrite.php(44): require_once('C:\\xampp\\htdocs\\assetslte\\public\\index.php')
DEBUG - 2025-07-06 16:26:27 --> Session: Class initialized using 'CodeIgniter\Session\Handlers\FileHandler' driver.
DEBUG - 2025-07-06 16:26:32 --> Session: Class initialized using 'CodeIgniter\Session\Handlers\FileHandler' driver.
CRITICAL - 2025-07-06 16:26:32 --> ErrorException: Undefined array key "kode_sub_kategori"
[Method: GET, Route: pemakaian]
in APPPATH\Views\pemakaian\pemakaian.php on line 42.
 1 APPPATH\Views\pemakaian\pemakaian.php(42): CodeIgniter\Debug\Exceptions->errorHandler(2, 'Undefined array key "kode_sub_kategori"', 'C:\\xampp\\htdocs\\assetslte\\app\\Views\\pemakaian\\pemakaian.php', 42)
 2 SYSTEMPATH\View\View.php(224): include('C:\\xampp\\htdocs\\assetslte\\app\\Views\\pemakaian\\pemakaian.php')
 3 SYSTEMPATH\View\View.php(227): CodeIgniter\View\View->CodeIgniter\View\{closure}()
 4 SYSTEMPATH\Common.php(1173): CodeIgniter\View\View->render('pemakaian/pemakaian', [], true)
 5 APPPATH\Controllers\PemakaianController.php(43): view('pemakaian/pemakaian', [...])
 6 SYSTEMPATH\CodeIgniter.php(933): App\Controllers\PemakaianController->pemakaian()
 7 SYSTEMPATH\CodeIgniter.php(507): CodeIgniter\CodeIgniter->runController(Object(App\Controllers\PemakaianController))
 8 SYSTEMPATH\CodeIgniter.php(354): CodeIgniter\CodeIgniter->handleRequest(null, Object(Config\Cache), false)
 9 SYSTEMPATH\Boot.php(334): CodeIgniter\CodeIgniter->run()
10 SYSTEMPATH\Boot.php(67): CodeIgniter\Boot::runCodeIgniter(Object(CodeIgniter\CodeIgniter))
11 FCPATH\index.php(56): CodeIgniter\Boot::bootWeb(Object(Config\Paths))
12 SYSTEMPATH\rewrite.php(44): require_once('C:\\xampp\\htdocs\\assetslte\\public\\index.php')
DEBUG - 2025-07-06 16:29:22 --> Session: Class initialized using 'CodeIgniter\Session\Handlers\FileHandler' driver.
CRITICAL - 2025-07-06 16:29:22 --> ErrorException: Undefined array key "kode_sub_kategori"
[Method: GET, Route: pemakaian]
in APPPATH\Views\pemakaian\pemakaian.php on line 42.
 1 APPPATH\Views\pemakaian\pemakaian.php(42): CodeIgniter\Debug\Exceptions->errorHandler(2, 'Undefined array key "kode_sub_kategori"', 'C:\\xampp\\htdocs\\assetslte\\app\\Views\\pemakaian\\pemakaian.php', 42)
 2 SYSTEMPATH\View\View.php(224): include('C:\\xampp\\htdocs\\assetslte\\app\\Views\\pemakaian\\pemakaian.php')
 3 SYSTEMPATH\View\View.php(227): CodeIgniter\View\View->CodeIgniter\View\{closure}()
 4 SYSTEMPATH\Common.php(1173): CodeIgniter\View\View->render('pemakaian/pemakaian', [], true)
 5 APPPATH\Controllers\PemakaianController.php(43): view('pemakaian/pemakaian', [...])
 6 SYSTEMPATH\CodeIgniter.php(933): App\Controllers\PemakaianController->pemakaian()
 7 SYSTEMPATH\CodeIgniter.php(507): CodeIgniter\CodeIgniter->runController(Object(App\Controllers\PemakaianController))
 8 SYSTEMPATH\CodeIgniter.php(354): CodeIgniter\CodeIgniter->handleRequest(null, Object(Config\Cache), false)
 9 SYSTEMPATH\Boot.php(334): CodeIgniter\CodeIgniter->run()
10 SYSTEMPATH\Boot.php(67): CodeIgniter\Boot::runCodeIgniter(Object(CodeIgniter\CodeIgniter))
11 FCPATH\index.php(56): CodeIgniter\Boot::bootWeb(Object(Config\Paths))
12 SYSTEMPATH\rewrite.php(44): require_once('C:\\xampp\\htdocs\\assetslte\\public\\index.php')
DEBUG - 2025-07-06 16:29:25 --> Session: Class initialized using 'CodeIgniter\Session\Handlers\FileHandler' driver.
CRITICAL - 2025-07-06 16:29:25 --> ErrorException: Undefined array key "kode_sub_kategori"
[Method: GET, Route: pemakaian]
in APPPATH\Views\pemakaian\pemakaian.php on line 42.
 1 APPPATH\Views\pemakaian\pemakaian.php(42): CodeIgniter\Debug\Exceptions->errorHandler(2, 'Undefined array key "kode_sub_kategori"', 'C:\\xampp\\htdocs\\assetslte\\app\\Views\\pemakaian\\pemakaian.php', 42)
 2 SYSTEMPATH\View\View.php(224): include('C:\\xampp\\htdocs\\assetslte\\app\\Views\\pemakaian\\pemakaian.php')
 3 SYSTEMPATH\View\View.php(227): CodeIgniter\View\View->CodeIgniter\View\{closure}()
 4 SYSTEMPATH\Common.php(1173): CodeIgniter\View\View->render('pemakaian/pemakaian', [], true)
 5 APPPATH\Controllers\PemakaianController.php(43): view('pemakaian/pemakaian', [...])
 6 SYSTEMPATH\CodeIgniter.php(933): App\Controllers\PemakaianController->pemakaian()
 7 SYSTEMPATH\CodeIgniter.php(507): CodeIgniter\CodeIgniter->runController(Object(App\Controllers\PemakaianController))
 8 SYSTEMPATH\CodeIgniter.php(354): CodeIgniter\CodeIgniter->handleRequest(null, Object(Config\Cache), false)
 9 SYSTEMPATH\Boot.php(334): CodeIgniter\CodeIgniter->run()
10 SYSTEMPATH\Boot.php(67): CodeIgniter\Boot::runCodeIgniter(Object(CodeIgniter\CodeIgniter))
11 FCPATH\index.php(56): CodeIgniter\Boot::bootWeb(Object(Config\Paths))
12 SYSTEMPATH\rewrite.php(44): require_once('C:\\xampp\\htdocs\\assetslte\\public\\index.php')
DEBUG - 2025-07-06 16:30:24 --> Session: Class initialized using 'CodeIgniter\Session\Handlers\FileHandler' driver.
CRITICAL - 2025-07-06 16:30:24 --> ErrorException: Undefined array key "kode_sub_kategori"
[Method: GET, Route: pemakaian]
in APPPATH\Views\pemakaian\pemakaian.php on line 42.
 1 APPPATH\Views\pemakaian\pemakaian.php(42): CodeIgniter\Debug\Exceptions->errorHandler(2, 'Undefined array key "kode_sub_kategori"', 'C:\\xampp\\htdocs\\assetslte\\app\\Views\\pemakaian\\pemakaian.php', 42)
 2 SYSTEMPATH\View\View.php(224): include('C:\\xampp\\htdocs\\assetslte\\app\\Views\\pemakaian\\pemakaian.php')
 3 SYSTEMPATH\View\View.php(227): CodeIgniter\View\View->CodeIgniter\View\{closure}()
 4 SYSTEMPATH\Common.php(1173): CodeIgniter\View\View->render('pemakaian/pemakaian', [], true)
 5 APPPATH\Controllers\PemakaianController.php(43): view('pemakaian/pemakaian', [...])
 6 SYSTEMPATH\CodeIgniter.php(933): App\Controllers\PemakaianController->pemakaian()
 7 SYSTEMPATH\CodeIgniter.php(507): CodeIgniter\CodeIgniter->runController(Object(App\Controllers\PemakaianController))
 8 SYSTEMPATH\CodeIgniter.php(354): CodeIgniter\CodeIgniter->handleRequest(null, Object(Config\Cache), false)
 9 SYSTEMPATH\Boot.php(334): CodeIgniter\CodeIgniter->run()
10 SYSTEMPATH\Boot.php(67): CodeIgniter\Boot::runCodeIgniter(Object(CodeIgniter\CodeIgniter))
11 FCPATH\index.php(56): CodeIgniter\Boot::bootWeb(Object(Config\Paths))
12 SYSTEMPATH\rewrite.php(44): require_once('C:\\xampp\\htdocs\\assetslte\\public\\index.php')
DEBUG - 2025-07-06 16:31:01 --> Session: Class initialized using 'CodeIgniter\Session\Handlers\FileHandler' driver.
CRITICAL - 2025-07-06 16:31:01 --> ErrorException: Undefined array key "kode_sub_kategori"
[Method: GET, Route: pemakaian]
in APPPATH\Views\pemakaian\pemakaian.php on line 42.
 1 APPPATH\Views\pemakaian\pemakaian.php(42): CodeIgniter\Debug\Exceptions->errorHandler(2, 'Undefined array key "kode_sub_kategori"', 'C:\\xampp\\htdocs\\assetslte\\app\\Views\\pemakaian\\pemakaian.php', 42)
 2 SYSTEMPATH\View\View.php(224): include('C:\\xampp\\htdocs\\assetslte\\app\\Views\\pemakaian\\pemakaian.php')
 3 SYSTEMPATH\View\View.php(227): CodeIgniter\View\View->CodeIgniter\View\{closure}()
 4 SYSTEMPATH\Common.php(1173): CodeIgniter\View\View->render('pemakaian/pemakaian', [], true)
 5 APPPATH\Controllers\PemakaianController.php(43): view('pemakaian/pemakaian', [...])
 6 SYSTEMPATH\CodeIgniter.php(933): App\Controllers\PemakaianController->pemakaian()
 7 SYSTEMPATH\CodeIgniter.php(507): CodeIgniter\CodeIgniter->runController(Object(App\Controllers\PemakaianController))
 8 SYSTEMPATH\CodeIgniter.php(354): CodeIgniter\CodeIgniter->handleRequest(null, Object(Config\Cache), false)
 9 SYSTEMPATH\Boot.php(334): CodeIgniter\CodeIgniter->run()
10 SYSTEMPATH\Boot.php(67): CodeIgniter\Boot::runCodeIgniter(Object(CodeIgniter\CodeIgniter))
11 FCPATH\index.php(56): CodeIgniter\Boot::bootWeb(Object(Config\Paths))
12 SYSTEMPATH\rewrite.php(44): require_once('C:\\xampp\\htdocs\\assetslte\\public\\index.php')
DEBUG - 2025-07-06 16:31:02 --> Session: Class initialized using 'CodeIgniter\Session\Handlers\FileHandler' driver.
CRITICAL - 2025-07-06 16:31:02 --> ErrorException: Undefined array key "kode_sub_kategori"
[Method: GET, Route: pemakaian]
in APPPATH\Views\pemakaian\pemakaian.php on line 42.
 1 APPPATH\Views\pemakaian\pemakaian.php(42): CodeIgniter\Debug\Exceptions->errorHandler(2, 'Undefined array key "kode_sub_kategori"', 'C:\\xampp\\htdocs\\assetslte\\app\\Views\\pemakaian\\pemakaian.php', 42)
 2 SYSTEMPATH\View\View.php(224): include('C:\\xampp\\htdocs\\assetslte\\app\\Views\\pemakaian\\pemakaian.php')
 3 SYSTEMPATH\View\View.php(227): CodeIgniter\View\View->CodeIgniter\View\{closure}()
 4 SYSTEMPATH\Common.php(1173): CodeIgniter\View\View->render('pemakaian/pemakaian', [], true)
 5 APPPATH\Controllers\PemakaianController.php(43): view('pemakaian/pemakaian', [...])
 6 SYSTEMPATH\CodeIgniter.php(933): App\Controllers\PemakaianController->pemakaian()
 7 SYSTEMPATH\CodeIgniter.php(507): CodeIgniter\CodeIgniter->runController(Object(App\Controllers\PemakaianController))
 8 SYSTEMPATH\CodeIgniter.php(354): CodeIgniter\CodeIgniter->handleRequest(null, Object(Config\Cache), false)
 9 SYSTEMPATH\Boot.php(334): CodeIgniter\CodeIgniter->run()
10 SYSTEMPATH\Boot.php(67): CodeIgniter\Boot::runCodeIgniter(Object(CodeIgniter\CodeIgniter))
11 FCPATH\index.php(56): CodeIgniter\Boot::bootWeb(Object(Config\Paths))
12 SYSTEMPATH\rewrite.php(44): require_once('C:\\xampp\\htdocs\\assetslte\\public\\index.php')
DEBUG - 2025-07-06 16:31:02 --> Session: Class initialized using 'CodeIgniter\Session\Handlers\FileHandler' driver.
CRITICAL - 2025-07-06 16:31:02 --> ErrorException: Undefined array key "kode_sub_kategori"
[Method: GET, Route: pemakaian]
in APPPATH\Views\pemakaian\pemakaian.php on line 42.
 1 APPPATH\Views\pemakaian\pemakaian.php(42): CodeIgniter\Debug\Exceptions->errorHandler(2, 'Undefined array key "kode_sub_kategori"', 'C:\\xampp\\htdocs\\assetslte\\app\\Views\\pemakaian\\pemakaian.php', 42)
 2 SYSTEMPATH\View\View.php(224): include('C:\\xampp\\htdocs\\assetslte\\app\\Views\\pemakaian\\pemakaian.php')
 3 SYSTEMPATH\View\View.php(227): CodeIgniter\View\View->CodeIgniter\View\{closure}()
 4 SYSTEMPATH\Common.php(1173): CodeIgniter\View\View->render('pemakaian/pemakaian', [], true)
 5 APPPATH\Controllers\PemakaianController.php(43): view('pemakaian/pemakaian', [...])
 6 SYSTEMPATH\CodeIgniter.php(933): App\Controllers\PemakaianController->pemakaian()
 7 SYSTEMPATH\CodeIgniter.php(507): CodeIgniter\CodeIgniter->runController(Object(App\Controllers\PemakaianController))
 8 SYSTEMPATH\CodeIgniter.php(354): CodeIgniter\CodeIgniter->handleRequest(null, Object(Config\Cache), false)
 9 SYSTEMPATH\Boot.php(334): CodeIgniter\CodeIgniter->run()
10 SYSTEMPATH\Boot.php(67): CodeIgniter\Boot::runCodeIgniter(Object(CodeIgniter\CodeIgniter))
11 FCPATH\index.php(56): CodeIgniter\Boot::bootWeb(Object(Config\Paths))
12 SYSTEMPATH\rewrite.php(44): require_once('C:\\xampp\\htdocs\\assetslte\\public\\index.php')
DEBUG - 2025-07-06 16:31:03 --> Session: Class initialized using 'CodeIgniter\Session\Handlers\FileHandler' driver.
CRITICAL - 2025-07-06 16:31:03 --> ErrorException: Undefined array key "kode_sub_kategori"
[Method: GET, Route: pemakaian]
in APPPATH\Views\pemakaian\pemakaian.php on line 42.
 1 APPPATH\Views\pemakaian\pemakaian.php(42): CodeIgniter\Debug\Exceptions->errorHandler(2, 'Undefined array key "kode_sub_kategori"', 'C:\\xampp\\htdocs\\assetslte\\app\\Views\\pemakaian\\pemakaian.php', 42)
 2 SYSTEMPATH\View\View.php(224): include('C:\\xampp\\htdocs\\assetslte\\app\\Views\\pemakaian\\pemakaian.php')
 3 SYSTEMPATH\View\View.php(227): CodeIgniter\View\View->CodeIgniter\View\{closure}()
 4 SYSTEMPATH\Common.php(1173): CodeIgniter\View\View->render('pemakaian/pemakaian', [], true)
 5 APPPATH\Controllers\PemakaianController.php(43): view('pemakaian/pemakaian', [...])
 6 SYSTEMPATH\CodeIgniter.php(933): App\Controllers\PemakaianController->pemakaian()
 7 SYSTEMPATH\CodeIgniter.php(507): CodeIgniter\CodeIgniter->runController(Object(App\Controllers\PemakaianController))
 8 SYSTEMPATH\CodeIgniter.php(354): CodeIgniter\CodeIgniter->handleRequest(null, Object(Config\Cache), false)
 9 SYSTEMPATH\Boot.php(334): CodeIgniter\CodeIgniter->run()
10 SYSTEMPATH\Boot.php(67): CodeIgniter\Boot::runCodeIgniter(Object(CodeIgniter\CodeIgniter))
11 FCPATH\index.php(56): CodeIgniter\Boot::bootWeb(Object(Config\Paths))
12 SYSTEMPATH\rewrite.php(44): require_once('C:\\xampp\\htdocs\\assetslte\\public\\index.php')
DEBUG - 2025-07-06 16:31:03 --> Session: Class initialized using 'CodeIgniter\Session\Handlers\FileHandler' driver.
CRITICAL - 2025-07-06 16:31:03 --> ErrorException: Undefined array key "kode_sub_kategori"
[Method: GET, Route: pemakaian]
in APPPATH\Views\pemakaian\pemakaian.php on line 42.
 1 APPPATH\Views\pemakaian\pemakaian.php(42): CodeIgniter\Debug\Exceptions->errorHandler(2, 'Undefined array key "kode_sub_kategori"', 'C:\\xampp\\htdocs\\assetslte\\app\\Views\\pemakaian\\pemakaian.php', 42)
 2 SYSTEMPATH\View\View.php(224): include('C:\\xampp\\htdocs\\assetslte\\app\\Views\\pemakaian\\pemakaian.php')
 3 SYSTEMPATH\View\View.php(227): CodeIgniter\View\View->CodeIgniter\View\{closure}()
 4 SYSTEMPATH\Common.php(1173): CodeIgniter\View\View->render('pemakaian/pemakaian', [], true)
 5 APPPATH\Controllers\PemakaianController.php(43): view('pemakaian/pemakaian', [...])
 6 SYSTEMPATH\CodeIgniter.php(933): App\Controllers\PemakaianController->pemakaian()
 7 SYSTEMPATH\CodeIgniter.php(507): CodeIgniter\CodeIgniter->runController(Object(App\Controllers\PemakaianController))
 8 SYSTEMPATH\CodeIgniter.php(354): CodeIgniter\CodeIgniter->handleRequest(null, Object(Config\Cache), false)
 9 SYSTEMPATH\Boot.php(334): CodeIgniter\CodeIgniter->run()
10 SYSTEMPATH\Boot.php(67): CodeIgniter\Boot::runCodeIgniter(Object(CodeIgniter\CodeIgniter))
11 FCPATH\index.php(56): CodeIgniter\Boot::bootWeb(Object(Config\Paths))
12 SYSTEMPATH\rewrite.php(44): require_once('C:\\xampp\\htdocs\\assetslte\\public\\index.php')
DEBUG - 2025-07-06 16:31:03 --> Session: Class initialized using 'CodeIgniter\Session\Handlers\FileHandler' driver.
CRITICAL - 2025-07-06 16:31:03 --> ErrorException: Undefined array key "kode_sub_kategori"
[Method: GET, Route: pemakaian]
in APPPATH\Views\pemakaian\pemakaian.php on line 42.
 1 APPPATH\Views\pemakaian\pemakaian.php(42): CodeIgniter\Debug\Exceptions->errorHandler(2, 'Undefined array key "kode_sub_kategori"', 'C:\\xampp\\htdocs\\assetslte\\app\\Views\\pemakaian\\pemakaian.php', 42)
 2 SYSTEMPATH\View\View.php(224): include('C:\\xampp\\htdocs\\assetslte\\app\\Views\\pemakaian\\pemakaian.php')
 3 SYSTEMPATH\View\View.php(227): CodeIgniter\View\View->CodeIgniter\View\{closure}()
 4 SYSTEMPATH\Common.php(1173): CodeIgniter\View\View->render('pemakaian/pemakaian', [], true)
 5 APPPATH\Controllers\PemakaianController.php(43): view('pemakaian/pemakaian', [...])
 6 SYSTEMPATH\CodeIgniter.php(933): App\Controllers\PemakaianController->pemakaian()
 7 SYSTEMPATH\CodeIgniter.php(507): CodeIgniter\CodeIgniter->runController(Object(App\Controllers\PemakaianController))
 8 SYSTEMPATH\CodeIgniter.php(354): CodeIgniter\CodeIgniter->handleRequest(null, Object(Config\Cache), false)
 9 SYSTEMPATH\Boot.php(334): CodeIgniter\CodeIgniter->run()
10 SYSTEMPATH\Boot.php(67): CodeIgniter\Boot::runCodeIgniter(Object(CodeIgniter\CodeIgniter))
11 FCPATH\index.php(56): CodeIgniter\Boot::bootWeb(Object(Config\Paths))
12 SYSTEMPATH\rewrite.php(44): require_once('C:\\xampp\\htdocs\\assetslte\\public\\index.php')
DEBUG - 2025-07-06 16:31:04 --> Session: Class initialized using 'CodeIgniter\Session\Handlers\FileHandler' driver.
CRITICAL - 2025-07-06 16:31:04 --> ErrorException: Undefined array key "kode_sub_kategori"
[Method: GET, Route: pemakaian]
in APPPATH\Views\pemakaian\pemakaian.php on line 42.
 1 APPPATH\Views\pemakaian\pemakaian.php(42): CodeIgniter\Debug\Exceptions->errorHandler(2, 'Undefined array key "kode_sub_kategori"', 'C:\\xampp\\htdocs\\assetslte\\app\\Views\\pemakaian\\pemakaian.php', 42)
 2 SYSTEMPATH\View\View.php(224): include('C:\\xampp\\htdocs\\assetslte\\app\\Views\\pemakaian\\pemakaian.php')
 3 SYSTEMPATH\View\View.php(227): CodeIgniter\View\View->CodeIgniter\View\{closure}()
 4 SYSTEMPATH\Common.php(1173): CodeIgniter\View\View->render('pemakaian/pemakaian', [], true)
 5 APPPATH\Controllers\PemakaianController.php(43): view('pemakaian/pemakaian', [...])
 6 SYSTEMPATH\CodeIgniter.php(933): App\Controllers\PemakaianController->pemakaian()
 7 SYSTEMPATH\CodeIgniter.php(507): CodeIgniter\CodeIgniter->runController(Object(App\Controllers\PemakaianController))
 8 SYSTEMPATH\CodeIgniter.php(354): CodeIgniter\CodeIgniter->handleRequest(null, Object(Config\Cache), false)
 9 SYSTEMPATH\Boot.php(334): CodeIgniter\CodeIgniter->run()
10 SYSTEMPATH\Boot.php(67): CodeIgniter\Boot::runCodeIgniter(Object(CodeIgniter\CodeIgniter))
11 FCPATH\index.php(56): CodeIgniter\Boot::bootWeb(Object(Config\Paths))
12 SYSTEMPATH\rewrite.php(44): require_once('C:\\xampp\\htdocs\\assetslte\\public\\index.php')
DEBUG - 2025-07-06 16:32:22 --> Session: Class initialized using 'CodeIgniter\Session\Handlers\FileHandler' driver.
CRITICAL - 2025-07-06 16:32:22 --> ErrorException: Undefined array key "kode_sub_kategori"
[Method: GET, Route: pemakaian]
in APPPATH\Views\pemakaian\pemakaian.php on line 42.
 1 APPPATH\Views\pemakaian\pemakaian.php(42): CodeIgniter\Debug\Exceptions->errorHandler(2, 'Undefined array key "kode_sub_kategori"', 'C:\\xampp\\htdocs\\assetslte\\app\\Views\\pemakaian\\pemakaian.php', 42)
 2 SYSTEMPATH\View\View.php(224): include('C:\\xampp\\htdocs\\assetslte\\app\\Views\\pemakaian\\pemakaian.php')
 3 SYSTEMPATH\View\View.php(227): CodeIgniter\View\View->CodeIgniter\View\{closure}()
 4 SYSTEMPATH\Common.php(1173): CodeIgniter\View\View->render('pemakaian/pemakaian', [], true)
 5 APPPATH\Controllers\PemakaianController.php(43): view('pemakaian/pemakaian', [...])
 6 SYSTEMPATH\CodeIgniter.php(933): App\Controllers\PemakaianController->pemakaian()
 7 SYSTEMPATH\CodeIgniter.php(507): CodeIgniter\CodeIgniter->runController(Object(App\Controllers\PemakaianController))
 8 SYSTEMPATH\CodeIgniter.php(354): CodeIgniter\CodeIgniter->handleRequest(null, Object(Config\Cache), false)
 9 SYSTEMPATH\Boot.php(334): CodeIgniter\CodeIgniter->run()
10 SYSTEMPATH\Boot.php(67): CodeIgniter\Boot::runCodeIgniter(Object(CodeIgniter\CodeIgniter))
11 FCPATH\index.php(56): CodeIgniter\Boot::bootWeb(Object(Config\Paths))
12 SYSTEMPATH\rewrite.php(44): require_once('C:\\xampp\\htdocs\\assetslte\\public\\index.php')
DEBUG - 2025-07-06 16:32:24 --> Session: Class initialized using 'CodeIgniter\Session\Handlers\FileHandler' driver.
CRITICAL - 2025-07-06 16:32:24 --> ErrorException: Undefined array key "kode_sub_kategori"
[Method: GET, Route: pemakaian]
in APPPATH\Views\pemakaian\pemakaian.php on line 42.
 1 APPPATH\Views\pemakaian\pemakaian.php(42): CodeIgniter\Debug\Exceptions->errorHandler(2, 'Undefined array key "kode_sub_kategori"', 'C:\\xampp\\htdocs\\assetslte\\app\\Views\\pemakaian\\pemakaian.php', 42)
 2 SYSTEMPATH\View\View.php(224): include('C:\\xampp\\htdocs\\assetslte\\app\\Views\\pemakaian\\pemakaian.php')
 3 SYSTEMPATH\View\View.php(227): CodeIgniter\View\View->CodeIgniter\View\{closure}()
 4 SYSTEMPATH\Common.php(1173): CodeIgniter\View\View->render('pemakaian/pemakaian', [], true)
 5 APPPATH\Controllers\PemakaianController.php(43): view('pemakaian/pemakaian', [...])
 6 SYSTEMPATH\CodeIgniter.php(933): App\Controllers\PemakaianController->pemakaian()
 7 SYSTEMPATH\CodeIgniter.php(507): CodeIgniter\CodeIgniter->runController(Object(App\Controllers\PemakaianController))
 8 SYSTEMPATH\CodeIgniter.php(354): CodeIgniter\CodeIgniter->handleRequest(null, Object(Config\Cache), false)
 9 SYSTEMPATH\Boot.php(334): CodeIgniter\CodeIgniter->run()
10 SYSTEMPATH\Boot.php(67): CodeIgniter\Boot::runCodeIgniter(Object(CodeIgniter\CodeIgniter))
11 FCPATH\index.php(56): CodeIgniter\Boot::bootWeb(Object(Config\Paths))
12 SYSTEMPATH\rewrite.php(44): require_once('C:\\xampp\\htdocs\\assetslte\\public\\index.php')
DEBUG - 2025-07-06 16:32:25 --> Session: Class initialized using 'CodeIgniter\Session\Handlers\FileHandler' driver.
CRITICAL - 2025-07-06 16:32:26 --> ErrorException: Undefined array key "kode_sub_kategori"
[Method: GET, Route: pemakaian]
in APPPATH\Views\pemakaian\pemakaian.php on line 42.
 1 APPPATH\Views\pemakaian\pemakaian.php(42): CodeIgniter\Debug\Exceptions->errorHandler(2, 'Undefined array key "kode_sub_kategori"', 'C:\\xampp\\htdocs\\assetslte\\app\\Views\\pemakaian\\pemakaian.php', 42)
 2 SYSTEMPATH\View\View.php(224): include('C:\\xampp\\htdocs\\assetslte\\app\\Views\\pemakaian\\pemakaian.php')
 3 SYSTEMPATH\View\View.php(227): CodeIgniter\View\View->CodeIgniter\View\{closure}()
 4 SYSTEMPATH\Common.php(1173): CodeIgniter\View\View->render('pemakaian/pemakaian', [], true)
 5 APPPATH\Controllers\PemakaianController.php(43): view('pemakaian/pemakaian', [...])
 6 SYSTEMPATH\CodeIgniter.php(933): App\Controllers\PemakaianController->pemakaian()
 7 SYSTEMPATH\CodeIgniter.php(507): CodeIgniter\CodeIgniter->runController(Object(App\Controllers\PemakaianController))
 8 SYSTEMPATH\CodeIgniter.php(354): CodeIgniter\CodeIgniter->handleRequest(null, Object(Config\Cache), false)
 9 SYSTEMPATH\Boot.php(334): CodeIgniter\CodeIgniter->run()
10 SYSTEMPATH\Boot.php(67): CodeIgniter\Boot::runCodeIgniter(Object(CodeIgniter\CodeIgniter))
11 FCPATH\index.php(56): CodeIgniter\Boot::bootWeb(Object(Config\Paths))
12 SYSTEMPATH\rewrite.php(44): require_once('C:\\xampp\\htdocs\\assetslte\\public\\index.php')
DEBUG - 2025-07-06 16:46:09 --> Session: Class initialized using 'CodeIgniter\Session\Handlers\FileHandler' driver.
CRITICAL - 2025-07-06 16:46:09 --> ErrorException: Undefined array key "kode_sub_kategori"
[Method: GET, Route: pemakaian]
in APPPATH\Views\pemakaian\pemakaian.php on line 42.
 1 APPPATH\Views\pemakaian\pemakaian.php(42): CodeIgniter\Debug\Exceptions->errorHandler(2, 'Undefined array key "kode_sub_kategori"', 'C:\\xampp\\htdocs\\assetslte\\app\\Views\\pemakaian\\pemakaian.php', 42)
 2 SYSTEMPATH\View\View.php(224): include('C:\\xampp\\htdocs\\assetslte\\app\\Views\\pemakaian\\pemakaian.php')
 3 SYSTEMPATH\View\View.php(227): CodeIgniter\View\View->CodeIgniter\View\{closure}()
 4 SYSTEMPATH\Common.php(1173): CodeIgniter\View\View->render('pemakaian/pemakaian', [], true)
 5 APPPATH\Controllers\PemakaianController.php(43): view('pemakaian/pemakaian', [...])
 6 SYSTEMPATH\CodeIgniter.php(933): App\Controllers\PemakaianController->pemakaian()
 7 SYSTEMPATH\CodeIgniter.php(507): CodeIgniter\CodeIgniter->runController(Object(App\Controllers\PemakaianController))
 8 SYSTEMPATH\CodeIgniter.php(354): CodeIgniter\CodeIgniter->handleRequest(null, Object(Config\Cache), false)
 9 SYSTEMPATH\Boot.php(334): CodeIgniter\CodeIgniter->run()
10 SYSTEMPATH\Boot.php(67): CodeIgniter\Boot::runCodeIgniter(Object(CodeIgniter\CodeIgniter))
11 FCPATH\index.php(56): CodeIgniter\Boot::bootWeb(Object(Config\Paths))
12 SYSTEMPATH\rewrite.php(44): require_once('C:\\xampp\\htdocs\\assetslte\\public\\index.php')
DEBUG - 2025-07-06 16:46:12 --> Session: Class initialized using 'CodeIgniter\Session\Handlers\FileHandler' driver.
CRITICAL - 2025-07-06 16:46:12 --> ErrorException: Undefined array key "kode_sub_kategori"
[Method: GET, Route: pemakaian]
in APPPATH\Views\pemakaian\pemakaian.php on line 42.
 1 APPPATH\Views\pemakaian\pemakaian.php(42): CodeIgniter\Debug\Exceptions->errorHandler(2, 'Undefined array key "kode_sub_kategori"', 'C:\\xampp\\htdocs\\assetslte\\app\\Views\\pemakaian\\pemakaian.php', 42)
 2 SYSTEMPATH\View\View.php(224): include('C:\\xampp\\htdocs\\assetslte\\app\\Views\\pemakaian\\pemakaian.php')
 3 SYSTEMPATH\View\View.php(227): CodeIgniter\View\View->CodeIgniter\View\{closure}()
 4 SYSTEMPATH\Common.php(1173): CodeIgniter\View\View->render('pemakaian/pemakaian', [], true)
 5 APPPATH\Controllers\PemakaianController.php(43): view('pemakaian/pemakaian', [...])
 6 SYSTEMPATH\CodeIgniter.php(933): App\Controllers\PemakaianController->pemakaian()
 7 SYSTEMPATH\CodeIgniter.php(507): CodeIgniter\CodeIgniter->runController(Object(App\Controllers\PemakaianController))
 8 SYSTEMPATH\CodeIgniter.php(354): CodeIgniter\CodeIgniter->handleRequest(null, Object(Config\Cache), false)
 9 SYSTEMPATH\Boot.php(334): CodeIgniter\CodeIgniter->run()
10 SYSTEMPATH\Boot.php(67): CodeIgniter\Boot::runCodeIgniter(Object(CodeIgniter\CodeIgniter))
11 FCPATH\index.php(56): CodeIgniter\Boot::bootWeb(Object(Config\Paths))
12 SYSTEMPATH\rewrite.php(44): require_once('C:\\xampp\\htdocs\\assetslte\\public\\index.php')
DEBUG - 2025-07-06 16:46:36 --> Session: Class initialized using 'CodeIgniter\Session\Handlers\FileHandler' driver.
DEBUG - 2025-07-06 16:46:42 --> Session: Class initialized using 'CodeIgniter\Session\Handlers\FileHandler' driver.
CRITICAL - 2025-07-06 16:46:42 --> ErrorException: Undefined array key "kode_sub_kategori"
[Method: GET, Route: pemakaian]
in APPPATH\Views\pemakaian\pemakaian.php on line 42.
 1 APPPATH\Views\pemakaian\pemakaian.php(42): CodeIgniter\Debug\Exceptions->errorHandler(2, 'Undefined array key "kode_sub_kategori"', 'C:\\xampp\\htdocs\\assetslte\\app\\Views\\pemakaian\\pemakaian.php', 42)
 2 SYSTEMPATH\View\View.php(224): include('C:\\xampp\\htdocs\\assetslte\\app\\Views\\pemakaian\\pemakaian.php')
 3 SYSTEMPATH\View\View.php(227): CodeIgniter\View\View->CodeIgniter\View\{closure}()
 4 SYSTEMPATH\Common.php(1173): CodeIgniter\View\View->render('pemakaian/pemakaian', [], true)
 5 APPPATH\Controllers\PemakaianController.php(43): view('pemakaian/pemakaian', [...])
 6 SYSTEMPATH\CodeIgniter.php(933): App\Controllers\PemakaianController->pemakaian()
 7 SYSTEMPATH\CodeIgniter.php(507): CodeIgniter\CodeIgniter->runController(Object(App\Controllers\PemakaianController))
 8 SYSTEMPATH\CodeIgniter.php(354): CodeIgniter\CodeIgniter->handleRequest(null, Object(Config\Cache), false)
 9 SYSTEMPATH\Boot.php(334): CodeIgniter\CodeIgniter->run()
10 SYSTEMPATH\Boot.php(67): CodeIgniter\Boot::runCodeIgniter(Object(CodeIgniter\CodeIgniter))
11 FCPATH\index.php(56): CodeIgniter\Boot::bootWeb(Object(Config\Paths))
12 SYSTEMPATH\rewrite.php(44): require_once('C:\\xampp\\htdocs\\assetslte\\public\\index.php')
DEBUG - 2025-07-06 16:46:50 --> Session: Class initialized using 'CodeIgniter\Session\Handlers\FileHandler' driver.
DEBUG - 2025-07-06 16:57:44 --> Session: Class initialized using 'CodeIgniter\Session\Handlers\FileHandler' driver.
DEBUG - 2025-07-06 16:57:45 --> Session: Class initialized using 'CodeIgniter\Session\Handlers\FileHandler' driver.
DEBUG - 2025-07-06 16:57:48 --> Session: Class initialized using 'CodeIgniter\Session\Handlers\FileHandler' driver.
CRITICAL - 2025-07-06 16:57:48 --> ErrorException: Undefined array key "kode_sub_kategori"
[Method: GET, Route: pemakaian]
in APPPATH\Views\pemakaian\pemakaian.php on line 42.
 1 APPPATH\Views\pemakaian\pemakaian.php(42): CodeIgniter\Debug\Exceptions->errorHandler(2, 'Undefined array key "kode_sub_kategori"', 'C:\\xampp\\htdocs\\assetslte\\app\\Views\\pemakaian\\pemakaian.php', 42)
 2 SYSTEMPATH\View\View.php(224): include('C:\\xampp\\htdocs\\assetslte\\app\\Views\\pemakaian\\pemakaian.php')
 3 SYSTEMPATH\View\View.php(227): CodeIgniter\View\View->CodeIgniter\View\{closure}()
 4 SYSTEMPATH\Common.php(1173): CodeIgniter\View\View->render('pemakaian/pemakaian', [], true)
 5 APPPATH\Controllers\PemakaianController.php(43): view('pemakaian/pemakaian', [...])
 6 SYSTEMPATH\CodeIgniter.php(933): App\Controllers\PemakaianController->pemakaian()
 7 SYSTEMPATH\CodeIgniter.php(507): CodeIgniter\CodeIgniter->runController(Object(App\Controllers\PemakaianController))
 8 SYSTEMPATH\CodeIgniter.php(354): CodeIgniter\CodeIgniter->handleRequest(null, Object(Config\Cache), false)
 9 SYSTEMPATH\Boot.php(334): CodeIgniter\CodeIgniter->run()
10 SYSTEMPATH\Boot.php(67): CodeIgniter\Boot::runCodeIgniter(Object(CodeIgniter\CodeIgniter))
11 FCPATH\index.php(56): CodeIgniter\Boot::bootWeb(Object(Config\Paths))
12 SYSTEMPATH\rewrite.php(44): require_once('C:\\xampp\\htdocs\\assetslte\\public\\index.php')
DEBUG - 2025-07-06 17:00:36 --> Session: Class initialized using 'CodeIgniter\Session\Handlers\FileHandler' driver.
CRITICAL - 2025-07-06 17:00:36 --> ParseError: syntax error, unexpected variable "$post"
[Method: GET, Route: pemakaian]
in APPPATH\Controllers\PemakaianController.php on line 97.
 1 SYSTEMPATH\Autoloader\Autoloader.php(295): CodeIgniter\Autoloader\Autoloader->includeFile('C:\\xampp\\htdocs\\assetslte\\app\\Controllers\\PemakaianController.php')
 2 SYSTEMPATH\Autoloader\Autoloader.php(271): CodeIgniter\Autoloader\Autoloader->loadInNamespace('App\\Controllers\\PemakaianController')
 3 [internal function]: CodeIgniter\Autoloader\Autoloader->loadClass('App\\Controllers\\PemakaianController')
 4 SYSTEMPATH\CodeIgniter.php(885): class_exists('\\App\\Controllers\\PemakaianController', true)
 5 SYSTEMPATH\CodeIgniter.php(494): CodeIgniter\CodeIgniter->startController()
 6 SYSTEMPATH\CodeIgniter.php(354): CodeIgniter\CodeIgniter->handleRequest(null, Object(Config\Cache), false)
 7 SYSTEMPATH\Boot.php(334): CodeIgniter\CodeIgniter->run()
 8 SYSTEMPATH\Boot.php(67): CodeIgniter\Boot::runCodeIgniter(Object(CodeIgniter\CodeIgniter))
 9 FCPATH\index.php(56): CodeIgniter\Boot::bootWeb(Object(Config\Paths))
10 SYSTEMPATH\rewrite.php(44): require_once('C:\\xampp\\htdocs\\assetslte\\public\\index.php')
DEBUG - 2025-07-06 17:00:51 --> Session: Class initialized using 'CodeIgniter\Session\Handlers\FileHandler' driver.
CRITICAL - 2025-07-06 17:00:51 --> ErrorException: Undefined array key "kode_sub_kategori"
[Method: GET, Route: pemakaian]
in APPPATH\Views\pemakaian\pemakaian.php on line 42.
 1 APPPATH\Views\pemakaian\pemakaian.php(42): CodeIgniter\Debug\Exceptions->errorHandler(2, 'Undefined array key "kode_sub_kategori"', 'C:\\xampp\\htdocs\\assetslte\\app\\Views\\pemakaian\\pemakaian.php', 42)
 2 SYSTEMPATH\View\View.php(224): include('C:\\xampp\\htdocs\\assetslte\\app\\Views\\pemakaian\\pemakaian.php')
 3 SYSTEMPATH\View\View.php(227): CodeIgniter\View\View->CodeIgniter\View\{closure}()
 4 SYSTEMPATH\Common.php(1173): CodeIgniter\View\View->render('pemakaian/pemakaian', [], true)
 5 APPPATH\Controllers\PemakaianController.php(43): view('pemakaian/pemakaian', [...])
 6 SYSTEMPATH\CodeIgniter.php(933): App\Controllers\PemakaianController->pemakaian()
 7 SYSTEMPATH\CodeIgniter.php(507): CodeIgniter\CodeIgniter->runController(Object(App\Controllers\PemakaianController))
 8 SYSTEMPATH\CodeIgniter.php(354): CodeIgniter\CodeIgniter->handleRequest(null, Object(Config\Cache), false)
 9 SYSTEMPATH\Boot.php(334): CodeIgniter\CodeIgniter->run()
10 SYSTEMPATH\Boot.php(67): CodeIgniter\Boot::runCodeIgniter(Object(CodeIgniter\CodeIgniter))
11 FCPATH\index.php(56): CodeIgniter\Boot::bootWeb(Object(Config\Paths))
12 SYSTEMPATH\rewrite.php(44): require_once('C:\\xampp\\htdocs\\assetslte\\public\\index.php')
DEBUG - 2025-07-06 17:02:41 --> Session: Class initialized using 'CodeIgniter\Session\Handlers\FileHandler' driver.
CRITICAL - 2025-07-06 17:02:41 --> ErrorException: Undefined array key "kode_sub_kategori"
[Method: GET, Route: pemakaian]
in APPPATH\Views\pemakaian\pemakaian.php on line 42.
 1 APPPATH\Views\pemakaian\pemakaian.php(42): CodeIgniter\Debug\Exceptions->errorHandler(2, 'Undefined array key "kode_sub_kategori"', 'C:\\xampp\\htdocs\\assetslte\\app\\Views\\pemakaian\\pemakaian.php', 42)
 2 SYSTEMPATH\View\View.php(224): include('C:\\xampp\\htdocs\\assetslte\\app\\Views\\pemakaian\\pemakaian.php')
 3 SYSTEMPATH\View\View.php(227): CodeIgniter\View\View->CodeIgniter\View\{closure}()
 4 SYSTEMPATH\Common.php(1173): CodeIgniter\View\View->render('pemakaian/pemakaian', [], true)
 5 APPPATH\Controllers\PemakaianController.php(43): view('pemakaian/pemakaian', [...])
 6 SYSTEMPATH\CodeIgniter.php(933): App\Controllers\PemakaianController->pemakaian()
 7 SYSTEMPATH\CodeIgniter.php(507): CodeIgniter\CodeIgniter->runController(Object(App\Controllers\PemakaianController))
 8 SYSTEMPATH\CodeIgniter.php(354): CodeIgniter\CodeIgniter->handleRequest(null, Object(Config\Cache), false)
 9 SYSTEMPATH\Boot.php(334): CodeIgniter\CodeIgniter->run()
10 SYSTEMPATH\Boot.php(67): CodeIgniter\Boot::runCodeIgniter(Object(CodeIgniter\CodeIgniter))
11 FCPATH\index.php(56): CodeIgniter\Boot::bootWeb(Object(Config\Paths))
12 SYSTEMPATH\rewrite.php(44): require_once('C:\\xampp\\htdocs\\assetslte\\public\\index.php')
DEBUG - 2025-07-06 17:02:42 --> Session: Class initialized using 'CodeIgniter\Session\Handlers\FileHandler' driver.
CRITICAL - 2025-07-06 17:02:42 --> ErrorException: Undefined array key "kode_sub_kategori"
[Method: GET, Route: pemakaian]
in APPPATH\Views\pemakaian\pemakaian.php on line 42.
 1 APPPATH\Views\pemakaian\pemakaian.php(42): CodeIgniter\Debug\Exceptions->errorHandler(2, 'Undefined array key "kode_sub_kategori"', 'C:\\xampp\\htdocs\\assetslte\\app\\Views\\pemakaian\\pemakaian.php', 42)
 2 SYSTEMPATH\View\View.php(224): include('C:\\xampp\\htdocs\\assetslte\\app\\Views\\pemakaian\\pemakaian.php')
 3 SYSTEMPATH\View\View.php(227): CodeIgniter\View\View->CodeIgniter\View\{closure}()
 4 SYSTEMPATH\Common.php(1173): CodeIgniter\View\View->render('pemakaian/pemakaian', [], true)
 5 APPPATH\Controllers\PemakaianController.php(43): view('pemakaian/pemakaian', [...])
 6 SYSTEMPATH\CodeIgniter.php(933): App\Controllers\PemakaianController->pemakaian()
 7 SYSTEMPATH\CodeIgniter.php(507): CodeIgniter\CodeIgniter->runController(Object(App\Controllers\PemakaianController))
 8 SYSTEMPATH\CodeIgniter.php(354): CodeIgniter\CodeIgniter->handleRequest(null, Object(Config\Cache), false)
 9 SYSTEMPATH\Boot.php(334): CodeIgniter\CodeIgniter->run()
10 SYSTEMPATH\Boot.php(67): CodeIgniter\Boot::runCodeIgniter(Object(CodeIgniter\CodeIgniter))
11 FCPATH\index.php(56): CodeIgniter\Boot::bootWeb(Object(Config\Paths))
12 SYSTEMPATH\rewrite.php(44): require_once('C:\\xampp\\htdocs\\assetslte\\public\\index.php')
DEBUG - 2025-07-06 17:02:43 --> Session: Class initialized using 'CodeIgniter\Session\Handlers\FileHandler' driver.
CRITICAL - 2025-07-06 17:02:43 --> ErrorException: Undefined array key "kode_sub_kategori"
[Method: GET, Route: pemakaian]
in APPPATH\Views\pemakaian\pemakaian.php on line 42.
 1 APPPATH\Views\pemakaian\pemakaian.php(42): CodeIgniter\Debug\Exceptions->errorHandler(2, 'Undefined array key "kode_sub_kategori"', 'C:\\xampp\\htdocs\\assetslte\\app\\Views\\pemakaian\\pemakaian.php', 42)
 2 SYSTEMPATH\View\View.php(224): include('C:\\xampp\\htdocs\\assetslte\\app\\Views\\pemakaian\\pemakaian.php')
 3 SYSTEMPATH\View\View.php(227): CodeIgniter\View\View->CodeIgniter\View\{closure}()
 4 SYSTEMPATH\Common.php(1173): CodeIgniter\View\View->render('pemakaian/pemakaian', [], true)
 5 APPPATH\Controllers\PemakaianController.php(43): view('pemakaian/pemakaian', [...])
 6 SYSTEMPATH\CodeIgniter.php(933): App\Controllers\PemakaianController->pemakaian()
 7 SYSTEMPATH\CodeIgniter.php(507): CodeIgniter\CodeIgniter->runController(Object(App\Controllers\PemakaianController))
 8 SYSTEMPATH\CodeIgniter.php(354): CodeIgniter\CodeIgniter->handleRequest(null, Object(Config\Cache), false)
 9 SYSTEMPATH\Boot.php(334): CodeIgniter\CodeIgniter->run()
10 SYSTEMPATH\Boot.php(67): CodeIgniter\Boot::runCodeIgniter(Object(CodeIgniter\CodeIgniter))
11 FCPATH\index.php(56): CodeIgniter\Boot::bootWeb(Object(Config\Paths))
12 SYSTEMPATH\rewrite.php(44): require_once('C:\\xampp\\htdocs\\assetslte\\public\\index.php')
DEBUG - 2025-07-06 17:02:43 --> Session: Class initialized using 'CodeIgniter\Session\Handlers\FileHandler' driver.
CRITICAL - 2025-07-06 17:02:43 --> ErrorException: Undefined array key "kode_sub_kategori"
[Method: GET, Route: pemakaian]
in APPPATH\Views\pemakaian\pemakaian.php on line 42.
 1 APPPATH\Views\pemakaian\pemakaian.php(42): CodeIgniter\Debug\Exceptions->errorHandler(2, 'Undefined array key "kode_sub_kategori"', 'C:\\xampp\\htdocs\\assetslte\\app\\Views\\pemakaian\\pemakaian.php', 42)
 2 SYSTEMPATH\View\View.php(224): include('C:\\xampp\\htdocs\\assetslte\\app\\Views\\pemakaian\\pemakaian.php')
 3 SYSTEMPATH\View\View.php(227): CodeIgniter\View\View->CodeIgniter\View\{closure}()
 4 SYSTEMPATH\Common.php(1173): CodeIgniter\View\View->render('pemakaian/pemakaian', [], true)
 5 APPPATH\Controllers\PemakaianController.php(43): view('pemakaian/pemakaian', [...])
 6 SYSTEMPATH\CodeIgniter.php(933): App\Controllers\PemakaianController->pemakaian()
 7 SYSTEMPATH\CodeIgniter.php(507): CodeIgniter\CodeIgniter->runController(Object(App\Controllers\PemakaianController))
 8 SYSTEMPATH\CodeIgniter.php(354): CodeIgniter\CodeIgniter->handleRequest(null, Object(Config\Cache), false)
 9 SYSTEMPATH\Boot.php(334): CodeIgniter\CodeIgniter->run()
10 SYSTEMPATH\Boot.php(67): CodeIgniter\Boot::runCodeIgniter(Object(CodeIgniter\CodeIgniter))
11 FCPATH\index.php(56): CodeIgniter\Boot::bootWeb(Object(Config\Paths))
12 SYSTEMPATH\rewrite.php(44): require_once('C:\\xampp\\htdocs\\assetslte\\public\\index.php')
DEBUG - 2025-07-06 17:02:43 --> Session: Class initialized using 'CodeIgniter\Session\Handlers\FileHandler' driver.
CRITICAL - 2025-07-06 17:02:43 --> ErrorException: Undefined array key "kode_sub_kategori"
[Method: GET, Route: pemakaian]
in APPPATH\Views\pemakaian\pemakaian.php on line 42.
 1 APPPATH\Views\pemakaian\pemakaian.php(42): CodeIgniter\Debug\Exceptions->errorHandler(2, 'Undefined array key "kode_sub_kategori"', 'C:\\xampp\\htdocs\\assetslte\\app\\Views\\pemakaian\\pemakaian.php', 42)
 2 SYSTEMPATH\View\View.php(224): include('C:\\xampp\\htdocs\\assetslte\\app\\Views\\pemakaian\\pemakaian.php')
 3 SYSTEMPATH\View\View.php(227): CodeIgniter\View\View->CodeIgniter\View\{closure}()
 4 SYSTEMPATH\Common.php(1173): CodeIgniter\View\View->render('pemakaian/pemakaian', [], true)
 5 APPPATH\Controllers\PemakaianController.php(43): view('pemakaian/pemakaian', [...])
 6 SYSTEMPATH\CodeIgniter.php(933): App\Controllers\PemakaianController->pemakaian()
 7 SYSTEMPATH\CodeIgniter.php(507): CodeIgniter\CodeIgniter->runController(Object(App\Controllers\PemakaianController))
 8 SYSTEMPATH\CodeIgniter.php(354): CodeIgniter\CodeIgniter->handleRequest(null, Object(Config\Cache), false)
 9 SYSTEMPATH\Boot.php(334): CodeIgniter\CodeIgniter->run()
10 SYSTEMPATH\Boot.php(67): CodeIgniter\Boot::runCodeIgniter(Object(CodeIgniter\CodeIgniter))
11 FCPATH\index.php(56): CodeIgniter\Boot::bootWeb(Object(Config\Paths))
12 SYSTEMPATH\rewrite.php(44): require_once('C:\\xampp\\htdocs\\assetslte\\public\\index.php')
DEBUG - 2025-07-06 17:02:43 --> Session: Class initialized using 'CodeIgniter\Session\Handlers\FileHandler' driver.
CRITICAL - 2025-07-06 17:02:43 --> ErrorException: Undefined array key "kode_sub_kategori"
[Method: GET, Route: pemakaian]
in APPPATH\Views\pemakaian\pemakaian.php on line 42.
 1 APPPATH\Views\pemakaian\pemakaian.php(42): CodeIgniter\Debug\Exceptions->errorHandler(2, 'Undefined array key "kode_sub_kategori"', 'C:\\xampp\\htdocs\\assetslte\\app\\Views\\pemakaian\\pemakaian.php', 42)
 2 SYSTEMPATH\View\View.php(224): include('C:\\xampp\\htdocs\\assetslte\\app\\Views\\pemakaian\\pemakaian.php')
 3 SYSTEMPATH\View\View.php(227): CodeIgniter\View\View->CodeIgniter\View\{closure}()
 4 SYSTEMPATH\Common.php(1173): CodeIgniter\View\View->render('pemakaian/pemakaian', [], true)
 5 APPPATH\Controllers\PemakaianController.php(43): view('pemakaian/pemakaian', [...])
 6 SYSTEMPATH\CodeIgniter.php(933): App\Controllers\PemakaianController->pemakaian()
 7 SYSTEMPATH\CodeIgniter.php(507): CodeIgniter\CodeIgniter->runController(Object(App\Controllers\PemakaianController))
 8 SYSTEMPATH\CodeIgniter.php(354): CodeIgniter\CodeIgniter->handleRequest(null, Object(Config\Cache), false)
 9 SYSTEMPATH\Boot.php(334): CodeIgniter\CodeIgniter->run()
10 SYSTEMPATH\Boot.php(67): CodeIgniter\Boot::runCodeIgniter(Object(CodeIgniter\CodeIgniter))
11 FCPATH\index.php(56): CodeIgniter\Boot::bootWeb(Object(Config\Paths))
12 SYSTEMPATH\rewrite.php(44): require_once('C:\\xampp\\htdocs\\assetslte\\public\\index.php')
DEBUG - 2025-07-06 17:02:44 --> Session: Class initialized using 'CodeIgniter\Session\Handlers\FileHandler' driver.
CRITICAL - 2025-07-06 17:02:44 --> ErrorException: Undefined array key "kode_sub_kategori"
[Method: GET, Route: pemakaian]
in APPPATH\Views\pemakaian\pemakaian.php on line 42.
 1 APPPATH\Views\pemakaian\pemakaian.php(42): CodeIgniter\Debug\Exceptions->errorHandler(2, 'Undefined array key "kode_sub_kategori"', 'C:\\xampp\\htdocs\\assetslte\\app\\Views\\pemakaian\\pemakaian.php', 42)
 2 SYSTEMPATH\View\View.php(224): include('C:\\xampp\\htdocs\\assetslte\\app\\Views\\pemakaian\\pemakaian.php')
 3 SYSTEMPATH\View\View.php(227): CodeIgniter\View\View->CodeIgniter\View\{closure}()
 4 SYSTEMPATH\Common.php(1173): CodeIgniter\View\View->render('pemakaian/pemakaian', [], true)
 5 APPPATH\Controllers\PemakaianController.php(43): view('pemakaian/pemakaian', [...])
 6 SYSTEMPATH\CodeIgniter.php(933): App\Controllers\PemakaianController->pemakaian()
 7 SYSTEMPATH\CodeIgniter.php(507): CodeIgniter\CodeIgniter->runController(Object(App\Controllers\PemakaianController))
 8 SYSTEMPATH\CodeIgniter.php(354): CodeIgniter\CodeIgniter->handleRequest(null, Object(Config\Cache), false)
 9 SYSTEMPATH\Boot.php(334): CodeIgniter\CodeIgniter->run()
10 SYSTEMPATH\Boot.php(67): CodeIgniter\Boot::runCodeIgniter(Object(CodeIgniter\CodeIgniter))
11 FCPATH\index.php(56): CodeIgniter\Boot::bootWeb(Object(Config\Paths))
12 SYSTEMPATH\rewrite.php(44): require_once('C:\\xampp\\htdocs\\assetslte\\public\\index.php')
DEBUG - 2025-07-06 17:02:44 --> Session: Class initialized using 'CodeIgniter\Session\Handlers\FileHandler' driver.
CRITICAL - 2025-07-06 17:02:44 --> ErrorException: Undefined array key "kode_sub_kategori"
[Method: GET, Route: pemakaian]
in APPPATH\Views\pemakaian\pemakaian.php on line 42.
 1 APPPATH\Views\pemakaian\pemakaian.php(42): CodeIgniter\Debug\Exceptions->errorHandler(2, 'Undefined array key "kode_sub_kategori"', 'C:\\xampp\\htdocs\\assetslte\\app\\Views\\pemakaian\\pemakaian.php', 42)
 2 SYSTEMPATH\View\View.php(224): include('C:\\xampp\\htdocs\\assetslte\\app\\Views\\pemakaian\\pemakaian.php')
 3 SYSTEMPATH\View\View.php(227): CodeIgniter\View\View->CodeIgniter\View\{closure}()
 4 SYSTEMPATH\Common.php(1173): CodeIgniter\View\View->render('pemakaian/pemakaian', [], true)
 5 APPPATH\Controllers\PemakaianController.php(43): view('pemakaian/pemakaian', [...])
 6 SYSTEMPATH\CodeIgniter.php(933): App\Controllers\PemakaianController->pemakaian()
 7 SYSTEMPATH\CodeIgniter.php(507): CodeIgniter\CodeIgniter->runController(Object(App\Controllers\PemakaianController))
 8 SYSTEMPATH\CodeIgniter.php(354): CodeIgniter\CodeIgniter->handleRequest(null, Object(Config\Cache), false)
 9 SYSTEMPATH\Boot.php(334): CodeIgniter\CodeIgniter->run()
10 SYSTEMPATH\Boot.php(67): CodeIgniter\Boot::runCodeIgniter(Object(CodeIgniter\CodeIgniter))
11 FCPATH\index.php(56): CodeIgniter\Boot::bootWeb(Object(Config\Paths))
12 SYSTEMPATH\rewrite.php(44): require_once('C:\\xampp\\htdocs\\assetslte\\public\\index.php')
DEBUG - 2025-07-06 17:02:44 --> Session: Class initialized using 'CodeIgniter\Session\Handlers\FileHandler' driver.
CRITICAL - 2025-07-06 17:02:44 --> ErrorException: Undefined array key "kode_sub_kategori"
[Method: GET, Route: pemakaian]
in APPPATH\Views\pemakaian\pemakaian.php on line 42.
 1 APPPATH\Views\pemakaian\pemakaian.php(42): CodeIgniter\Debug\Exceptions->errorHandler(2, 'Undefined array key "kode_sub_kategori"', 'C:\\xampp\\htdocs\\assetslte\\app\\Views\\pemakaian\\pemakaian.php', 42)
 2 SYSTEMPATH\View\View.php(224): include('C:\\xampp\\htdocs\\assetslte\\app\\Views\\pemakaian\\pemakaian.php')
 3 SYSTEMPATH\View\View.php(227): CodeIgniter\View\View->CodeIgniter\View\{closure}()
 4 SYSTEMPATH\Common.php(1173): CodeIgniter\View\View->render('pemakaian/pemakaian', [], true)
 5 APPPATH\Controllers\PemakaianController.php(43): view('pemakaian/pemakaian', [...])
 6 SYSTEMPATH\CodeIgniter.php(933): App\Controllers\PemakaianController->pemakaian()
 7 SYSTEMPATH\CodeIgniter.php(507): CodeIgniter\CodeIgniter->runController(Object(App\Controllers\PemakaianController))
 8 SYSTEMPATH\CodeIgniter.php(354): CodeIgniter\CodeIgniter->handleRequest(null, Object(Config\Cache), false)
 9 SYSTEMPATH\Boot.php(334): CodeIgniter\CodeIgniter->run()
10 SYSTEMPATH\Boot.php(67): CodeIgniter\Boot::runCodeIgniter(Object(CodeIgniter\CodeIgniter))
11 FCPATH\index.php(56): CodeIgniter\Boot::bootWeb(Object(Config\Paths))
12 SYSTEMPATH\rewrite.php(44): require_once('C:\\xampp\\htdocs\\assetslte\\public\\index.php')
DEBUG - 2025-07-06 17:02:44 --> Session: Class initialized using 'CodeIgniter\Session\Handlers\FileHandler' driver.
CRITICAL - 2025-07-06 17:02:44 --> ErrorException: Undefined array key "kode_sub_kategori"
[Method: GET, Route: pemakaian]
in APPPATH\Views\pemakaian\pemakaian.php on line 42.
 1 APPPATH\Views\pemakaian\pemakaian.php(42): CodeIgniter\Debug\Exceptions->errorHandler(2, 'Undefined array key "kode_sub_kategori"', 'C:\\xampp\\htdocs\\assetslte\\app\\Views\\pemakaian\\pemakaian.php', 42)
 2 SYSTEMPATH\View\View.php(224): include('C:\\xampp\\htdocs\\assetslte\\app\\Views\\pemakaian\\pemakaian.php')
 3 SYSTEMPATH\View\View.php(227): CodeIgniter\View\View->CodeIgniter\View\{closure}()
 4 SYSTEMPATH\Common.php(1173): CodeIgniter\View\View->render('pemakaian/pemakaian', [], true)
 5 APPPATH\Controllers\PemakaianController.php(43): view('pemakaian/pemakaian', [...])
 6 SYSTEMPATH\CodeIgniter.php(933): App\Controllers\PemakaianController->pemakaian()
 7 SYSTEMPATH\CodeIgniter.php(507): CodeIgniter\CodeIgniter->runController(Object(App\Controllers\PemakaianController))
 8 SYSTEMPATH\CodeIgniter.php(354): CodeIgniter\CodeIgniter->handleRequest(null, Object(Config\Cache), false)
 9 SYSTEMPATH\Boot.php(334): CodeIgniter\CodeIgniter->run()
10 SYSTEMPATH\Boot.php(67): CodeIgniter\Boot::runCodeIgniter(Object(CodeIgniter\CodeIgniter))
11 FCPATH\index.php(56): CodeIgniter\Boot::bootWeb(Object(Config\Paths))
12 SYSTEMPATH\rewrite.php(44): require_once('C:\\xampp\\htdocs\\assetslte\\public\\index.php')
DEBUG - 2025-07-06 17:02:44 --> Session: Class initialized using 'CodeIgniter\Session\Handlers\FileHandler' driver.
CRITICAL - 2025-07-06 17:02:44 --> ErrorException: Undefined array key "kode_sub_kategori"
[Method: GET, Route: pemakaian]
in APPPATH\Views\pemakaian\pemakaian.php on line 42.
 1 APPPATH\Views\pemakaian\pemakaian.php(42): CodeIgniter\Debug\Exceptions->errorHandler(2, 'Undefined array key "kode_sub_kategori"', 'C:\\xampp\\htdocs\\assetslte\\app\\Views\\pemakaian\\pemakaian.php', 42)
 2 SYSTEMPATH\View\View.php(224): include('C:\\xampp\\htdocs\\assetslte\\app\\Views\\pemakaian\\pemakaian.php')
 3 SYSTEMPATH\View\View.php(227): CodeIgniter\View\View->CodeIgniter\View\{closure}()
 4 SYSTEMPATH\Common.php(1173): CodeIgniter\View\View->render('pemakaian/pemakaian', [], true)
 5 APPPATH\Controllers\PemakaianController.php(43): view('pemakaian/pemakaian', [...])
 6 SYSTEMPATH\CodeIgniter.php(933): App\Controllers\PemakaianController->pemakaian()
 7 SYSTEMPATH\CodeIgniter.php(507): CodeIgniter\CodeIgniter->runController(Object(App\Controllers\PemakaianController))
 8 SYSTEMPATH\CodeIgniter.php(354): CodeIgniter\CodeIgniter->handleRequest(null, Object(Config\Cache), false)
 9 SYSTEMPATH\Boot.php(334): CodeIgniter\CodeIgniter->run()
10 SYSTEMPATH\Boot.php(67): CodeIgniter\Boot::runCodeIgniter(Object(CodeIgniter\CodeIgniter))
11 FCPATH\index.php(56): CodeIgniter\Boot::bootWeb(Object(Config\Paths))
12 SYSTEMPATH\rewrite.php(44): require_once('C:\\xampp\\htdocs\\assetslte\\public\\index.php')
DEBUG - 2025-07-06 17:03:21 --> Session: Class initialized using 'CodeIgniter\Session\Handlers\FileHandler' driver.
CRITICAL - 2025-07-06 17:03:21 --> ErrorException: Undefined array key "kode_sub_kategori"
[Method: GET, Route: pemakaian]
in APPPATH\Views\pemakaian\pemakaian.php on line 42.
 1 APPPATH\Views\pemakaian\pemakaian.php(42): CodeIgniter\Debug\Exceptions->errorHandler(2, 'Undefined array key "kode_sub_kategori"', 'C:\\xampp\\htdocs\\assetslte\\app\\Views\\pemakaian\\pemakaian.php', 42)
 2 SYSTEMPATH\View\View.php(224): include('C:\\xampp\\htdocs\\assetslte\\app\\Views\\pemakaian\\pemakaian.php')
 3 SYSTEMPATH\View\View.php(227): CodeIgniter\View\View->CodeIgniter\View\{closure}()
 4 SYSTEMPATH\Common.php(1173): CodeIgniter\View\View->render('pemakaian/pemakaian', [], true)
 5 APPPATH\Controllers\PemakaianController.php(43): view('pemakaian/pemakaian', [...])
 6 SYSTEMPATH\CodeIgniter.php(933): App\Controllers\PemakaianController->pemakaian()
 7 SYSTEMPATH\CodeIgniter.php(507): CodeIgniter\CodeIgniter->runController(Object(App\Controllers\PemakaianController))
 8 SYSTEMPATH\CodeIgniter.php(354): CodeIgniter\CodeIgniter->handleRequest(null, Object(Config\Cache), false)
 9 SYSTEMPATH\Boot.php(334): CodeIgniter\CodeIgniter->run()
10 SYSTEMPATH\Boot.php(67): CodeIgniter\Boot::runCodeIgniter(Object(CodeIgniter\CodeIgniter))
11 FCPATH\index.php(56): CodeIgniter\Boot::bootWeb(Object(Config\Paths))
12 SYSTEMPATH\rewrite.php(44): require_once('C:\\xampp\\htdocs\\assetslte\\public\\index.php')
DEBUG - 2025-07-06 17:03:23 --> Session: Class initialized using 'CodeIgniter\Session\Handlers\FileHandler' driver.
CRITICAL - 2025-07-06 17:03:23 --> ErrorException: Undefined array key "kode_sub_kategori"
[Method: GET, Route: pemakaian]
in APPPATH\Views\pemakaian\pemakaian.php on line 42.
 1 APPPATH\Views\pemakaian\pemakaian.php(42): CodeIgniter\Debug\Exceptions->errorHandler(2, 'Undefined array key "kode_sub_kategori"', 'C:\\xampp\\htdocs\\assetslte\\app\\Views\\pemakaian\\pemakaian.php', 42)
 2 SYSTEMPATH\View\View.php(224): include('C:\\xampp\\htdocs\\assetslte\\app\\Views\\pemakaian\\pemakaian.php')
 3 SYSTEMPATH\View\View.php(227): CodeIgniter\View\View->CodeIgniter\View\{closure}()
 4 SYSTEMPATH\Common.php(1173): CodeIgniter\View\View->render('pemakaian/pemakaian', [], true)
 5 APPPATH\Controllers\PemakaianController.php(43): view('pemakaian/pemakaian', [...])
 6 SYSTEMPATH\CodeIgniter.php(933): App\Controllers\PemakaianController->pemakaian()
 7 SYSTEMPATH\CodeIgniter.php(507): CodeIgniter\CodeIgniter->runController(Object(App\Controllers\PemakaianController))
 8 SYSTEMPATH\CodeIgniter.php(354): CodeIgniter\CodeIgniter->handleRequest(null, Object(Config\Cache), false)
 9 SYSTEMPATH\Boot.php(334): CodeIgniter\CodeIgniter->run()
10 SYSTEMPATH\Boot.php(67): CodeIgniter\Boot::runCodeIgniter(Object(CodeIgniter\CodeIgniter))
11 FCPATH\index.php(56): CodeIgniter\Boot::bootWeb(Object(Config\Paths))
12 SYSTEMPATH\rewrite.php(44): require_once('C:\\xampp\\htdocs\\assetslte\\public\\index.php')
DEBUG - 2025-07-06 17:09:02 --> Session: Class initialized using 'CodeIgniter\Session\Handlers\FileHandler' driver.
CRITICAL - 2025-07-06 17:09:02 --> ErrorException: Undefined array key "kode_sub_kategori"
[Method: GET, Route: pemakaian]
in APPPATH\Views\pemakaian\pemakaian.php on line 42.
 1 APPPATH\Views\pemakaian\pemakaian.php(42): CodeIgniter\Debug\Exceptions->errorHandler(2, 'Undefined array key "kode_sub_kategori"', 'C:\\xampp\\htdocs\\assetslte\\app\\Views\\pemakaian\\pemakaian.php', 42)
 2 SYSTEMPATH\View\View.php(224): include('C:\\xampp\\htdocs\\assetslte\\app\\Views\\pemakaian\\pemakaian.php')
 3 SYSTEMPATH\View\View.php(227): CodeIgniter\View\View->CodeIgniter\View\{closure}()
 4 SYSTEMPATH\Common.php(1173): CodeIgniter\View\View->render('pemakaian/pemakaian', [], true)
 5 APPPATH\Controllers\PemakaianController.php(43): view('pemakaian/pemakaian', [...])
 6 SYSTEMPATH\CodeIgniter.php(933): App\Controllers\PemakaianController->pemakaian()
 7 SYSTEMPATH\CodeIgniter.php(507): CodeIgniter\CodeIgniter->runController(Object(App\Controllers\PemakaianController))
 8 SYSTEMPATH\CodeIgniter.php(354): CodeIgniter\CodeIgniter->handleRequest(null, Object(Config\Cache), false)
 9 SYSTEMPATH\Boot.php(334): CodeIgniter\CodeIgniter->run()
10 SYSTEMPATH\Boot.php(67): CodeIgniter\Boot::runCodeIgniter(Object(CodeIgniter\CodeIgniter))
11 FCPATH\index.php(56): CodeIgniter\Boot::bootWeb(Object(Config\Paths))
12 SYSTEMPATH\rewrite.php(44): require_once('C:\\xampp\\htdocs\\assetslte\\public\\index.php')
DEBUG - 2025-07-06 17:12:10 --> Session: Class initialized using 'CodeIgniter\Session\Handlers\FileHandler' driver.
