ERROR - 2025-05-21 01:20:20 --> Error connecting to the database: mysqli_sql_exception: No connection could be made because the target machine actively refused it in C:\xampp\htdocs\assetslte\system\Database\MySQLi\Connection.php:201
Stack trace:
#0 C:\xampp\htdocs\assetslte\system\Database\MySQLi\Connection.php(201): mysqli->real_connect('localhost', 'root', Object(SensitiveParameterValue), 'db_assets', 3306, '', 0)
#1 C:\xampp\htdocs\assetslte\system\Database\BaseConnection.php(421): CodeIgniter\Database\MySQLi\Connection->connect(false)
#2 C:\xampp\htdocs\assetslte\system\Database\BaseConnection.php(620): CodeIgniter\Database\BaseConnection->initialize()
#3 C:\xampp\htdocs\assetslte\system\Database\BaseConnection.php(1525): CodeIgniter\Database\BaseConnection->query('SHOW TABLES FRO...')
#4 C:\xampp\htdocs\assetslte\system\Database\BaseConnection.php(1545): CodeIgniter\Database\BaseConnection->listTables()
#5 C:\xampp\htdocs\assetslte\system\Database\MigrationRunner.php(758): CodeIgniter\Database\BaseConnection->tableExists('migrations')
#6 C:\xampp\htdocs\assetslte\system\Database\MigrationRunner.php(696): CodeIgniter\Database\MigrationRunner->ensureTable()
#7 C:\xampp\htdocs\assetslte\system\Commands\Database\MigrateRollback.php(86): CodeIgniter\Database\MigrationRunner->getLastBatch()
#8 C:\xampp\htdocs\assetslte\system\CLI\Commands.php(70): CodeIgniter\Commands\Database\MigrateRollback->run(Array)
#9 C:\xampp\htdocs\assetslte\system\CLI\Console.php(48): CodeIgniter\CLI\Commands->run('migrate:rollbac...', Array)
#10 C:\xampp\htdocs\assetslte\system\Boot.php(360): CodeIgniter\CLI\Console->run()
#11 C:\xampp\htdocs\assetslte\system\Boot.php(104): CodeIgniter\Boot::runCommand(Object(CodeIgniter\CLI\Console))
#12 C:\xampp\htdocs\assetslte\spark(84): CodeIgniter\Boot::bootSpark(Object(Config\Paths))
#13 {main}

Next CodeIgniter\Database\Exceptions\DatabaseException: No connection could be made because the target machine actively refused it in C:\xampp\htdocs\assetslte\system\Database\MySQLi\Connection.php:246
Stack trace:
#0 C:\xampp\htdocs\assetslte\system\Database\BaseConnection.php(421): CodeIgniter\Database\MySQLi\Connection->connect(false)
#1 C:\xampp\htdocs\assetslte\system\Database\BaseConnection.php(620): CodeIgniter\Database\BaseConnection->initialize()
#2 C:\xampp\htdocs\assetslte\system\Database\BaseConnection.php(1525): CodeIgniter\Database\BaseConnection->query('SHOW TABLES FRO...')
#3 C:\xampp\htdocs\assetslte\system\Database\BaseConnection.php(1545): CodeIgniter\Database\BaseConnection->listTables()
#4 C:\xampp\htdocs\assetslte\system\Database\MigrationRunner.php(758): CodeIgniter\Database\BaseConnection->tableExists('migrations')
#5 C:\xampp\htdocs\assetslte\system\Database\MigrationRunner.php(696): CodeIgniter\Database\MigrationRunner->ensureTable()
#6 C:\xampp\htdocs\assetslte\system\Commands\Database\MigrateRollback.php(86): CodeIgniter\Database\MigrationRunner->getLastBatch()
#7 C:\xampp\htdocs\assetslte\system\CLI\Commands.php(70): CodeIgniter\Commands\Database\MigrateRollback->run(Array)
#8 C:\xampp\htdocs\assetslte\system\CLI\Console.php(48): CodeIgniter\CLI\Commands->run('migrate:rollbac...', Array)
#9 C:\xampp\htdocs\assetslte\system\Boot.php(360): CodeIgniter\CLI\Console->run()
#10 C:\xampp\htdocs\assetslte\system\Boot.php(104): CodeIgniter\Boot::runCommand(Object(CodeIgniter\CLI\Console))
#11 C:\xampp\htdocs\assetslte\spark(84): CodeIgniter\Boot::bootSpark(Object(Config\Paths))
#12 {main}
DEBUG - 2025-05-21 02:57:45 --> Session: Class initialized using 'CodeIgniter\Session\Handlers\FileHandler' driver.
DEBUG - 2025-05-21 02:57:46 --> Session: Class initialized using 'CodeIgniter\Session\Handlers\FileHandler' driver.
DEBUG - 2025-05-21 02:57:50 --> Session: Class initialized using 'CodeIgniter\Session\Handlers\FileHandler' driver.
DEBUG - 2025-05-21 02:57:51 --> Session: Class initialized using 'CodeIgniter\Session\Handlers\FileHandler' driver.
DEBUG - 2025-05-21 02:58:10 --> Session: Class initialized using 'CodeIgniter\Session\Handlers\FileHandler' driver.
DEBUG - 2025-05-21 02:58:13 --> Session: Class initialized using 'CodeIgniter\Session\Handlers\FileHandler' driver.
DEBUG - 2025-05-21 02:58:36 --> Session: Class initialized using 'CodeIgniter\Session\Handlers\FileHandler' driver.
DEBUG - 2025-05-21 02:58:36 --> Session: Class initialized using 'CodeIgniter\Session\Handlers\FileHandler' driver.
CRITICAL - 2025-05-21 03:04:26 --> CodeIgniter\Exceptions\BadMethodCallException: Call to undefined method App\Models\BarangModel::getRiwayat
[Method: GET, Route: baranghabispakai/riwayat/41]
in SYSTEMPATH\Model.php on line 930.
 1 APPPATH\Controllers\BarangController.php(213): CodeIgniter\Model->__call('getRiwayat', [...])
 2 SYSTEMPATH\CodeIgniter.php(933): App\Controllers\BarangController->riwayatBarangHabisPakai('41')
 3 SYSTEMPATH\CodeIgniter.php(507): CodeIgniter\CodeIgniter->runController(Object(App\Controllers\BarangController))
 4 SYSTEMPATH\CodeIgniter.php(354): CodeIgniter\CodeIgniter->handleRequest(null, Object(Config\Cache), false)
 5 SYSTEMPATH\Boot.php(334): CodeIgniter\CodeIgniter->run()
 6 SYSTEMPATH\Boot.php(67): CodeIgniter\Boot::runCodeIgniter(Object(CodeIgniter\CodeIgniter))
 7 FCPATH\index.php(56): CodeIgniter\Boot::bootWeb(Object(Config\Paths))
 8 SYSTEMPATH\rewrite.php(44): require_once('C:\\xampp\\htdocs\\assetslte\\public\\index.php')
CRITICAL - 2025-05-21 03:05:42 --> CodeIgniter\Exceptions\BadMethodCallException: Call to undefined method App\Models\BarangModel::getRiwayat
[Method: GET, Route: baranghabispakai/riwayat/41]
in SYSTEMPATH\Model.php on line 930.
 1 APPPATH\Controllers\BarangController.php(213): CodeIgniter\Model->__call('getRiwayat', [...])
 2 SYSTEMPATH\CodeIgniter.php(933): App\Controllers\BarangController->riwayatBarangHabisPakai('41')
 3 SYSTEMPATH\CodeIgniter.php(507): CodeIgniter\CodeIgniter->runController(Object(App\Controllers\BarangController))
 4 SYSTEMPATH\CodeIgniter.php(354): CodeIgniter\CodeIgniter->handleRequest(null, Object(Config\Cache), false)
 5 SYSTEMPATH\Boot.php(334): CodeIgniter\CodeIgniter->run()
 6 SYSTEMPATH\Boot.php(67): CodeIgniter\Boot::runCodeIgniter(Object(CodeIgniter\CodeIgniter))
 7 FCPATH\index.php(56): CodeIgniter\Boot::bootWeb(Object(Config\Paths))
 8 SYSTEMPATH\rewrite.php(44): require_once('C:\\xampp\\htdocs\\assetslte\\public\\index.php')
CRITICAL - 2025-05-21 03:06:31 --> CodeIgniter\Exceptions\BadMethodCallException: Call to undefined method App\Models\BarangModel::getRiwayat
[Method: GET, Route: baranghabispakai/riwayat/41]
in SYSTEMPATH\Model.php on line 930.
 1 APPPATH\Controllers\BarangController.php(213): CodeIgniter\Model->__call('getRiwayat', [...])
 2 SYSTEMPATH\CodeIgniter.php(933): App\Controllers\BarangController->riwayatBarangHabisPakai('41')
 3 SYSTEMPATH\CodeIgniter.php(507): CodeIgniter\CodeIgniter->runController(Object(App\Controllers\BarangController))
 4 SYSTEMPATH\CodeIgniter.php(354): CodeIgniter\CodeIgniter->handleRequest(null, Object(Config\Cache), false)
 5 SYSTEMPATH\Boot.php(334): CodeIgniter\CodeIgniter->run()
 6 SYSTEMPATH\Boot.php(67): CodeIgniter\Boot::runCodeIgniter(Object(CodeIgniter\CodeIgniter))
 7 FCPATH\index.php(56): CodeIgniter\Boot::bootWeb(Object(Config\Paths))
 8 SYSTEMPATH\rewrite.php(44): require_once('C:\\xampp\\htdocs\\assetslte\\public\\index.php')
CRITICAL - 2025-05-21 03:08:09 --> CodeIgniter\Exceptions\BadMethodCallException: Call to undefined method App\Models\BarangModel::getRiwayat
[Method: GET, Route: baranghabispakai/riwayat/41]
in SYSTEMPATH\Model.php on line 930.
 1 APPPATH\Controllers\BarangController.php(214): CodeIgniter\Model->__call('getRiwayat', [...])
 2 SYSTEMPATH\CodeIgniter.php(933): App\Controllers\BarangController->riwayatBarangHabisPakai('41')
 3 SYSTEMPATH\CodeIgniter.php(507): CodeIgniter\CodeIgniter->runController(Object(App\Controllers\BarangController))
 4 SYSTEMPATH\CodeIgniter.php(354): CodeIgniter\CodeIgniter->handleRequest(null, Object(Config\Cache), false)
 5 SYSTEMPATH\Boot.php(334): CodeIgniter\CodeIgniter->run()
 6 SYSTEMPATH\Boot.php(67): CodeIgniter\Boot::runCodeIgniter(Object(CodeIgniter\CodeIgniter))
 7 FCPATH\index.php(56): CodeIgniter\Boot::bootWeb(Object(Config\Paths))
 8 SYSTEMPATH\rewrite.php(44): require_once('C:\\xampp\\htdocs\\assetslte\\public\\index.php')
CRITICAL - 2025-05-21 03:08:42 --> CodeIgniter\Exceptions\BadMethodCallException: Call to undefined method App\Models\BarangModel::getRiwayat
[Method: GET, Route: baranghabispakai/riwayat/41]
in SYSTEMPATH\Model.php on line 930.
 1 APPPATH\Controllers\BarangController.php(215): CodeIgniter\Model->__call('getRiwayat', [...])
 2 SYSTEMPATH\CodeIgniter.php(933): App\Controllers\BarangController->riwayatBarangHabisPakai('41')
 3 SYSTEMPATH\CodeIgniter.php(507): CodeIgniter\CodeIgniter->runController(Object(App\Controllers\BarangController))
 4 SYSTEMPATH\CodeIgniter.php(354): CodeIgniter\CodeIgniter->handleRequest(null, Object(Config\Cache), false)
 5 SYSTEMPATH\Boot.php(334): CodeIgniter\CodeIgniter->run()
 6 SYSTEMPATH\Boot.php(67): CodeIgniter\Boot::runCodeIgniter(Object(CodeIgniter\CodeIgniter))
 7 FCPATH\index.php(56): CodeIgniter\Boot::bootWeb(Object(Config\Paths))
 8 SYSTEMPATH\rewrite.php(44): require_once('C:\\xampp\\htdocs\\assetslte\\public\\index.php')
ERROR - 2025-05-21 03:12:14 --> mysqli_sql_exception: Unknown column 'barang.kode_barang' in 'field list' in C:\xampp\htdocs\assetslte\system\Database\MySQLi\Connection.php:327
Stack trace:
#0 C:\xampp\htdocs\assetslte\system\Database\MySQLi\Connection.php(327): mysqli->query('SELECT `riwayat...', 0)
#1 C:\xampp\htdocs\assetslte\system\Database\BaseConnection.php(738): CodeIgniter\Database\MySQLi\Connection->execute('SELECT `riwayat...')
#2 C:\xampp\htdocs\assetslte\system\Database\BaseConnection.php(652): CodeIgniter\Database\BaseConnection->simpleQuery('SELECT `riwayat...')
#3 C:\xampp\htdocs\assetslte\system\Database\BaseBuilder.php(1649): CodeIgniter\Database\BaseConnection->query('SELECT `riwayat...', Array, false)
#4 C:\xampp\htdocs\assetslte\system\Model.php(286): CodeIgniter\Database\BaseBuilder->get()
#5 C:\xampp\htdocs\assetslte\system\BaseModel.php(675): CodeIgniter\Model->doFindAll(0, 0)
#6 C:\xampp\htdocs\assetslte\app\Models\RiwayatModel.php(37): CodeIgniter\BaseModel->findAll()
#7 C:\xampp\htdocs\assetslte\app\Controllers\BarangController.php(216): App\Models\RiwayatModel->getRiwayatWithBarang('41')
#8 C:\xampp\htdocs\assetslte\system\CodeIgniter.php(933): App\Controllers\BarangController->riwayatBarangHabisPakai('41')
#9 C:\xampp\htdocs\assetslte\system\CodeIgniter.php(507): CodeIgniter\CodeIgniter->runController(Object(App\Controllers\BarangController))
#10 C:\xampp\htdocs\assetslte\system\CodeIgniter.php(354): CodeIgniter\CodeIgniter->handleRequest(NULL, Object(Config\Cache), false)
#11 C:\xampp\htdocs\assetslte\system\Boot.php(334): CodeIgniter\CodeIgniter->run()
#12 C:\xampp\htdocs\assetslte\system\Boot.php(67): CodeIgniter\Boot::runCodeIgniter(Object(CodeIgniter\CodeIgniter))
#13 C:\xampp\htdocs\assetslte\public\index.php(56): CodeIgniter\Boot::bootWeb(Object(Config\Paths))
#14 C:\xampp\htdocs\assetslte\system\rewrite.php(44): require_once('C:\\xampp\\htdocs...')
#15 {main}
CRITICAL - 2025-05-21 03:12:14 --> CodeIgniter\Database\Exceptions\DatabaseException: Unknown column 'barang.kode_barang' in 'field list'
[Method: GET, Route: baranghabispakai/riwayat/41]
in SYSTEMPATH\Database\BaseConnection.php on line 692.
 1 SYSTEMPATH\Database\BaseBuilder.php(1649): CodeIgniter\Database\BaseConnection->query('SELECT `riwayat`.*, `barang`.`nama_barang`, `barang`.`kode_barang`
FROM `riwayat`
JOIN `barang` ON `barang`.`id` = `riwayat`.`id_barang`
WHERE `riwayat`.`id_barang` = :riwayat.id_barang:', [...], false)
 2 SYSTEMPATH\Model.php(286): CodeIgniter\Database\BaseBuilder->get()
 3 SYSTEMPATH\BaseModel.php(675): CodeIgniter\Model->doFindAll(0, 0)
 4 APPPATH\Models\RiwayatModel.php(37): CodeIgniter\BaseModel->findAll()
 5 APPPATH\Controllers\BarangController.php(216): App\Models\RiwayatModel->getRiwayatWithBarang('41')
 6 SYSTEMPATH\CodeIgniter.php(933): App\Controllers\BarangController->riwayatBarangHabisPakai('41')
 7 SYSTEMPATH\CodeIgniter.php(507): CodeIgniter\CodeIgniter->runController(Object(App\Controllers\BarangController))
 8 SYSTEMPATH\CodeIgniter.php(354): CodeIgniter\CodeIgniter->handleRequest(null, Object(Config\Cache), false)
 9 SYSTEMPATH\Boot.php(334): CodeIgniter\CodeIgniter->run()
10 SYSTEMPATH\Boot.php(67): CodeIgniter\Boot::runCodeIgniter(Object(CodeIgniter\CodeIgniter))
11 FCPATH\index.php(56): CodeIgniter\Boot::bootWeb(Object(Config\Paths))
12 SYSTEMPATH\rewrite.php(44): require_once('C:\\xampp\\htdocs\\assetslte\\public\\index.php')
CRITICAL - 2025-05-21 03:12:14 --> [Caused by] CodeIgniter\Database\Exceptions\DatabaseException: Unknown column 'barang.kode_barang' in 'field list'
in SYSTEMPATH\Database\MySQLi\Connection.php on line 332.
 1 SYSTEMPATH\Database\BaseConnection.php(738): CodeIgniter\Database\MySQLi\Connection->execute('SELECT `riwayat`.*, `barang`.`nama_barang`, `barang`.`kode_barang`
FROM `riwayat`
JOIN `barang` ON `barang`.`id` = `riwayat`.`id_barang`
WHERE `riwayat`.`id_barang` = \'41\'')
 2 SYSTEMPATH\Database\BaseConnection.php(652): CodeIgniter\Database\BaseConnection->simpleQuery('SELECT `riwayat`.*, `barang`.`nama_barang`, `barang`.`kode_barang`
FROM `riwayat`
JOIN `barang` ON `barang`.`id` = `riwayat`.`id_barang`
WHERE `riwayat`.`id_barang` = \'41\'')
 3 SYSTEMPATH\Database\BaseBuilder.php(1649): CodeIgniter\Database\BaseConnection->query('SELECT `riwayat`.*, `barang`.`nama_barang`, `barang`.`kode_barang`
FROM `riwayat`
JOIN `barang` ON `barang`.`id` = `riwayat`.`id_barang`
WHERE `riwayat`.`id_barang` = :riwayat.id_barang:', [...], false)
 4 SYSTEMPATH\Model.php(286): CodeIgniter\Database\BaseBuilder->get()
 5 SYSTEMPATH\BaseModel.php(675): CodeIgniter\Model->doFindAll(0, 0)
 6 APPPATH\Models\RiwayatModel.php(37): CodeIgniter\BaseModel->findAll()
 7 APPPATH\Controllers\BarangController.php(216): App\Models\RiwayatModel->getRiwayatWithBarang('41')
 8 SYSTEMPATH\CodeIgniter.php(933): App\Controllers\BarangController->riwayatBarangHabisPakai('41')
 9 SYSTEMPATH\CodeIgniter.php(507): CodeIgniter\CodeIgniter->runController(Object(App\Controllers\BarangController))
10 SYSTEMPATH\CodeIgniter.php(354): CodeIgniter\CodeIgniter->handleRequest(null, Object(Config\Cache), false)
11 SYSTEMPATH\Boot.php(334): CodeIgniter\CodeIgniter->run()
12 SYSTEMPATH\Boot.php(67): CodeIgniter\Boot::runCodeIgniter(Object(CodeIgniter\CodeIgniter))
13 FCPATH\index.php(56): CodeIgniter\Boot::bootWeb(Object(Config\Paths))
14 SYSTEMPATH\rewrite.php(44): require_once('C:\\xampp\\htdocs\\assetslte\\public\\index.php')
CRITICAL - 2025-05-21 03:12:14 --> [Caused by] mysqli_sql_exception: Unknown column 'barang.kode_barang' in 'field list'
in SYSTEMPATH\Database\MySQLi\Connection.php on line 327.
 1 SYSTEMPATH\Database\MySQLi\Connection.php(327): mysqli->query('SELECT `riwayat`.*, `barang`.`nama_barang`, `barang`.`kode_barang`
FROM `riwayat`
JOIN `barang` ON `barang`.`id` = `riwayat`.`id_barang`
WHERE `riwayat`.`id_barang` = \'41\'', 0)
 2 SYSTEMPATH\Database\BaseConnection.php(738): CodeIgniter\Database\MySQLi\Connection->execute('SELECT `riwayat`.*, `barang`.`nama_barang`, `barang`.`kode_barang`
FROM `riwayat`
JOIN `barang` ON `barang`.`id` = `riwayat`.`id_barang`
WHERE `riwayat`.`id_barang` = \'41\'')
 3 SYSTEMPATH\Database\BaseConnection.php(652): CodeIgniter\Database\BaseConnection->simpleQuery('SELECT `riwayat`.*, `barang`.`nama_barang`, `barang`.`kode_barang`
FROM `riwayat`
JOIN `barang` ON `barang`.`id` = `riwayat`.`id_barang`
WHERE `riwayat`.`id_barang` = \'41\'')
 4 SYSTEMPATH\Database\BaseBuilder.php(1649): CodeIgniter\Database\BaseConnection->query('SELECT `riwayat`.*, `barang`.`nama_barang`, `barang`.`kode_barang`
FROM `riwayat`
JOIN `barang` ON `barang`.`id` = `riwayat`.`id_barang`
WHERE `riwayat`.`id_barang` = :riwayat.id_barang:', [...], false)
 5 SYSTEMPATH\Model.php(286): CodeIgniter\Database\BaseBuilder->get()
 6 SYSTEMPATH\BaseModel.php(675): CodeIgniter\Model->doFindAll(0, 0)
 7 APPPATH\Models\RiwayatModel.php(37): CodeIgniter\BaseModel->findAll()
 8 APPPATH\Controllers\BarangController.php(216): App\Models\RiwayatModel->getRiwayatWithBarang('41')
 9 SYSTEMPATH\CodeIgniter.php(933): App\Controllers\BarangController->riwayatBarangHabisPakai('41')
10 SYSTEMPATH\CodeIgniter.php(507): CodeIgniter\CodeIgniter->runController(Object(App\Controllers\BarangController))
11 SYSTEMPATH\CodeIgniter.php(354): CodeIgniter\CodeIgniter->handleRequest(null, Object(Config\Cache), false)
12 SYSTEMPATH\Boot.php(334): CodeIgniter\CodeIgniter->run()
13 SYSTEMPATH\Boot.php(67): CodeIgniter\Boot::runCodeIgniter(Object(CodeIgniter\CodeIgniter))
14 FCPATH\index.php(56): CodeIgniter\Boot::bootWeb(Object(Config\Paths))
15 SYSTEMPATH\rewrite.php(44): require_once('C:\\xampp\\htdocs\\assetslte\\public\\index.php')
ERROR - 2025-05-21 03:13:07 --> mysqli_sql_exception: Unknown column 'barang.kode_barang' in 'field list' in C:\xampp\htdocs\assetslte\system\Database\MySQLi\Connection.php:327
Stack trace:
#0 C:\xampp\htdocs\assetslte\system\Database\MySQLi\Connection.php(327): mysqli->query('SELECT `riwayat...', 0)
#1 C:\xampp\htdocs\assetslte\system\Database\BaseConnection.php(738): CodeIgniter\Database\MySQLi\Connection->execute('SELECT `riwayat...')
#2 C:\xampp\htdocs\assetslte\system\Database\BaseConnection.php(652): CodeIgniter\Database\BaseConnection->simpleQuery('SELECT `riwayat...')
#3 C:\xampp\htdocs\assetslte\system\Database\BaseBuilder.php(1649): CodeIgniter\Database\BaseConnection->query('SELECT `riwayat...', Array, false)
#4 C:\xampp\htdocs\assetslte\system\Model.php(286): CodeIgniter\Database\BaseBuilder->get()
#5 C:\xampp\htdocs\assetslte\system\BaseModel.php(675): CodeIgniter\Model->doFindAll(0, 0)
#6 C:\xampp\htdocs\assetslte\app\Models\RiwayatModel.php(37): CodeIgniter\BaseModel->findAll()
#7 C:\xampp\htdocs\assetslte\app\Controllers\BarangController.php(216): App\Models\RiwayatModel->getRiwayatWithBarang('41')
#8 C:\xampp\htdocs\assetslte\system\CodeIgniter.php(933): App\Controllers\BarangController->riwayatBarangHabisPakai('41')
#9 C:\xampp\htdocs\assetslte\system\CodeIgniter.php(507): CodeIgniter\CodeIgniter->runController(Object(App\Controllers\BarangController))
#10 C:\xampp\htdocs\assetslte\system\CodeIgniter.php(354): CodeIgniter\CodeIgniter->handleRequest(NULL, Object(Config\Cache), false)
#11 C:\xampp\htdocs\assetslte\system\Boot.php(334): CodeIgniter\CodeIgniter->run()
#12 C:\xampp\htdocs\assetslte\system\Boot.php(67): CodeIgniter\Boot::runCodeIgniter(Object(CodeIgniter\CodeIgniter))
#13 C:\xampp\htdocs\assetslte\public\index.php(56): CodeIgniter\Boot::bootWeb(Object(Config\Paths))
#14 C:\xampp\htdocs\assetslte\system\rewrite.php(44): require_once('C:\\xampp\\htdocs...')
#15 {main}
CRITICAL - 2025-05-21 03:13:07 --> CodeIgniter\Database\Exceptions\DatabaseException: Unknown column 'barang.kode_barang' in 'field list'
[Method: GET, Route: baranghabispakai/riwayat/41]
in SYSTEMPATH\Database\BaseConnection.php on line 692.
 1 SYSTEMPATH\Database\BaseBuilder.php(1649): CodeIgniter\Database\BaseConnection->query('SELECT `riwayat`.*, `barang`.`nama_barang`, `barang`.`kode_barang`
FROM `riwayat`
JOIN `barang` ON `barang`.`id` = `riwayat`.`id_barang`
WHERE `riwayat`.`id_barang` = :riwayat.id_barang:', [...], false)
 2 SYSTEMPATH\Model.php(286): CodeIgniter\Database\BaseBuilder->get()
 3 SYSTEMPATH\BaseModel.php(675): CodeIgniter\Model->doFindAll(0, 0)
 4 APPPATH\Models\RiwayatModel.php(37): CodeIgniter\BaseModel->findAll()
 5 APPPATH\Controllers\BarangController.php(216): App\Models\RiwayatModel->getRiwayatWithBarang('41')
 6 SYSTEMPATH\CodeIgniter.php(933): App\Controllers\BarangController->riwayatBarangHabisPakai('41')
 7 SYSTEMPATH\CodeIgniter.php(507): CodeIgniter\CodeIgniter->runController(Object(App\Controllers\BarangController))
 8 SYSTEMPATH\CodeIgniter.php(354): CodeIgniter\CodeIgniter->handleRequest(null, Object(Config\Cache), false)
 9 SYSTEMPATH\Boot.php(334): CodeIgniter\CodeIgniter->run()
10 SYSTEMPATH\Boot.php(67): CodeIgniter\Boot::runCodeIgniter(Object(CodeIgniter\CodeIgniter))
11 FCPATH\index.php(56): CodeIgniter\Boot::bootWeb(Object(Config\Paths))
12 SYSTEMPATH\rewrite.php(44): require_once('C:\\xampp\\htdocs\\assetslte\\public\\index.php')
CRITICAL - 2025-05-21 03:13:07 --> [Caused by] CodeIgniter\Database\Exceptions\DatabaseException: Unknown column 'barang.kode_barang' in 'field list'
in SYSTEMPATH\Database\MySQLi\Connection.php on line 332.
 1 SYSTEMPATH\Database\BaseConnection.php(738): CodeIgniter\Database\MySQLi\Connection->execute('SELECT `riwayat`.*, `barang`.`nama_barang`, `barang`.`kode_barang`
FROM `riwayat`
JOIN `barang` ON `barang`.`id` = `riwayat`.`id_barang`
WHERE `riwayat`.`id_barang` = \'41\'')
 2 SYSTEMPATH\Database\BaseConnection.php(652): CodeIgniter\Database\BaseConnection->simpleQuery('SELECT `riwayat`.*, `barang`.`nama_barang`, `barang`.`kode_barang`
FROM `riwayat`
JOIN `barang` ON `barang`.`id` = `riwayat`.`id_barang`
WHERE `riwayat`.`id_barang` = \'41\'')
 3 SYSTEMPATH\Database\BaseBuilder.php(1649): CodeIgniter\Database\BaseConnection->query('SELECT `riwayat`.*, `barang`.`nama_barang`, `barang`.`kode_barang`
FROM `riwayat`
JOIN `barang` ON `barang`.`id` = `riwayat`.`id_barang`
WHERE `riwayat`.`id_barang` = :riwayat.id_barang:', [...], false)
 4 SYSTEMPATH\Model.php(286): CodeIgniter\Database\BaseBuilder->get()
 5 SYSTEMPATH\BaseModel.php(675): CodeIgniter\Model->doFindAll(0, 0)
 6 APPPATH\Models\RiwayatModel.php(37): CodeIgniter\BaseModel->findAll()
 7 APPPATH\Controllers\BarangController.php(216): App\Models\RiwayatModel->getRiwayatWithBarang('41')
 8 SYSTEMPATH\CodeIgniter.php(933): App\Controllers\BarangController->riwayatBarangHabisPakai('41')
 9 SYSTEMPATH\CodeIgniter.php(507): CodeIgniter\CodeIgniter->runController(Object(App\Controllers\BarangController))
10 SYSTEMPATH\CodeIgniter.php(354): CodeIgniter\CodeIgniter->handleRequest(null, Object(Config\Cache), false)
11 SYSTEMPATH\Boot.php(334): CodeIgniter\CodeIgniter->run()
12 SYSTEMPATH\Boot.php(67): CodeIgniter\Boot::runCodeIgniter(Object(CodeIgniter\CodeIgniter))
13 FCPATH\index.php(56): CodeIgniter\Boot::bootWeb(Object(Config\Paths))
14 SYSTEMPATH\rewrite.php(44): require_once('C:\\xampp\\htdocs\\assetslte\\public\\index.php')
CRITICAL - 2025-05-21 03:13:07 --> [Caused by] mysqli_sql_exception: Unknown column 'barang.kode_barang' in 'field list'
in SYSTEMPATH\Database\MySQLi\Connection.php on line 327.
 1 SYSTEMPATH\Database\MySQLi\Connection.php(327): mysqli->query('SELECT `riwayat`.*, `barang`.`nama_barang`, `barang`.`kode_barang`
FROM `riwayat`
JOIN `barang` ON `barang`.`id` = `riwayat`.`id_barang`
WHERE `riwayat`.`id_barang` = \'41\'', 0)
 2 SYSTEMPATH\Database\BaseConnection.php(738): CodeIgniter\Database\MySQLi\Connection->execute('SELECT `riwayat`.*, `barang`.`nama_barang`, `barang`.`kode_barang`
FROM `riwayat`
JOIN `barang` ON `barang`.`id` = `riwayat`.`id_barang`
WHERE `riwayat`.`id_barang` = \'41\'')
 3 SYSTEMPATH\Database\BaseConnection.php(652): CodeIgniter\Database\BaseConnection->simpleQuery('SELECT `riwayat`.*, `barang`.`nama_barang`, `barang`.`kode_barang`
FROM `riwayat`
JOIN `barang` ON `barang`.`id` = `riwayat`.`id_barang`
WHERE `riwayat`.`id_barang` = \'41\'')
 4 SYSTEMPATH\Database\BaseBuilder.php(1649): CodeIgniter\Database\BaseConnection->query('SELECT `riwayat`.*, `barang`.`nama_barang`, `barang`.`kode_barang`
FROM `riwayat`
JOIN `barang` ON `barang`.`id` = `riwayat`.`id_barang`
WHERE `riwayat`.`id_barang` = :riwayat.id_barang:', [...], false)
 5 SYSTEMPATH\Model.php(286): CodeIgniter\Database\BaseBuilder->get()
 6 SYSTEMPATH\BaseModel.php(675): CodeIgniter\Model->doFindAll(0, 0)
 7 APPPATH\Models\RiwayatModel.php(37): CodeIgniter\BaseModel->findAll()
 8 APPPATH\Controllers\BarangController.php(216): App\Models\RiwayatModel->getRiwayatWithBarang('41')
 9 SYSTEMPATH\CodeIgniter.php(933): App\Controllers\BarangController->riwayatBarangHabisPakai('41')
10 SYSTEMPATH\CodeIgniter.php(507): CodeIgniter\CodeIgniter->runController(Object(App\Controllers\BarangController))
11 SYSTEMPATH\CodeIgniter.php(354): CodeIgniter\CodeIgniter->handleRequest(null, Object(Config\Cache), false)
12 SYSTEMPATH\Boot.php(334): CodeIgniter\CodeIgniter->run()
13 SYSTEMPATH\Boot.php(67): CodeIgniter\Boot::runCodeIgniter(Object(CodeIgniter\CodeIgniter))
14 FCPATH\index.php(56): CodeIgniter\Boot::bootWeb(Object(Config\Paths))
15 SYSTEMPATH\rewrite.php(44): require_once('C:\\xampp\\htdocs\\assetslte\\public\\index.php')
DEBUG - 2025-05-21 03:15:45 --> Session: Class initialized using 'CodeIgniter\Session\Handlers\FileHandler' driver.
DEBUG - 2025-05-21 07:26:24 --> Session: Class initialized using 'CodeIgniter\Session\Handlers\FileHandler' driver.
DEBUG - 2025-05-21 07:26:31 --> Session: Class initialized using 'CodeIgniter\Session\Handlers\FileHandler' driver.
DEBUG - 2025-05-21 07:26:31 --> Session: Class initialized using 'CodeIgniter\Session\Handlers\FileHandler' driver.
DEBUG - 2025-05-21 07:28:02 --> Session: Class initialized using 'CodeIgniter\Session\Handlers\FileHandler' driver.
