ERROR - 2025-03-28 12:18:58 --> mysqli_sql_exception: Failed to add the foreign key constraint. Missing index for constraint 'asset_kode_kategori_foreign' in the referenced table 'kategori' in C:\xampp\htdocs\assetslte\system\Database\MySQLi\Connection.php:327
Stack trace:
#0 C:\xampp\htdocs\assetslte\system\Database\MySQLi\Connection.php(327): mysqli->query('CREATE TABLE `a...', 0)
#1 C:\xampp\htdocs\assetslte\system\Database\BaseConnection.php(738): CodeIgniter\Database\MySQLi\Connection->execute('CREATE TABLE `a...')
#2 C:\xampp\htdocs\assetslte\system\Database\BaseConnection.php(652): CodeIgniter\Database\BaseConnection->simpleQuery('CREATE TABLE `a...')
#3 C:\xampp\htdocs\assetslte\system\Database\Forge.php(570): CodeIgniter\Database\BaseConnection->query('CREATE TABLE `a...')
#4 C:\xampp\htdocs\assetslte\app\Database\Migrations\2025-03-27-034253_CreateAssetTable.php(45): CodeIgniter\Database\Forge->createTable('asset')
#5 C:\xampp\htdocs\assetslte\system\Database\MigrationRunner.php(866): App\Database\Migrations\CreateBarangTable->up()
#6 C:\xampp\htdocs\assetslte\system\Database\MigrationRunner.php(182): CodeIgniter\Database\MigrationRunner->migrate('up', Object(stdClass))
#7 C:\xampp\htdocs\assetslte\system\Commands\Database\Migrate.php(85): CodeIgniter\Database\MigrationRunner->latest(NULL)
#8 C:\xampp\htdocs\assetslte\system\CLI\Commands.php(70): CodeIgniter\Commands\Database\Migrate->run(Array)
#9 C:\xampp\htdocs\assetslte\system\CLI\Console.php(48): CodeIgniter\CLI\Commands->run('migrate', Array)
#10 C:\xampp\htdocs\assetslte\system\Boot.php(360): CodeIgniter\CLI\Console->run()
#11 C:\xampp\htdocs\assetslte\system\Boot.php(104): CodeIgniter\Boot::runCommand(Object(CodeIgniter\CLI\Console))
#12 C:\xampp\htdocs\assetslte\spark(84): CodeIgniter\Boot::bootSpark(Object(Config\Paths))
#13 {main}
ERROR - 2025-03-28 12:22:47 --> mysqli_sql_exception: Failed to add the foreign key constraint. Missing index for constraint 'asset_kode_kategori_foreign' in the referenced table 'kategori' in C:\xampp\htdocs\assetslte\system\Database\MySQLi\Connection.php:327
Stack trace:
#0 C:\xampp\htdocs\assetslte\system\Database\MySQLi\Connection.php(327): mysqli->query('CREATE TABLE `a...', 0)
#1 C:\xampp\htdocs\assetslte\system\Database\BaseConnection.php(738): CodeIgniter\Database\MySQLi\Connection->execute('CREATE TABLE `a...')
#2 C:\xampp\htdocs\assetslte\system\Database\BaseConnection.php(652): CodeIgniter\Database\BaseConnection->simpleQuery('CREATE TABLE `a...')
#3 C:\xampp\htdocs\assetslte\system\Database\Forge.php(570): CodeIgniter\Database\BaseConnection->query('CREATE TABLE `a...')
#4 C:\xampp\htdocs\assetslte\app\Database\Migrations\2025-03-27-034253_CreateAssetTable.php(45): CodeIgniter\Database\Forge->createTable('asset')
#5 C:\xampp\htdocs\assetslte\system\Database\MigrationRunner.php(866): App\Database\Migrations\CreateBarangTable->up()
#6 C:\xampp\htdocs\assetslte\system\Database\MigrationRunner.php(182): CodeIgniter\Database\MigrationRunner->migrate('up', Object(stdClass))
#7 C:\xampp\htdocs\assetslte\system\Commands\Database\Migrate.php(85): CodeIgniter\Database\MigrationRunner->latest(NULL)
#8 C:\xampp\htdocs\assetslte\system\CLI\Commands.php(70): CodeIgniter\Commands\Database\Migrate->run(Array)
#9 C:\xampp\htdocs\assetslte\system\CLI\Console.php(48): CodeIgniter\CLI\Commands->run('migrate', Array)
#10 C:\xampp\htdocs\assetslte\system\Boot.php(360): CodeIgniter\CLI\Console->run()
#11 C:\xampp\htdocs\assetslte\system\Boot.php(104): CodeIgniter\Boot::runCommand(Object(CodeIgniter\CLI\Console))
#12 C:\xampp\htdocs\assetslte\spark(84): CodeIgniter\Boot::bootSpark(Object(Config\Paths))
#13 {main}
ERROR - 2025-03-28 12:23:58 --> mysqli_sql_exception: Failed to open the referenced table 'kategori' in C:\xampp\htdocs\assetslte\system\Database\MySQLi\Connection.php:327
Stack trace:
#0 C:\xampp\htdocs\assetslte\system\Database\MySQLi\Connection.php(327): mysqli->query('CREATE TABLE `a...', 0)
#1 C:\xampp\htdocs\assetslte\system\Database\BaseConnection.php(738): CodeIgniter\Database\MySQLi\Connection->execute('CREATE TABLE `a...')
#2 C:\xampp\htdocs\assetslte\system\Database\BaseConnection.php(652): CodeIgniter\Database\BaseConnection->simpleQuery('CREATE TABLE `a...')
#3 C:\xampp\htdocs\assetslte\system\Database\Forge.php(570): CodeIgniter\Database\BaseConnection->query('CREATE TABLE `a...')
#4 C:\xampp\htdocs\assetslte\app\Database\Migrations\2025-03-27-034253_CreateAssetTable.php(45): CodeIgniter\Database\Forge->createTable('asset')
#5 C:\xampp\htdocs\assetslte\system\Database\MigrationRunner.php(866): App\Database\Migrations\CreateBarangTable->up()
#6 C:\xampp\htdocs\assetslte\system\Database\MigrationRunner.php(182): CodeIgniter\Database\MigrationRunner->migrate('up', Object(stdClass))
#7 C:\xampp\htdocs\assetslte\system\Commands\Database\Migrate.php(85): CodeIgniter\Database\MigrationRunner->latest(NULL)
#8 C:\xampp\htdocs\assetslte\system\CLI\Commands.php(70): CodeIgniter\Commands\Database\Migrate->run(Array)
#9 C:\xampp\htdocs\assetslte\system\CLI\Console.php(48): CodeIgniter\CLI\Commands->run('migrate', Array)
#10 C:\xampp\htdocs\assetslte\system\Boot.php(360): CodeIgniter\CLI\Console->run()
#11 C:\xampp\htdocs\assetslte\system\Boot.php(104): CodeIgniter\Boot::runCommand(Object(CodeIgniter\CLI\Console))
#12 C:\xampp\htdocs\assetslte\spark(84): CodeIgniter\Boot::bootSpark(Object(Config\Paths))
#13 {main}
ERROR - 2025-03-28 12:26:21 --> mysqli_sql_exception: Failed to open the referenced table 'kategori' in C:\xampp\htdocs\assetslte\system\Database\MySQLi\Connection.php:327
Stack trace:
#0 C:\xampp\htdocs\assetslte\system\Database\MySQLi\Connection.php(327): mysqli->query('CREATE TABLE `a...', 0)
#1 C:\xampp\htdocs\assetslte\system\Database\BaseConnection.php(738): CodeIgniter\Database\MySQLi\Connection->execute('CREATE TABLE `a...')
#2 C:\xampp\htdocs\assetslte\system\Database\BaseConnection.php(652): CodeIgniter\Database\BaseConnection->simpleQuery('CREATE TABLE `a...')
#3 C:\xampp\htdocs\assetslte\system\Database\Forge.php(570): CodeIgniter\Database\BaseConnection->query('CREATE TABLE `a...')
#4 C:\xampp\htdocs\assetslte\app\Database\Migrations\2025-03-27-034253_CreateAssetTable.php(45): CodeIgniter\Database\Forge->createTable('asset')
#5 C:\xampp\htdocs\assetslte\system\Database\MigrationRunner.php(866): App\Database\Migrations\CreateBarangTable->up()
#6 C:\xampp\htdocs\assetslte\system\Database\MigrationRunner.php(182): CodeIgniter\Database\MigrationRunner->migrate('up', Object(stdClass))
#7 C:\xampp\htdocs\assetslte\system\Commands\Database\Migrate.php(85): CodeIgniter\Database\MigrationRunner->latest(NULL)
#8 C:\xampp\htdocs\assetslte\system\CLI\Commands.php(70): CodeIgniter\Commands\Database\Migrate->run(Array)
#9 C:\xampp\htdocs\assetslte\system\CLI\BaseCommand.php(119): CodeIgniter\CLI\Commands->run('migrate', Array)
#10 C:\xampp\htdocs\assetslte\system\Commands\Database\MigrateRefresh.php(87): CodeIgniter\CLI\BaseCommand->call('migrate', Array)
#11 C:\xampp\htdocs\assetslte\system\CLI\Commands.php(70): CodeIgniter\Commands\Database\MigrateRefresh->run(Array)
#12 C:\xampp\htdocs\assetslte\system\CLI\Console.php(48): CodeIgniter\CLI\Commands->run('migrate:refresh', Array)
#13 C:\xampp\htdocs\assetslte\system\Boot.php(360): CodeIgniter\CLI\Console->run()
#14 C:\xampp\htdocs\assetslte\system\Boot.php(104): CodeIgniter\Boot::runCommand(Object(CodeIgniter\CLI\Console))
#15 C:\xampp\htdocs\assetslte\spark(84): CodeIgniter\Boot::bootSpark(Object(Config\Paths))
#16 {main}
ERROR - 2025-03-28 12:31:47 --> mysqli_sql_exception: Failed to open the referenced table 'kategori' in C:\xampp\htdocs\assetslte\system\Database\MySQLi\Connection.php:327
Stack trace:
#0 C:\xampp\htdocs\assetslte\system\Database\MySQLi\Connection.php(327): mysqli->query('CREATE TABLE `a...', 0)
#1 C:\xampp\htdocs\assetslte\system\Database\BaseConnection.php(738): CodeIgniter\Database\MySQLi\Connection->execute('CREATE TABLE `a...')
#2 C:\xampp\htdocs\assetslte\system\Database\BaseConnection.php(652): CodeIgniter\Database\BaseConnection->simpleQuery('CREATE TABLE `a...')
#3 C:\xampp\htdocs\assetslte\system\Database\Forge.php(570): CodeIgniter\Database\BaseConnection->query('CREATE TABLE `a...')
#4 C:\xampp\htdocs\assetslte\app\Database\Migrations\2025-03-28-123012_CreateAssetTable.php(45): CodeIgniter\Database\Forge->createTable('asset')
#5 C:\xampp\htdocs\assetslte\system\Database\MigrationRunner.php(866): App\Database\Migrations\CreateBarangTable->up()
#6 C:\xampp\htdocs\assetslte\system\Database\MigrationRunner.php(182): CodeIgniter\Database\MigrationRunner->migrate('up', Object(stdClass))
#7 C:\xampp\htdocs\assetslte\system\Commands\Database\Migrate.php(85): CodeIgniter\Database\MigrationRunner->latest(NULL)
#8 C:\xampp\htdocs\assetslte\system\CLI\Commands.php(70): CodeIgniter\Commands\Database\Migrate->run(Array)
#9 C:\xampp\htdocs\assetslte\system\CLI\Console.php(48): CodeIgniter\CLI\Commands->run('migrate', Array)
#10 C:\xampp\htdocs\assetslte\system\Boot.php(360): CodeIgniter\CLI\Console->run()
#11 C:\xampp\htdocs\assetslte\system\Boot.php(104): CodeIgniter\Boot::runCommand(Object(CodeIgniter\CLI\Console))
#12 C:\xampp\htdocs\assetslte\spark(84): CodeIgniter\Boot::bootSpark(Object(Config\Paths))
#13 {main}
ERROR - 2025-03-28 12:32:38 --> mysqli_sql_exception: Failed to open the referenced table 'kategori' in C:\xampp\htdocs\assetslte\system\Database\MySQLi\Connection.php:327
Stack trace:
#0 C:\xampp\htdocs\assetslte\system\Database\MySQLi\Connection.php(327): mysqli->query('CREATE TABLE `a...', 0)
#1 C:\xampp\htdocs\assetslte\system\Database\BaseConnection.php(738): CodeIgniter\Database\MySQLi\Connection->execute('CREATE TABLE `a...')
#2 C:\xampp\htdocs\assetslte\system\Database\BaseConnection.php(652): CodeIgniter\Database\BaseConnection->simpleQuery('CREATE TABLE `a...')
#3 C:\xampp\htdocs\assetslte\system\Database\Forge.php(570): CodeIgniter\Database\BaseConnection->query('CREATE TABLE `a...')
#4 C:\xampp\htdocs\assetslte\app\Database\Migrations\2025-03-28-123012_CreateAssetTable.php(45): CodeIgniter\Database\Forge->createTable('asset')
#5 C:\xampp\htdocs\assetslte\system\Database\MigrationRunner.php(866): App\Database\Migrations\CreateBarangTable->up()
#6 C:\xampp\htdocs\assetslte\system\Database\MigrationRunner.php(182): CodeIgniter\Database\MigrationRunner->migrate('up', Object(stdClass))
#7 C:\xampp\htdocs\assetslte\system\Commands\Database\Migrate.php(85): CodeIgniter\Database\MigrationRunner->latest(NULL)
#8 C:\xampp\htdocs\assetslte\system\CLI\Commands.php(70): CodeIgniter\Commands\Database\Migrate->run(Array)
#9 C:\xampp\htdocs\assetslte\system\CLI\Console.php(48): CodeIgniter\CLI\Commands->run('migrate', Array)
#10 C:\xampp\htdocs\assetslte\system\Boot.php(360): CodeIgniter\CLI\Console->run()
#11 C:\xampp\htdocs\assetslte\system\Boot.php(104): CodeIgniter\Boot::runCommand(Object(CodeIgniter\CLI\Console))
#12 C:\xampp\htdocs\assetslte\spark(84): CodeIgniter\Boot::bootSpark(Object(Config\Paths))
#13 {main}
ERROR - 2025-03-28 12:33:48 --> mysqli_sql_exception: Failed to open the referenced table 'kategori' in C:\xampp\htdocs\assetslte\system\Database\MySQLi\Connection.php:327
Stack trace:
#0 C:\xampp\htdocs\assetslte\system\Database\MySQLi\Connection.php(327): mysqli->query('CREATE TABLE `a...', 0)
#1 C:\xampp\htdocs\assetslte\system\Database\BaseConnection.php(738): CodeIgniter\Database\MySQLi\Connection->execute('CREATE TABLE `a...')
#2 C:\xampp\htdocs\assetslte\system\Database\BaseConnection.php(652): CodeIgniter\Database\BaseConnection->simpleQuery('CREATE TABLE `a...')
#3 C:\xampp\htdocs\assetslte\system\Database\Forge.php(570): CodeIgniter\Database\BaseConnection->query('CREATE TABLE `a...')
#4 C:\xampp\htdocs\assetslte\app\Database\Migrations\2025-03-28-123012_CreateAssetTable.php(46): CodeIgniter\Database\Forge->createTable('asset')
#5 C:\xampp\htdocs\assetslte\system\Database\MigrationRunner.php(866): App\Database\Migrations\CreateBarangTable->up()
#6 C:\xampp\htdocs\assetslte\system\Database\MigrationRunner.php(182): CodeIgniter\Database\MigrationRunner->migrate('up', Object(stdClass))
#7 C:\xampp\htdocs\assetslte\system\Commands\Database\Migrate.php(85): CodeIgniter\Database\MigrationRunner->latest(NULL)
#8 C:\xampp\htdocs\assetslte\system\CLI\Commands.php(70): CodeIgniter\Commands\Database\Migrate->run(Array)
#9 C:\xampp\htdocs\assetslte\system\CLI\Console.php(48): CodeIgniter\CLI\Commands->run('migrate', Array)
#10 C:\xampp\htdocs\assetslte\system\Boot.php(360): CodeIgniter\CLI\Console->run()
#11 C:\xampp\htdocs\assetslte\system\Boot.php(104): CodeIgniter\Boot::runCommand(Object(CodeIgniter\CLI\Console))
#12 C:\xampp\htdocs\assetslte\spark(84): CodeIgniter\Boot::bootSpark(Object(Config\Paths))
#13 {main}
ERROR - 2025-03-28 12:36:16 --> mysqli_sql_exception: Failed to open the referenced table 'kategori' in C:\xampp\htdocs\assetslte\system\Database\MySQLi\Connection.php:327
Stack trace:
#0 C:\xampp\htdocs\assetslte\system\Database\MySQLi\Connection.php(327): mysqli->query('CREATE TABLE `a...', 0)
#1 C:\xampp\htdocs\assetslte\system\Database\BaseConnection.php(738): CodeIgniter\Database\MySQLi\Connection->execute('CREATE TABLE `a...')
#2 C:\xampp\htdocs\assetslte\system\Database\BaseConnection.php(652): CodeIgniter\Database\BaseConnection->simpleQuery('CREATE TABLE `a...')
#3 C:\xampp\htdocs\assetslte\system\Database\Forge.php(570): CodeIgniter\Database\BaseConnection->query('CREATE TABLE `a...')
#4 C:\xampp\htdocs\assetslte\app\Database\Migrations\2025-03-28-123012_CreateAssetTable.php(46): CodeIgniter\Database\Forge->createTable('asset')
#5 C:\xampp\htdocs\assetslte\system\Database\MigrationRunner.php(866): App\Database\Migrations\CreateBarangTable->up()
#6 C:\xampp\htdocs\assetslte\system\Database\MigrationRunner.php(182): CodeIgniter\Database\MigrationRunner->migrate('up', Object(stdClass))
#7 C:\xampp\htdocs\assetslte\system\Commands\Database\Migrate.php(85): CodeIgniter\Database\MigrationRunner->latest(NULL)
#8 C:\xampp\htdocs\assetslte\system\CLI\Commands.php(70): CodeIgniter\Commands\Database\Migrate->run(Array)
#9 C:\xampp\htdocs\assetslte\system\CLI\Console.php(48): CodeIgniter\CLI\Commands->run('migrate', Array)
#10 C:\xampp\htdocs\assetslte\system\Boot.php(360): CodeIgniter\CLI\Console->run()
#11 C:\xampp\htdocs\assetslte\system\Boot.php(104): CodeIgniter\Boot::runCommand(Object(CodeIgniter\CLI\Console))
#12 C:\xampp\htdocs\assetslte\spark(84): CodeIgniter\Boot::bootSpark(Object(Config\Paths))
#13 {main}
ERROR - 2025-03-28 12:36:31 --> mysqli_sql_exception: Failed to open the referenced table 'kategori' in C:\xampp\htdocs\assetslte\system\Database\MySQLi\Connection.php:327
Stack trace:
#0 C:\xampp\htdocs\assetslte\system\Database\MySQLi\Connection.php(327): mysqli->query('CREATE TABLE `a...', 0)
#1 C:\xampp\htdocs\assetslte\system\Database\BaseConnection.php(738): CodeIgniter\Database\MySQLi\Connection->execute('CREATE TABLE `a...')
#2 C:\xampp\htdocs\assetslte\system\Database\BaseConnection.php(652): CodeIgniter\Database\BaseConnection->simpleQuery('CREATE TABLE `a...')
#3 C:\xampp\htdocs\assetslte\system\Database\Forge.php(570): CodeIgniter\Database\BaseConnection->query('CREATE TABLE `a...')
#4 C:\xampp\htdocs\assetslte\app\Database\Migrations\2025-03-28-123012_CreateAssetTable.php(46): CodeIgniter\Database\Forge->createTable('asset')
#5 C:\xampp\htdocs\assetslte\system\Database\MigrationRunner.php(866): App\Database\Migrations\CreateBarangTable->up()
#6 C:\xampp\htdocs\assetslte\system\Database\MigrationRunner.php(182): CodeIgniter\Database\MigrationRunner->migrate('up', Object(stdClass))
#7 C:\xampp\htdocs\assetslte\system\Commands\Database\Migrate.php(85): CodeIgniter\Database\MigrationRunner->latest(NULL)
#8 C:\xampp\htdocs\assetslte\system\CLI\Commands.php(70): CodeIgniter\Commands\Database\Migrate->run(Array)
#9 C:\xampp\htdocs\assetslte\system\CLI\Console.php(48): CodeIgniter\CLI\Commands->run('migrate', Array)
#10 C:\xampp\htdocs\assetslte\system\Boot.php(360): CodeIgniter\CLI\Console->run()
#11 C:\xampp\htdocs\assetslte\system\Boot.php(104): CodeIgniter\Boot::runCommand(Object(CodeIgniter\CLI\Console))
#12 C:\xampp\htdocs\assetslte\spark(84): CodeIgniter\Boot::bootSpark(Object(Config\Paths))
#13 {main}
ERROR - 2025-03-28 12:37:01 --> mysqli_sql_exception: Failed to open the referenced table 'kategori' in C:\xampp\htdocs\assetslte\system\Database\MySQLi\Connection.php:327
Stack trace:
#0 C:\xampp\htdocs\assetslte\system\Database\MySQLi\Connection.php(327): mysqli->query('CREATE TABLE `a...', 0)
#1 C:\xampp\htdocs\assetslte\system\Database\BaseConnection.php(738): CodeIgniter\Database\MySQLi\Connection->execute('CREATE TABLE `a...')
#2 C:\xampp\htdocs\assetslte\system\Database\BaseConnection.php(652): CodeIgniter\Database\BaseConnection->simpleQuery('CREATE TABLE `a...')
#3 C:\xampp\htdocs\assetslte\system\Database\Forge.php(570): CodeIgniter\Database\BaseConnection->query('CREATE TABLE `a...')
#4 C:\xampp\htdocs\assetslte\app\Database\Migrations\2025-03-28-123012_CreateAssetTable.php(46): CodeIgniter\Database\Forge->createTable('asset')
#5 C:\xampp\htdocs\assetslte\system\Database\MigrationRunner.php(866): App\Database\Migrations\CreateBarangTable->up()
#6 C:\xampp\htdocs\assetslte\system\Database\MigrationRunner.php(182): CodeIgniter\Database\MigrationRunner->migrate('up', Object(stdClass))
#7 C:\xampp\htdocs\assetslte\system\Commands\Database\Migrate.php(85): CodeIgniter\Database\MigrationRunner->latest(NULL)
#8 C:\xampp\htdocs\assetslte\system\CLI\Commands.php(70): CodeIgniter\Commands\Database\Migrate->run(Array)
#9 C:\xampp\htdocs\assetslte\system\CLI\BaseCommand.php(119): CodeIgniter\CLI\Commands->run('migrate', Array)
#10 C:\xampp\htdocs\assetslte\system\Commands\Database\MigrateRefresh.php(87): CodeIgniter\CLI\BaseCommand->call('migrate', Array)
#11 C:\xampp\htdocs\assetslte\system\CLI\Commands.php(70): CodeIgniter\Commands\Database\MigrateRefresh->run(Array)
#12 C:\xampp\htdocs\assetslte\system\CLI\Console.php(48): CodeIgniter\CLI\Commands->run('migrate:refresh', Array)
#13 C:\xampp\htdocs\assetslte\system\Boot.php(360): CodeIgniter\CLI\Console->run()
#14 C:\xampp\htdocs\assetslte\system\Boot.php(104): CodeIgniter\Boot::runCommand(Object(CodeIgniter\CLI\Console))
#15 C:\xampp\htdocs\assetslte\spark(84): CodeIgniter\Boot::bootSpark(Object(Config\Paths))
#16 {main}
ERROR - 2025-03-28 12:39:50 --> mysqli_sql_exception: Failed to open the referenced table 'kategori' in C:\xampp\htdocs\assetslte\system\Database\MySQLi\Connection.php:327
Stack trace:
#0 C:\xampp\htdocs\assetslte\system\Database\MySQLi\Connection.php(327): mysqli->query('CREATE TABLE `a...', 0)
#1 C:\xampp\htdocs\assetslte\system\Database\BaseConnection.php(738): CodeIgniter\Database\MySQLi\Connection->execute('CREATE TABLE `a...')
#2 C:\xampp\htdocs\assetslte\system\Database\BaseConnection.php(652): CodeIgniter\Database\BaseConnection->simpleQuery('CREATE TABLE `a...')
#3 C:\xampp\htdocs\assetslte\system\Database\Forge.php(570): CodeIgniter\Database\BaseConnection->query('CREATE TABLE `a...')
#4 C:\xampp\htdocs\assetslte\app\Database\Migrations\2025-03-28-123012_CreateAssetTable.php(46): CodeIgniter\Database\Forge->createTable('asset')
#5 C:\xampp\htdocs\assetslte\system\Database\MigrationRunner.php(866): App\Database\Migrations\CreateBarangTable->up()
#6 C:\xampp\htdocs\assetslte\system\Database\MigrationRunner.php(182): CodeIgniter\Database\MigrationRunner->migrate('up', Object(stdClass))
#7 C:\xampp\htdocs\assetslte\system\Commands\Database\Migrate.php(85): CodeIgniter\Database\MigrationRunner->latest(NULL)
#8 C:\xampp\htdocs\assetslte\system\CLI\Commands.php(70): CodeIgniter\Commands\Database\Migrate->run(Array)
#9 C:\xampp\htdocs\assetslte\system\CLI\Console.php(48): CodeIgniter\CLI\Commands->run('migrate', Array)
#10 C:\xampp\htdocs\assetslte\system\Boot.php(360): CodeIgniter\CLI\Console->run()
#11 C:\xampp\htdocs\assetslte\system\Boot.php(104): CodeIgniter\Boot::runCommand(Object(CodeIgniter\CLI\Console))
#12 C:\xampp\htdocs\assetslte\spark(84): CodeIgniter\Boot::bootSpark(Object(Config\Paths))
#13 {main}
ERROR - 2025-03-28 12:44:49 --> mysqli_sql_exception: Failed to open the referenced table 'kategori' in C:\xampp\htdocs\assetslte\system\Database\MySQLi\Connection.php:327
Stack trace:
#0 C:\xampp\htdocs\assetslte\system\Database\MySQLi\Connection.php(327): mysqli->query('CREATE TABLE `a...', 0)
#1 C:\xampp\htdocs\assetslte\system\Database\BaseConnection.php(738): CodeIgniter\Database\MySQLi\Connection->execute('CREATE TABLE `a...')
#2 C:\xampp\htdocs\assetslte\system\Database\BaseConnection.php(652): CodeIgniter\Database\BaseConnection->simpleQuery('CREATE TABLE `a...')
#3 C:\xampp\htdocs\assetslte\system\Database\Forge.php(570): CodeIgniter\Database\BaseConnection->query('CREATE TABLE `a...')
#4 C:\xampp\htdocs\assetslte\app\Database\Migrations\2025-03-28-123012_CreateAssetTable.php(46): CodeIgniter\Database\Forge->createTable('asset')
#5 C:\xampp\htdocs\assetslte\system\Database\MigrationRunner.php(866): App\Database\Migrations\CreateBarangTable->up()
#6 C:\xampp\htdocs\assetslte\system\Database\MigrationRunner.php(182): CodeIgniter\Database\MigrationRunner->migrate('up', Object(stdClass))
#7 C:\xampp\htdocs\assetslte\system\Commands\Database\Migrate.php(85): CodeIgniter\Database\MigrationRunner->latest(NULL)
#8 C:\xampp\htdocs\assetslte\system\CLI\Commands.php(70): CodeIgniter\Commands\Database\Migrate->run(Array)
#9 C:\xampp\htdocs\assetslte\system\CLI\Console.php(48): CodeIgniter\CLI\Commands->run('migrate', Array)
#10 C:\xampp\htdocs\assetslte\system\Boot.php(360): CodeIgniter\CLI\Console->run()
#11 C:\xampp\htdocs\assetslte\system\Boot.php(104): CodeIgniter\Boot::runCommand(Object(CodeIgniter\CLI\Console))
#12 C:\xampp\htdocs\assetslte\spark(84): CodeIgniter\Boot::bootSpark(Object(Config\Paths))
#13 {main}
ERROR - 2025-03-28 12:48:06 --> mysqli_sql_exception: Failed to open the referenced table 'kategori' in C:\xampp\htdocs\assetslte\system\Database\MySQLi\Connection.php:327
Stack trace:
#0 C:\xampp\htdocs\assetslte\system\Database\MySQLi\Connection.php(327): mysqli->query('CREATE TABLE `a...', 0)
#1 C:\xampp\htdocs\assetslte\system\Database\BaseConnection.php(738): CodeIgniter\Database\MySQLi\Connection->execute('CREATE TABLE `a...')
#2 C:\xampp\htdocs\assetslte\system\Database\BaseConnection.php(652): CodeIgniter\Database\BaseConnection->simpleQuery('CREATE TABLE `a...')
#3 C:\xampp\htdocs\assetslte\system\Database\Forge.php(570): CodeIgniter\Database\BaseConnection->query('CREATE TABLE `a...')
#4 C:\xampp\htdocs\assetslte\app\Database\Migrations\2025-03-28-123012_CreateAssetTable.php(47): CodeIgniter\Database\Forge->createTable('asset')
#5 C:\xampp\htdocs\assetslte\system\Database\MigrationRunner.php(866): App\Database\Migrations\CreateBarangTable->up()
#6 C:\xampp\htdocs\assetslte\system\Database\MigrationRunner.php(182): CodeIgniter\Database\MigrationRunner->migrate('up', Object(stdClass))
#7 C:\xampp\htdocs\assetslte\system\Commands\Database\Migrate.php(85): CodeIgniter\Database\MigrationRunner->latest(NULL)
#8 C:\xampp\htdocs\assetslte\system\CLI\Commands.php(70): CodeIgniter\Commands\Database\Migrate->run(Array)
#9 C:\xampp\htdocs\assetslte\system\CLI\Console.php(48): CodeIgniter\CLI\Commands->run('migrate', Array)
#10 C:\xampp\htdocs\assetslte\system\Boot.php(360): CodeIgniter\CLI\Console->run()
#11 C:\xampp\htdocs\assetslte\system\Boot.php(104): CodeIgniter\Boot::runCommand(Object(CodeIgniter\CLI\Console))
#12 C:\xampp\htdocs\assetslte\spark(84): CodeIgniter\Boot::bootSpark(Object(Config\Paths))
#13 {main}
ERROR - 2025-03-28 12:52:04 --> mysqli_sql_exception: Referencing column 'kode_kategori' and referenced column 'kode_kategori' in foreign key constraint 'asset_kode_kategori_foreign' are incompatible. in C:\xampp\htdocs\assetslte\system\Database\MySQLi\Connection.php:327
Stack trace:
#0 C:\xampp\htdocs\assetslte\system\Database\MySQLi\Connection.php(327): mysqli->query('CREATE TABLE `a...', 0)
#1 C:\xampp\htdocs\assetslte\system\Database\BaseConnection.php(738): CodeIgniter\Database\MySQLi\Connection->execute('CREATE TABLE `a...')
#2 C:\xampp\htdocs\assetslte\system\Database\BaseConnection.php(652): CodeIgniter\Database\BaseConnection->simpleQuery('CREATE TABLE `a...')
#3 C:\xampp\htdocs\assetslte\system\Database\Forge.php(570): CodeIgniter\Database\BaseConnection->query('CREATE TABLE `a...')
#4 C:\xampp\htdocs\assetslte\app\Database\Migrations\2025-03-28-123012_CreateAssetTable.php(47): CodeIgniter\Database\Forge->createTable('asset')
#5 C:\xampp\htdocs\assetslte\system\Database\MigrationRunner.php(866): App\Database\Migrations\CreateBarangTable->up()
#6 C:\xampp\htdocs\assetslte\system\Database\MigrationRunner.php(182): CodeIgniter\Database\MigrationRunner->migrate('up', Object(stdClass))
#7 C:\xampp\htdocs\assetslte\system\Commands\Database\Migrate.php(85): CodeIgniter\Database\MigrationRunner->latest(NULL)
#8 C:\xampp\htdocs\assetslte\system\CLI\Commands.php(70): CodeIgniter\Commands\Database\Migrate->run(Array)
#9 C:\xampp\htdocs\assetslte\system\CLI\Console.php(48): CodeIgniter\CLI\Commands->run('migrate', Array)
#10 C:\xampp\htdocs\assetslte\system\Boot.php(360): CodeIgniter\CLI\Console->run()
#11 C:\xampp\htdocs\assetslte\system\Boot.php(104): CodeIgniter\Boot::runCommand(Object(CodeIgniter\CLI\Console))
#12 C:\xampp\htdocs\assetslte\spark(84): CodeIgniter\Boot::bootSpark(Object(Config\Paths))
#13 {main}
ERROR - 2025-03-28 12:53:05 --> mysqli_sql_exception: Referencing column 'kode_kategori' and referenced column 'kode_kategori' in foreign key constraint 'asset_kode_kategori_foreign' are incompatible. in C:\xampp\htdocs\assetslte\system\Database\MySQLi\Connection.php:327
Stack trace:
#0 C:\xampp\htdocs\assetslte\system\Database\MySQLi\Connection.php(327): mysqli->query('CREATE TABLE `a...', 0)
#1 C:\xampp\htdocs\assetslte\system\Database\BaseConnection.php(738): CodeIgniter\Database\MySQLi\Connection->execute('CREATE TABLE `a...')
#2 C:\xampp\htdocs\assetslte\system\Database\BaseConnection.php(652): CodeIgniter\Database\BaseConnection->simpleQuery('CREATE TABLE `a...')
#3 C:\xampp\htdocs\assetslte\system\Database\Forge.php(570): CodeIgniter\Database\BaseConnection->query('CREATE TABLE `a...')
#4 C:\xampp\htdocs\assetslte\app\Database\Migrations\2025-03-28-123012_CreateAssetTable.php(47): CodeIgniter\Database\Forge->createTable('asset')
#5 C:\xampp\htdocs\assetslte\system\Database\MigrationRunner.php(866): App\Database\Migrations\CreateBarangTable->up()
#6 C:\xampp\htdocs\assetslte\system\Database\MigrationRunner.php(182): CodeIgniter\Database\MigrationRunner->migrate('up', Object(stdClass))
#7 C:\xampp\htdocs\assetslte\system\Commands\Database\Migrate.php(85): CodeIgniter\Database\MigrationRunner->latest(NULL)
#8 C:\xampp\htdocs\assetslte\system\CLI\Commands.php(70): CodeIgniter\Commands\Database\Migrate->run(Array)
#9 C:\xampp\htdocs\assetslte\system\CLI\Console.php(48): CodeIgniter\CLI\Commands->run('migrate', Array)
#10 C:\xampp\htdocs\assetslte\system\Boot.php(360): CodeIgniter\CLI\Console->run()
#11 C:\xampp\htdocs\assetslte\system\Boot.php(104): CodeIgniter\Boot::runCommand(Object(CodeIgniter\CLI\Console))
#12 C:\xampp\htdocs\assetslte\spark(84): CodeIgniter\Boot::bootSpark(Object(Config\Paths))
#13 {main}
ERROR - 2025-03-28 12:53:22 --> mysqli_sql_exception: Failed to add the foreign key constraint. Missing index for constraint 'asset_kode_kategori_foreign' in the referenced table 'kategori' in C:\xampp\htdocs\assetslte\system\Database\MySQLi\Connection.php:327
Stack trace:
#0 C:\xampp\htdocs\assetslte\system\Database\MySQLi\Connection.php(327): mysqli->query('CREATE TABLE `a...', 0)
#1 C:\xampp\htdocs\assetslte\system\Database\BaseConnection.php(738): CodeIgniter\Database\MySQLi\Connection->execute('CREATE TABLE `a...')
#2 C:\xampp\htdocs\assetslte\system\Database\BaseConnection.php(652): CodeIgniter\Database\BaseConnection->simpleQuery('CREATE TABLE `a...')
#3 C:\xampp\htdocs\assetslte\system\Database\Forge.php(570): CodeIgniter\Database\BaseConnection->query('CREATE TABLE `a...')
#4 C:\xampp\htdocs\assetslte\app\Database\Migrations\2025-03-28-123012_CreateAssetTable.php(48): CodeIgniter\Database\Forge->createTable('asset')
#5 C:\xampp\htdocs\assetslte\system\Database\MigrationRunner.php(866): App\Database\Migrations\CreateBarangTable->up()
#6 C:\xampp\htdocs\assetslte\system\Database\MigrationRunner.php(182): CodeIgniter\Database\MigrationRunner->migrate('up', Object(stdClass))
#7 C:\xampp\htdocs\assetslte\system\Commands\Database\Migrate.php(85): CodeIgniter\Database\MigrationRunner->latest(NULL)
#8 C:\xampp\htdocs\assetslte\system\CLI\Commands.php(70): CodeIgniter\Commands\Database\Migrate->run(Array)
#9 C:\xampp\htdocs\assetslte\system\CLI\Console.php(48): CodeIgniter\CLI\Commands->run('migrate', Array)
#10 C:\xampp\htdocs\assetslte\system\Boot.php(360): CodeIgniter\CLI\Console->run()
#11 C:\xampp\htdocs\assetslte\system\Boot.php(104): CodeIgniter\Boot::runCommand(Object(CodeIgniter\CLI\Console))
#12 C:\xampp\htdocs\assetslte\spark(84): CodeIgniter\Boot::bootSpark(Object(Config\Paths))
#13 {main}
CRITICAL - 2025-03-28 12:57:21 --> ErrorException: Namespace declaration statement has to be the very first statement or after any declare call in the script
[Method: CLI, Route: migrate]
in APPPATH\Database\Migrations\2025-03-28-123047_CreateKategoriTable.php on line 4.
 1 [internal function]: CodeIgniter\Debug\Exceptions->shutdownHandler()
CRITICAL - 2025-03-28 12:57:57 --> ErrorException: Namespace declaration statement has to be the very first statement or after any declare call in the script
[Method: CLI, Route: migrate]
in APPPATH\Database\Migrations\2025-03-28-123047_CreateKategoriTable.php on line 4.
 1 [internal function]: CodeIgniter\Debug\Exceptions->shutdownHandler()
ERROR - 2025-03-28 12:58:51 --> mysqli_sql_exception: Unknown table 'db_assets.asset' in C:\xampp\htdocs\assetslte\system\Database\MySQLi\Connection.php:327
Stack trace:
#0 C:\xampp\htdocs\assetslte\system\Database\MySQLi\Connection.php(327): mysqli->query('DROP TABLE `ass...', 0)
#1 C:\xampp\htdocs\assetslte\system\Database\BaseConnection.php(738): CodeIgniter\Database\MySQLi\Connection->execute('DROP TABLE `ass...')
#2 C:\xampp\htdocs\assetslte\system\Database\BaseConnection.php(652): CodeIgniter\Database\BaseConnection->simpleQuery('DROP TABLE `ass...')
#3 C:\xampp\htdocs\assetslte\system\Database\Forge.php(663): CodeIgniter\Database\BaseConnection->query('DROP TABLE `ass...')
#4 C:\xampp\htdocs\assetslte\app\Database\Migrations\2025-03-28-123012_CreateAssetTable.php(53): CodeIgniter\Database\Forge->dropTable('asset')
#5 C:\xampp\htdocs\assetslte\system\Database\MigrationRunner.php(866): App\Database\Migrations\CreateBarangTable->down()
#6 C:\xampp\htdocs\assetslte\system\Database\MigrationRunner.php(289): CodeIgniter\Database\MigrationRunner->migrate('down', Object(stdClass))
#7 C:\xampp\htdocs\assetslte\system\Commands\Database\MigrateRollback.php(101): CodeIgniter\Database\MigrationRunner->regress(0)
#8 C:\xampp\htdocs\assetslte\system\CLI\Commands.php(70): CodeIgniter\Commands\Database\MigrateRollback->run(Array)
#9 C:\xampp\htdocs\assetslte\system\CLI\Console.php(48): CodeIgniter\CLI\Commands->run('migrate:rollbac...', Array)
#10 C:\xampp\htdocs\assetslte\system\Boot.php(360): CodeIgniter\CLI\Console->run()
#11 C:\xampp\htdocs\assetslte\system\Boot.php(104): CodeIgniter\Boot::runCommand(Object(CodeIgniter\CLI\Console))
#12 C:\xampp\htdocs\assetslte\spark(84): CodeIgniter\Boot::bootSpark(Object(Config\Paths))
#13 {main}
CRITICAL - 2025-03-28 12:58:56 --> ErrorException: Namespace declaration statement has to be the very first statement or after any declare call in the script
[Method: CLI, Route: migrate]
in APPPATH\Database\Migrations\2025-03-28-123047_CreateKategoriTable.php on line 4.
 1 [internal function]: CodeIgniter\Debug\Exceptions->shutdownHandler()
ERROR - 2025-03-28 13:03:14 --> mysqli_sql_exception: Unknown column 'asset.kategori_id' in 'on clause' in C:\xampp\htdocs\assetslte\system\Database\MySQLi\Connection.php:327
Stack trace:
#0 C:\xampp\htdocs\assetslte\system\Database\MySQLi\Connection.php(327): mysqli->query('SELECT `asset`....', 0)
#1 C:\xampp\htdocs\assetslte\system\Database\BaseConnection.php(738): CodeIgniter\Database\MySQLi\Connection->execute('SELECT `asset`....')
#2 C:\xampp\htdocs\assetslte\system\Database\BaseConnection.php(652): CodeIgniter\Database\BaseConnection->simpleQuery('SELECT `asset`....')
#3 C:\xampp\htdocs\assetslte\system\Database\BaseBuilder.php(1649): CodeIgniter\Database\BaseConnection->query('SELECT `asset`....', Array, false)
#4 C:\xampp\htdocs\assetslte\system\Model.php(286): CodeIgniter\Database\BaseBuilder->get()
#5 C:\xampp\htdocs\assetslte\system\BaseModel.php(675): CodeIgniter\Model->doFindAll(0, 0)
#6 C:\xampp\htdocs\assetslte\app\Models\AssetModel.php(21): CodeIgniter\BaseModel->findAll()
#7 C:\xampp\htdocs\assetslte\app\Controllers\AssetController.php(22): App\Models\AssetModel->getAssetWithKategori()
#8 C:\xampp\htdocs\assetslte\system\CodeIgniter.php(933): App\Controllers\AssetController->index()
#9 C:\xampp\htdocs\assetslte\system\CodeIgniter.php(507): CodeIgniter\CodeIgniter->runController(Object(App\Controllers\AssetController))
#10 C:\xampp\htdocs\assetslte\system\CodeIgniter.php(354): CodeIgniter\CodeIgniter->handleRequest(NULL, Object(Config\Cache), false)
#11 C:\xampp\htdocs\assetslte\system\Boot.php(334): CodeIgniter\CodeIgniter->run()
#12 C:\xampp\htdocs\assetslte\system\Boot.php(67): CodeIgniter\Boot::runCodeIgniter(Object(CodeIgniter\CodeIgniter))
#13 C:\xampp\htdocs\assetslte\public\index.php(56): CodeIgniter\Boot::bootWeb(Object(Config\Paths))
#14 C:\xampp\htdocs\assetslte\system\rewrite.php(44): require_once('C:\\xampp\\htdocs...')
#15 {main}
CRITICAL - 2025-03-28 13:03:14 --> CodeIgniter\Database\Exceptions\DatabaseException: Unknown column 'asset.kategori_id' in 'on clause'
[Method: GET, Route: asset]
in SYSTEMPATH\Database\BaseConnection.php on line 692.
 1 SYSTEMPATH\Database\BaseBuilder.php(1649): CodeIgniter\Database\BaseConnection->query('SELECT `asset`.*, `kategori`.`kode_kategori`
FROM `asset`
JOIN `kategori` ON `kategori`.`id` = `asset`.`kategori_id`', [], false)
 2 SYSTEMPATH\Model.php(286): CodeIgniter\Database\BaseBuilder->get()
 3 SYSTEMPATH\BaseModel.php(675): CodeIgniter\Model->doFindAll(0, 0)
 4 APPPATH\Models\AssetModel.php(21): CodeIgniter\BaseModel->findAll()
 5 APPPATH\Controllers\AssetController.php(22): App\Models\AssetModel->getAssetWithKategori()
 6 SYSTEMPATH\CodeIgniter.php(933): App\Controllers\AssetController->index()
 7 SYSTEMPATH\CodeIgniter.php(507): CodeIgniter\CodeIgniter->runController(Object(App\Controllers\AssetController))
 8 SYSTEMPATH\CodeIgniter.php(354): CodeIgniter\CodeIgniter->handleRequest(null, Object(Config\Cache), false)
 9 SYSTEMPATH\Boot.php(334): CodeIgniter\CodeIgniter->run()
10 SYSTEMPATH\Boot.php(67): CodeIgniter\Boot::runCodeIgniter(Object(CodeIgniter\CodeIgniter))
11 FCPATH\index.php(56): CodeIgniter\Boot::bootWeb(Object(Config\Paths))
12 SYSTEMPATH\rewrite.php(44): require_once('C:\\xampp\\htdocs\\assetslte\\public\\index.php')
CRITICAL - 2025-03-28 13:03:14 --> [Caused by] CodeIgniter\Database\Exceptions\DatabaseException: Unknown column 'asset.kategori_id' in 'on clause'
in SYSTEMPATH\Database\MySQLi\Connection.php on line 332.
 1 SYSTEMPATH\Database\BaseConnection.php(738): CodeIgniter\Database\MySQLi\Connection->execute('SELECT `asset`.*, `kategori`.`kode_kategori`
FROM `asset`
JOIN `kategori` ON `kategori`.`id` = `asset`.`kategori_id`')
 2 SYSTEMPATH\Database\BaseConnection.php(652): CodeIgniter\Database\BaseConnection->simpleQuery('SELECT `asset`.*, `kategori`.`kode_kategori`
FROM `asset`
JOIN `kategori` ON `kategori`.`id` = `asset`.`kategori_id`')
 3 SYSTEMPATH\Database\BaseBuilder.php(1649): CodeIgniter\Database\BaseConnection->query('SELECT `asset`.*, `kategori`.`kode_kategori`
FROM `asset`
JOIN `kategori` ON `kategori`.`id` = `asset`.`kategori_id`', [], false)
 4 SYSTEMPATH\Model.php(286): CodeIgniter\Database\BaseBuilder->get()
 5 SYSTEMPATH\BaseModel.php(675): CodeIgniter\Model->doFindAll(0, 0)
 6 APPPATH\Models\AssetModel.php(21): CodeIgniter\BaseModel->findAll()
 7 APPPATH\Controllers\AssetController.php(22): App\Models\AssetModel->getAssetWithKategori()
 8 SYSTEMPATH\CodeIgniter.php(933): App\Controllers\AssetController->index()
 9 SYSTEMPATH\CodeIgniter.php(507): CodeIgniter\CodeIgniter->runController(Object(App\Controllers\AssetController))
10 SYSTEMPATH\CodeIgniter.php(354): CodeIgniter\CodeIgniter->handleRequest(null, Object(Config\Cache), false)
11 SYSTEMPATH\Boot.php(334): CodeIgniter\CodeIgniter->run()
12 SYSTEMPATH\Boot.php(67): CodeIgniter\Boot::runCodeIgniter(Object(CodeIgniter\CodeIgniter))
13 FCPATH\index.php(56): CodeIgniter\Boot::bootWeb(Object(Config\Paths))
14 SYSTEMPATH\rewrite.php(44): require_once('C:\\xampp\\htdocs\\assetslte\\public\\index.php')
CRITICAL - 2025-03-28 13:03:14 --> [Caused by] mysqli_sql_exception: Unknown column 'asset.kategori_id' in 'on clause'
in SYSTEMPATH\Database\MySQLi\Connection.php on line 327.
 1 SYSTEMPATH\Database\MySQLi\Connection.php(327): mysqli->query('SELECT `asset`.*, `kategori`.`kode_kategori`
FROM `asset`
JOIN `kategori` ON `kategori`.`id` = `asset`.`kategori_id`', 0)
 2 SYSTEMPATH\Database\BaseConnection.php(738): CodeIgniter\Database\MySQLi\Connection->execute('SELECT `asset`.*, `kategori`.`kode_kategori`
FROM `asset`
JOIN `kategori` ON `kategori`.`id` = `asset`.`kategori_id`')
 3 SYSTEMPATH\Database\BaseConnection.php(652): CodeIgniter\Database\BaseConnection->simpleQuery('SELECT `asset`.*, `kategori`.`kode_kategori`
FROM `asset`
JOIN `kategori` ON `kategori`.`id` = `asset`.`kategori_id`')
 4 SYSTEMPATH\Database\BaseBuilder.php(1649): CodeIgniter\Database\BaseConnection->query('SELECT `asset`.*, `kategori`.`kode_kategori`
FROM `asset`
JOIN `kategori` ON `kategori`.`id` = `asset`.`kategori_id`', [], false)
 5 SYSTEMPATH\Model.php(286): CodeIgniter\Database\BaseBuilder->get()
 6 SYSTEMPATH\BaseModel.php(675): CodeIgniter\Model->doFindAll(0, 0)
 7 APPPATH\Models\AssetModel.php(21): CodeIgniter\BaseModel->findAll()
 8 APPPATH\Controllers\AssetController.php(22): App\Models\AssetModel->getAssetWithKategori()
 9 SYSTEMPATH\CodeIgniter.php(933): App\Controllers\AssetController->index()
10 SYSTEMPATH\CodeIgniter.php(507): CodeIgniter\CodeIgniter->runController(Object(App\Controllers\AssetController))
11 SYSTEMPATH\CodeIgniter.php(354): CodeIgniter\CodeIgniter->handleRequest(null, Object(Config\Cache), false)
12 SYSTEMPATH\Boot.php(334): CodeIgniter\CodeIgniter->run()
13 SYSTEMPATH\Boot.php(67): CodeIgniter\Boot::runCodeIgniter(Object(CodeIgniter\CodeIgniter))
14 FCPATH\index.php(56): CodeIgniter\Boot::bootWeb(Object(Config\Paths))
15 SYSTEMPATH\rewrite.php(44): require_once('C:\\xampp\\htdocs\\assetslte\\public\\index.php')
ERROR - 2025-03-28 13:03:31 --> mysqli_sql_exception: Unknown column 'asset.kategori_id' in 'on clause' in C:\xampp\htdocs\assetslte\system\Database\MySQLi\Connection.php:327
Stack trace:
#0 C:\xampp\htdocs\assetslte\system\Database\MySQLi\Connection.php(327): mysqli->query('SELECT `asset`....', 0)
#1 C:\xampp\htdocs\assetslte\system\Database\BaseConnection.php(738): CodeIgniter\Database\MySQLi\Connection->execute('SELECT `asset`....')
#2 C:\xampp\htdocs\assetslte\system\Database\BaseConnection.php(652): CodeIgniter\Database\BaseConnection->simpleQuery('SELECT `asset`....')
#3 C:\xampp\htdocs\assetslte\system\Database\BaseBuilder.php(1649): CodeIgniter\Database\BaseConnection->query('SELECT `asset`....', Array, false)
#4 C:\xampp\htdocs\assetslte\system\Model.php(286): CodeIgniter\Database\BaseBuilder->get()
#5 C:\xampp\htdocs\assetslte\system\BaseModel.php(675): CodeIgniter\Model->doFindAll(0, 0)
#6 C:\xampp\htdocs\assetslte\app\Models\AssetModel.php(21): CodeIgniter\BaseModel->findAll()
#7 C:\xampp\htdocs\assetslte\app\Controllers\AssetController.php(22): App\Models\AssetModel->getAssetWithKategori()
#8 C:\xampp\htdocs\assetslte\system\CodeIgniter.php(933): App\Controllers\AssetController->index()
#9 C:\xampp\htdocs\assetslte\system\CodeIgniter.php(507): CodeIgniter\CodeIgniter->runController(Object(App\Controllers\AssetController))
#10 C:\xampp\htdocs\assetslte\system\CodeIgniter.php(354): CodeIgniter\CodeIgniter->handleRequest(NULL, Object(Config\Cache), false)
#11 C:\xampp\htdocs\assetslte\system\Boot.php(334): CodeIgniter\CodeIgniter->run()
#12 C:\xampp\htdocs\assetslte\system\Boot.php(67): CodeIgniter\Boot::runCodeIgniter(Object(CodeIgniter\CodeIgniter))
#13 C:\xampp\htdocs\assetslte\public\index.php(56): CodeIgniter\Boot::bootWeb(Object(Config\Paths))
#14 C:\xampp\htdocs\assetslte\system\rewrite.php(44): require_once('C:\\xampp\\htdocs...')
#15 {main}
CRITICAL - 2025-03-28 13:03:31 --> CodeIgniter\Database\Exceptions\DatabaseException: Unknown column 'asset.kategori_id' in 'on clause'
[Method: GET, Route: asset]
in SYSTEMPATH\Database\BaseConnection.php on line 692.
 1 SYSTEMPATH\Database\BaseBuilder.php(1649): CodeIgniter\Database\BaseConnection->query('SELECT `asset`.*, `kategori`.`kode_kategori`
FROM `asset`
JOIN `kategori` ON `kategori`.`id` = `asset`.`kategori_id`', [], false)
 2 SYSTEMPATH\Model.php(286): CodeIgniter\Database\BaseBuilder->get()
 3 SYSTEMPATH\BaseModel.php(675): CodeIgniter\Model->doFindAll(0, 0)
 4 APPPATH\Models\AssetModel.php(21): CodeIgniter\BaseModel->findAll()
 5 APPPATH\Controllers\AssetController.php(22): App\Models\AssetModel->getAssetWithKategori()
 6 SYSTEMPATH\CodeIgniter.php(933): App\Controllers\AssetController->index()
 7 SYSTEMPATH\CodeIgniter.php(507): CodeIgniter\CodeIgniter->runController(Object(App\Controllers\AssetController))
 8 SYSTEMPATH\CodeIgniter.php(354): CodeIgniter\CodeIgniter->handleRequest(null, Object(Config\Cache), false)
 9 SYSTEMPATH\Boot.php(334): CodeIgniter\CodeIgniter->run()
10 SYSTEMPATH\Boot.php(67): CodeIgniter\Boot::runCodeIgniter(Object(CodeIgniter\CodeIgniter))
11 FCPATH\index.php(56): CodeIgniter\Boot::bootWeb(Object(Config\Paths))
12 SYSTEMPATH\rewrite.php(44): require_once('C:\\xampp\\htdocs\\assetslte\\public\\index.php')
CRITICAL - 2025-03-28 13:03:31 --> [Caused by] CodeIgniter\Database\Exceptions\DatabaseException: Unknown column 'asset.kategori_id' in 'on clause'
in SYSTEMPATH\Database\MySQLi\Connection.php on line 332.
 1 SYSTEMPATH\Database\BaseConnection.php(738): CodeIgniter\Database\MySQLi\Connection->execute('SELECT `asset`.*, `kategori`.`kode_kategori`
FROM `asset`
JOIN `kategori` ON `kategori`.`id` = `asset`.`kategori_id`')
 2 SYSTEMPATH\Database\BaseConnection.php(652): CodeIgniter\Database\BaseConnection->simpleQuery('SELECT `asset`.*, `kategori`.`kode_kategori`
FROM `asset`
JOIN `kategori` ON `kategori`.`id` = `asset`.`kategori_id`')
 3 SYSTEMPATH\Database\BaseBuilder.php(1649): CodeIgniter\Database\BaseConnection->query('SELECT `asset`.*, `kategori`.`kode_kategori`
FROM `asset`
JOIN `kategori` ON `kategori`.`id` = `asset`.`kategori_id`', [], false)
 4 SYSTEMPATH\Model.php(286): CodeIgniter\Database\BaseBuilder->get()
 5 SYSTEMPATH\BaseModel.php(675): CodeIgniter\Model->doFindAll(0, 0)
 6 APPPATH\Models\AssetModel.php(21): CodeIgniter\BaseModel->findAll()
 7 APPPATH\Controllers\AssetController.php(22): App\Models\AssetModel->getAssetWithKategori()
 8 SYSTEMPATH\CodeIgniter.php(933): App\Controllers\AssetController->index()
 9 SYSTEMPATH\CodeIgniter.php(507): CodeIgniter\CodeIgniter->runController(Object(App\Controllers\AssetController))
10 SYSTEMPATH\CodeIgniter.php(354): CodeIgniter\CodeIgniter->handleRequest(null, Object(Config\Cache), false)
11 SYSTEMPATH\Boot.php(334): CodeIgniter\CodeIgniter->run()
12 SYSTEMPATH\Boot.php(67): CodeIgniter\Boot::runCodeIgniter(Object(CodeIgniter\CodeIgniter))
13 FCPATH\index.php(56): CodeIgniter\Boot::bootWeb(Object(Config\Paths))
14 SYSTEMPATH\rewrite.php(44): require_once('C:\\xampp\\htdocs\\assetslte\\public\\index.php')
CRITICAL - 2025-03-28 13:03:31 --> [Caused by] mysqli_sql_exception: Unknown column 'asset.kategori_id' in 'on clause'
in SYSTEMPATH\Database\MySQLi\Connection.php on line 327.
 1 SYSTEMPATH\Database\MySQLi\Connection.php(327): mysqli->query('SELECT `asset`.*, `kategori`.`kode_kategori`
FROM `asset`
JOIN `kategori` ON `kategori`.`id` = `asset`.`kategori_id`', 0)
 2 SYSTEMPATH\Database\BaseConnection.php(738): CodeIgniter\Database\MySQLi\Connection->execute('SELECT `asset`.*, `kategori`.`kode_kategori`
FROM `asset`
JOIN `kategori` ON `kategori`.`id` = `asset`.`kategori_id`')
 3 SYSTEMPATH\Database\BaseConnection.php(652): CodeIgniter\Database\BaseConnection->simpleQuery('SELECT `asset`.*, `kategori`.`kode_kategori`
FROM `asset`
JOIN `kategori` ON `kategori`.`id` = `asset`.`kategori_id`')
 4 SYSTEMPATH\Database\BaseBuilder.php(1649): CodeIgniter\Database\BaseConnection->query('SELECT `asset`.*, `kategori`.`kode_kategori`
FROM `asset`
JOIN `kategori` ON `kategori`.`id` = `asset`.`kategori_id`', [], false)
 5 SYSTEMPATH\Model.php(286): CodeIgniter\Database\BaseBuilder->get()
 6 SYSTEMPATH\BaseModel.php(675): CodeIgniter\Model->doFindAll(0, 0)
 7 APPPATH\Models\AssetModel.php(21): CodeIgniter\BaseModel->findAll()
 8 APPPATH\Controllers\AssetController.php(22): App\Models\AssetModel->getAssetWithKategori()
 9 SYSTEMPATH\CodeIgniter.php(933): App\Controllers\AssetController->index()
10 SYSTEMPATH\CodeIgniter.php(507): CodeIgniter\CodeIgniter->runController(Object(App\Controllers\AssetController))
11 SYSTEMPATH\CodeIgniter.php(354): CodeIgniter\CodeIgniter->handleRequest(null, Object(Config\Cache), false)
12 SYSTEMPATH\Boot.php(334): CodeIgniter\CodeIgniter->run()
13 SYSTEMPATH\Boot.php(67): CodeIgniter\Boot::runCodeIgniter(Object(CodeIgniter\CodeIgniter))
14 FCPATH\index.php(56): CodeIgniter\Boot::bootWeb(Object(Config\Paths))
15 SYSTEMPATH\rewrite.php(44): require_once('C:\\xampp\\htdocs\\assetslte\\public\\index.php')
ERROR - 2025-03-28 13:07:06 --> mysqli_sql_exception: Column 'kode_kategori' cannot be null in C:\xampp\htdocs\assetslte\system\Database\MySQLi\Connection.php:327
Stack trace:
#0 C:\xampp\htdocs\assetslte\system\Database\MySQLi\Connection.php(327): mysqli->query('INSERT INTO `as...', 0)
#1 C:\xampp\htdocs\assetslte\system\Database\BaseConnection.php(738): CodeIgniter\Database\MySQLi\Connection->execute('INSERT INTO `as...')
#2 C:\xampp\htdocs\assetslte\system\Database\BaseConnection.php(652): CodeIgniter\Database\BaseConnection->simpleQuery('INSERT INTO `as...')
#3 C:\xampp\htdocs\assetslte\system\Database\BaseBuilder.php(2345): CodeIgniter\Database\BaseConnection->query('INSERT INTO `as...', Array, false)
#4 C:\xampp\htdocs\assetslte\system\Model.php(394): CodeIgniter\Database\BaseBuilder->insert()
#5 C:\xampp\htdocs\assetslte\system\BaseModel.php(839): CodeIgniter\Model->doInsert(Array)
#6 C:\xampp\htdocs\assetslte\system\Model.php(800): CodeIgniter\BaseModel->insert(Array, false)
#7 C:\xampp\htdocs\assetslte\system\BaseModel.php(750): CodeIgniter\Model->insert(Array, false)
#8 C:\xampp\htdocs\assetslte\app\Controllers\AssetController.php(51): CodeIgniter\BaseModel->save(Array)
#9 C:\xampp\htdocs\assetslte\system\CodeIgniter.php(933): App\Controllers\AssetController->store()
#10 C:\xampp\htdocs\assetslte\system\CodeIgniter.php(507): CodeIgniter\CodeIgniter->runController(Object(App\Controllers\AssetController))
#11 C:\xampp\htdocs\assetslte\system\CodeIgniter.php(354): CodeIgniter\CodeIgniter->handleRequest(NULL, Object(Config\Cache), false)
#12 C:\xampp\htdocs\assetslte\system\Boot.php(334): CodeIgniter\CodeIgniter->run()
#13 C:\xampp\htdocs\assetslte\system\Boot.php(67): CodeIgniter\Boot::runCodeIgniter(Object(CodeIgniter\CodeIgniter))
#14 C:\xampp\htdocs\assetslte\public\index.php(56): CodeIgniter\Boot::bootWeb(Object(Config\Paths))
#15 C:\xampp\htdocs\assetslte\system\rewrite.php(44): require_once('C:\\xampp\\htdocs...')
#16 {main}
CRITICAL - 2025-03-28 13:07:06 --> CodeIgniter\Database\Exceptions\DatabaseException: Column 'kode_kategori' cannot be null
[Method: POST, Route: asset/store]
in SYSTEMPATH\Database\BaseConnection.php on line 692.
 1 SYSTEMPATH\Database\BaseBuilder.php(2345): CodeIgniter\Database\BaseConnection->query('INSERT INTO `asset` (`kode_kategori`, `tanggal_masuk`) VALUES (:kode_kategori:, :tanggal_masuk:)', [...], false)
 2 SYSTEMPATH\Model.php(394): CodeIgniter\Database\BaseBuilder->insert()
 3 SYSTEMPATH\BaseModel.php(839): CodeIgniter\Model->doInsert([...])
 4 SYSTEMPATH\Model.php(800): CodeIgniter\BaseModel->insert([...], false)
 5 SYSTEMPATH\BaseModel.php(750): CodeIgniter\Model->insert([...], false)
 6 APPPATH\Controllers\AssetController.php(51): CodeIgniter\BaseModel->save([...])
 7 SYSTEMPATH\CodeIgniter.php(933): App\Controllers\AssetController->store()
 8 SYSTEMPATH\CodeIgniter.php(507): CodeIgniter\CodeIgniter->runController(Object(App\Controllers\AssetController))
 9 SYSTEMPATH\CodeIgniter.php(354): CodeIgniter\CodeIgniter->handleRequest(null, Object(Config\Cache), false)
10 SYSTEMPATH\Boot.php(334): CodeIgniter\CodeIgniter->run()
11 SYSTEMPATH\Boot.php(67): CodeIgniter\Boot::runCodeIgniter(Object(CodeIgniter\CodeIgniter))
12 FCPATH\index.php(56): CodeIgniter\Boot::bootWeb(Object(Config\Paths))
13 SYSTEMPATH\rewrite.php(44): require_once('C:\\xampp\\htdocs\\assetslte\\public\\index.php')
CRITICAL - 2025-03-28 13:07:06 --> [Caused by] CodeIgniter\Database\Exceptions\DatabaseException: Column 'kode_kategori' cannot be null
in SYSTEMPATH\Database\MySQLi\Connection.php on line 332.
 1 SYSTEMPATH\Database\BaseConnection.php(738): CodeIgniter\Database\MySQLi\Connection->execute('INSERT INTO `asset` (`kode_kategori`, `tanggal_masuk`) VALUES (NULL, \'1111-11-11\')')
 2 SYSTEMPATH\Database\BaseConnection.php(652): CodeIgniter\Database\BaseConnection->simpleQuery('INSERT INTO `asset` (`kode_kategori`, `tanggal_masuk`) VALUES (NULL, \'1111-11-11\')')
 3 SYSTEMPATH\Database\BaseBuilder.php(2345): CodeIgniter\Database\BaseConnection->query('INSERT INTO `asset` (`kode_kategori`, `tanggal_masuk`) VALUES (:kode_kategori:, :tanggal_masuk:)', [...], false)
 4 SYSTEMPATH\Model.php(394): CodeIgniter\Database\BaseBuilder->insert()
 5 SYSTEMPATH\BaseModel.php(839): CodeIgniter\Model->doInsert([...])
 6 SYSTEMPATH\Model.php(800): CodeIgniter\BaseModel->insert([...], false)
 7 SYSTEMPATH\BaseModel.php(750): CodeIgniter\Model->insert([...], false)
 8 APPPATH\Controllers\AssetController.php(51): CodeIgniter\BaseModel->save([...])
 9 SYSTEMPATH\CodeIgniter.php(933): App\Controllers\AssetController->store()
10 SYSTEMPATH\CodeIgniter.php(507): CodeIgniter\CodeIgniter->runController(Object(App\Controllers\AssetController))
11 SYSTEMPATH\CodeIgniter.php(354): CodeIgniter\CodeIgniter->handleRequest(null, Object(Config\Cache), false)
12 SYSTEMPATH\Boot.php(334): CodeIgniter\CodeIgniter->run()
13 SYSTEMPATH\Boot.php(67): CodeIgniter\Boot::runCodeIgniter(Object(CodeIgniter\CodeIgniter))
14 FCPATH\index.php(56): CodeIgniter\Boot::bootWeb(Object(Config\Paths))
15 SYSTEMPATH\rewrite.php(44): require_once('C:\\xampp\\htdocs\\assetslte\\public\\index.php')
CRITICAL - 2025-03-28 13:07:06 --> [Caused by] mysqli_sql_exception: Column 'kode_kategori' cannot be null
in SYSTEMPATH\Database\MySQLi\Connection.php on line 327.
 1 SYSTEMPATH\Database\MySQLi\Connection.php(327): mysqli->query('INSERT INTO `asset` (`kode_kategori`, `tanggal_masuk`) VALUES (NULL, \'1111-11-11\')', 0)
 2 SYSTEMPATH\Database\BaseConnection.php(738): CodeIgniter\Database\MySQLi\Connection->execute('INSERT INTO `asset` (`kode_kategori`, `tanggal_masuk`) VALUES (NULL, \'1111-11-11\')')
 3 SYSTEMPATH\Database\BaseConnection.php(652): CodeIgniter\Database\BaseConnection->simpleQuery('INSERT INTO `asset` (`kode_kategori`, `tanggal_masuk`) VALUES (NULL, \'1111-11-11\')')
 4 SYSTEMPATH\Database\BaseBuilder.php(2345): CodeIgniter\Database\BaseConnection->query('INSERT INTO `asset` (`kode_kategori`, `tanggal_masuk`) VALUES (:kode_kategori:, :tanggal_masuk:)', [...], false)
 5 SYSTEMPATH\Model.php(394): CodeIgniter\Database\BaseBuilder->insert()
 6 SYSTEMPATH\BaseModel.php(839): CodeIgniter\Model->doInsert([...])
 7 SYSTEMPATH\Model.php(800): CodeIgniter\BaseModel->insert([...], false)
 8 SYSTEMPATH\BaseModel.php(750): CodeIgniter\Model->insert([...], false)
 9 APPPATH\Controllers\AssetController.php(51): CodeIgniter\BaseModel->save([...])
10 SYSTEMPATH\CodeIgniter.php(933): App\Controllers\AssetController->store()
11 SYSTEMPATH\CodeIgniter.php(507): CodeIgniter\CodeIgniter->runController(Object(App\Controllers\AssetController))
12 SYSTEMPATH\CodeIgniter.php(354): CodeIgniter\CodeIgniter->handleRequest(null, Object(Config\Cache), false)
13 SYSTEMPATH\Boot.php(334): CodeIgniter\CodeIgniter->run()
14 SYSTEMPATH\Boot.php(67): CodeIgniter\Boot::runCodeIgniter(Object(CodeIgniter\CodeIgniter))
15 FCPATH\index.php(56): CodeIgniter\Boot::bootWeb(Object(Config\Paths))
16 SYSTEMPATH\rewrite.php(44): require_once('C:\\xampp\\htdocs\\assetslte\\public\\index.php')
ERROR - 2025-03-28 13:11:54 --> mysqli_sql_exception: Column 'kode_kategori' cannot be null in C:\xampp\htdocs\assetslte\system\Database\MySQLi\Connection.php:327
Stack trace:
#0 C:\xampp\htdocs\assetslte\system\Database\MySQLi\Connection.php(327): mysqli->query('INSERT INTO `as...', 0)
#1 C:\xampp\htdocs\assetslte\system\Database\BaseConnection.php(738): CodeIgniter\Database\MySQLi\Connection->execute('INSERT INTO `as...')
#2 C:\xampp\htdocs\assetslte\system\Database\BaseConnection.php(652): CodeIgniter\Database\BaseConnection->simpleQuery('INSERT INTO `as...')
#3 C:\xampp\htdocs\assetslte\system\Database\BaseBuilder.php(2345): CodeIgniter\Database\BaseConnection->query('INSERT INTO `as...', Array, false)
#4 C:\xampp\htdocs\assetslte\system\Model.php(394): CodeIgniter\Database\BaseBuilder->insert()
#5 C:\xampp\htdocs\assetslte\system\BaseModel.php(839): CodeIgniter\Model->doInsert(Array)
#6 C:\xampp\htdocs\assetslte\system\Model.php(800): CodeIgniter\BaseModel->insert(Array, false)
#7 C:\xampp\htdocs\assetslte\system\BaseModel.php(750): CodeIgniter\Model->insert(Array, false)
#8 C:\xampp\htdocs\assetslte\app\Controllers\AssetController.php(51): CodeIgniter\BaseModel->save(Array)
#9 C:\xampp\htdocs\assetslte\system\CodeIgniter.php(933): App\Controllers\AssetController->store()
#10 C:\xampp\htdocs\assetslte\system\CodeIgniter.php(507): CodeIgniter\CodeIgniter->runController(Object(App\Controllers\AssetController))
#11 C:\xampp\htdocs\assetslte\system\CodeIgniter.php(354): CodeIgniter\CodeIgniter->handleRequest(NULL, Object(Config\Cache), false)
#12 C:\xampp\htdocs\assetslte\system\Boot.php(334): CodeIgniter\CodeIgniter->run()
#13 C:\xampp\htdocs\assetslte\system\Boot.php(67): CodeIgniter\Boot::runCodeIgniter(Object(CodeIgniter\CodeIgniter))
#14 C:\xampp\htdocs\assetslte\public\index.php(56): CodeIgniter\Boot::bootWeb(Object(Config\Paths))
#15 C:\xampp\htdocs\assetslte\system\rewrite.php(44): require_once('C:\\xampp\\htdocs...')
#16 {main}
CRITICAL - 2025-03-28 13:11:54 --> CodeIgniter\Database\Exceptions\DatabaseException: Column 'kode_kategori' cannot be null
[Method: POST, Route: asset/store]
in SYSTEMPATH\Database\BaseConnection.php on line 692.
 1 SYSTEMPATH\Database\BaseBuilder.php(2345): CodeIgniter\Database\BaseConnection->query('INSERT INTO `asset` (`kode_kategori`, `tanggal_masuk`) VALUES (:kode_kategori:, :tanggal_masuk:)', [...], false)
 2 SYSTEMPATH\Model.php(394): CodeIgniter\Database\BaseBuilder->insert()
 3 SYSTEMPATH\BaseModel.php(839): CodeIgniter\Model->doInsert([...])
 4 SYSTEMPATH\Model.php(800): CodeIgniter\BaseModel->insert([...], false)
 5 SYSTEMPATH\BaseModel.php(750): CodeIgniter\Model->insert([...], false)
 6 APPPATH\Controllers\AssetController.php(51): CodeIgniter\BaseModel->save([...])
 7 SYSTEMPATH\CodeIgniter.php(933): App\Controllers\AssetController->store()
 8 SYSTEMPATH\CodeIgniter.php(507): CodeIgniter\CodeIgniter->runController(Object(App\Controllers\AssetController))
 9 SYSTEMPATH\CodeIgniter.php(354): CodeIgniter\CodeIgniter->handleRequest(null, Object(Config\Cache), false)
10 SYSTEMPATH\Boot.php(334): CodeIgniter\CodeIgniter->run()
11 SYSTEMPATH\Boot.php(67): CodeIgniter\Boot::runCodeIgniter(Object(CodeIgniter\CodeIgniter))
12 FCPATH\index.php(56): CodeIgniter\Boot::bootWeb(Object(Config\Paths))
13 SYSTEMPATH\rewrite.php(44): require_once('C:\\xampp\\htdocs\\assetslte\\public\\index.php')
CRITICAL - 2025-03-28 13:11:54 --> [Caused by] CodeIgniter\Database\Exceptions\DatabaseException: Column 'kode_kategori' cannot be null
in SYSTEMPATH\Database\MySQLi\Connection.php on line 332.
 1 SYSTEMPATH\Database\BaseConnection.php(738): CodeIgniter\Database\MySQLi\Connection->execute('INSERT INTO `asset` (`kode_kategori`, `tanggal_masuk`) VALUES (NULL, \'2222-02-22\')')
 2 SYSTEMPATH\Database\BaseConnection.php(652): CodeIgniter\Database\BaseConnection->simpleQuery('INSERT INTO `asset` (`kode_kategori`, `tanggal_masuk`) VALUES (NULL, \'2222-02-22\')')
 3 SYSTEMPATH\Database\BaseBuilder.php(2345): CodeIgniter\Database\BaseConnection->query('INSERT INTO `asset` (`kode_kategori`, `tanggal_masuk`) VALUES (:kode_kategori:, :tanggal_masuk:)', [...], false)
 4 SYSTEMPATH\Model.php(394): CodeIgniter\Database\BaseBuilder->insert()
 5 SYSTEMPATH\BaseModel.php(839): CodeIgniter\Model->doInsert([...])
 6 SYSTEMPATH\Model.php(800): CodeIgniter\BaseModel->insert([...], false)
 7 SYSTEMPATH\BaseModel.php(750): CodeIgniter\Model->insert([...], false)
 8 APPPATH\Controllers\AssetController.php(51): CodeIgniter\BaseModel->save([...])
 9 SYSTEMPATH\CodeIgniter.php(933): App\Controllers\AssetController->store()
10 SYSTEMPATH\CodeIgniter.php(507): CodeIgniter\CodeIgniter->runController(Object(App\Controllers\AssetController))
11 SYSTEMPATH\CodeIgniter.php(354): CodeIgniter\CodeIgniter->handleRequest(null, Object(Config\Cache), false)
12 SYSTEMPATH\Boot.php(334): CodeIgniter\CodeIgniter->run()
13 SYSTEMPATH\Boot.php(67): CodeIgniter\Boot::runCodeIgniter(Object(CodeIgniter\CodeIgniter))
14 FCPATH\index.php(56): CodeIgniter\Boot::bootWeb(Object(Config\Paths))
15 SYSTEMPATH\rewrite.php(44): require_once('C:\\xampp\\htdocs\\assetslte\\public\\index.php')
CRITICAL - 2025-03-28 13:11:54 --> [Caused by] mysqli_sql_exception: Column 'kode_kategori' cannot be null
in SYSTEMPATH\Database\MySQLi\Connection.php on line 327.
 1 SYSTEMPATH\Database\MySQLi\Connection.php(327): mysqli->query('INSERT INTO `asset` (`kode_kategori`, `tanggal_masuk`) VALUES (NULL, \'2222-02-22\')', 0)
 2 SYSTEMPATH\Database\BaseConnection.php(738): CodeIgniter\Database\MySQLi\Connection->execute('INSERT INTO `asset` (`kode_kategori`, `tanggal_masuk`) VALUES (NULL, \'2222-02-22\')')
 3 SYSTEMPATH\Database\BaseConnection.php(652): CodeIgniter\Database\BaseConnection->simpleQuery('INSERT INTO `asset` (`kode_kategori`, `tanggal_masuk`) VALUES (NULL, \'2222-02-22\')')
 4 SYSTEMPATH\Database\BaseBuilder.php(2345): CodeIgniter\Database\BaseConnection->query('INSERT INTO `asset` (`kode_kategori`, `tanggal_masuk`) VALUES (:kode_kategori:, :tanggal_masuk:)', [...], false)
 5 SYSTEMPATH\Model.php(394): CodeIgniter\Database\BaseBuilder->insert()
 6 SYSTEMPATH\BaseModel.php(839): CodeIgniter\Model->doInsert([...])
 7 SYSTEMPATH\Model.php(800): CodeIgniter\BaseModel->insert([...], false)
 8 SYSTEMPATH\BaseModel.php(750): CodeIgniter\Model->insert([...], false)
 9 APPPATH\Controllers\AssetController.php(51): CodeIgniter\BaseModel->save([...])
10 SYSTEMPATH\CodeIgniter.php(933): App\Controllers\AssetController->store()
11 SYSTEMPATH\CodeIgniter.php(507): CodeIgniter\CodeIgniter->runController(Object(App\Controllers\AssetController))
12 SYSTEMPATH\CodeIgniter.php(354): CodeIgniter\CodeIgniter->handleRequest(null, Object(Config\Cache), false)
13 SYSTEMPATH\Boot.php(334): CodeIgniter\CodeIgniter->run()
14 SYSTEMPATH\Boot.php(67): CodeIgniter\Boot::runCodeIgniter(Object(CodeIgniter\CodeIgniter))
15 FCPATH\index.php(56): CodeIgniter\Boot::bootWeb(Object(Config\Paths))
16 SYSTEMPATH\rewrite.php(44): require_once('C:\\xampp\\htdocs\\assetslte\\public\\index.php')
ERROR - 2025-03-28 13:13:19 --> mysqli_sql_exception: Column 'kode_kategori' cannot be null in C:\xampp\htdocs\assetslte\system\Database\MySQLi\Connection.php:327
Stack trace:
#0 C:\xampp\htdocs\assetslte\system\Database\MySQLi\Connection.php(327): mysqli->query('INSERT INTO `as...', 0)
#1 C:\xampp\htdocs\assetslte\system\Database\BaseConnection.php(738): CodeIgniter\Database\MySQLi\Connection->execute('INSERT INTO `as...')
#2 C:\xampp\htdocs\assetslte\system\Database\BaseConnection.php(652): CodeIgniter\Database\BaseConnection->simpleQuery('INSERT INTO `as...')
#3 C:\xampp\htdocs\assetslte\system\Database\BaseBuilder.php(2345): CodeIgniter\Database\BaseConnection->query('INSERT INTO `as...', Array, false)
#4 C:\xampp\htdocs\assetslte\system\Model.php(394): CodeIgniter\Database\BaseBuilder->insert()
#5 C:\xampp\htdocs\assetslte\system\BaseModel.php(839): CodeIgniter\Model->doInsert(Array)
#6 C:\xampp\htdocs\assetslte\system\Model.php(800): CodeIgniter\BaseModel->insert(Array, false)
#7 C:\xampp\htdocs\assetslte\system\BaseModel.php(750): CodeIgniter\Model->insert(Array, false)
#8 C:\xampp\htdocs\assetslte\app\Controllers\AssetController.php(51): CodeIgniter\BaseModel->save(Array)
#9 C:\xampp\htdocs\assetslte\system\CodeIgniter.php(933): App\Controllers\AssetController->store()
#10 C:\xampp\htdocs\assetslte\system\CodeIgniter.php(507): CodeIgniter\CodeIgniter->runController(Object(App\Controllers\AssetController))
#11 C:\xampp\htdocs\assetslte\system\CodeIgniter.php(354): CodeIgniter\CodeIgniter->handleRequest(NULL, Object(Config\Cache), false)
#12 C:\xampp\htdocs\assetslte\system\Boot.php(334): CodeIgniter\CodeIgniter->run()
#13 C:\xampp\htdocs\assetslte\system\Boot.php(67): CodeIgniter\Boot::runCodeIgniter(Object(CodeIgniter\CodeIgniter))
#14 C:\xampp\htdocs\assetslte\public\index.php(56): CodeIgniter\Boot::bootWeb(Object(Config\Paths))
#15 C:\xampp\htdocs\assetslte\system\rewrite.php(44): require_once('C:\\xampp\\htdocs...')
#16 {main}
CRITICAL - 2025-03-28 13:13:19 --> CodeIgniter\Database\Exceptions\DatabaseException: Column 'kode_kategori' cannot be null
[Method: POST, Route: asset/store]
in SYSTEMPATH\Database\BaseConnection.php on line 692.
 1 SYSTEMPATH\Database\BaseBuilder.php(2345): CodeIgniter\Database\BaseConnection->query('INSERT INTO `asset` (`kode_kategori`, `tanggal_masuk`) VALUES (:kode_kategori:, :tanggal_masuk:)', [...], false)
 2 SYSTEMPATH\Model.php(394): CodeIgniter\Database\BaseBuilder->insert()
 3 SYSTEMPATH\BaseModel.php(839): CodeIgniter\Model->doInsert([...])
 4 SYSTEMPATH\Model.php(800): CodeIgniter\BaseModel->insert([...], false)
 5 SYSTEMPATH\BaseModel.php(750): CodeIgniter\Model->insert([...], false)
 6 APPPATH\Controllers\AssetController.php(51): CodeIgniter\BaseModel->save([...])
 7 SYSTEMPATH\CodeIgniter.php(933): App\Controllers\AssetController->store()
 8 SYSTEMPATH\CodeIgniter.php(507): CodeIgniter\CodeIgniter->runController(Object(App\Controllers\AssetController))
 9 SYSTEMPATH\CodeIgniter.php(354): CodeIgniter\CodeIgniter->handleRequest(null, Object(Config\Cache), false)
10 SYSTEMPATH\Boot.php(334): CodeIgniter\CodeIgniter->run()
11 SYSTEMPATH\Boot.php(67): CodeIgniter\Boot::runCodeIgniter(Object(CodeIgniter\CodeIgniter))
12 FCPATH\index.php(56): CodeIgniter\Boot::bootWeb(Object(Config\Paths))
13 SYSTEMPATH\rewrite.php(44): require_once('C:\\xampp\\htdocs\\assetslte\\public\\index.php')
CRITICAL - 2025-03-28 13:13:19 --> [Caused by] CodeIgniter\Database\Exceptions\DatabaseException: Column 'kode_kategori' cannot be null
in SYSTEMPATH\Database\MySQLi\Connection.php on line 332.
 1 SYSTEMPATH\Database\BaseConnection.php(738): CodeIgniter\Database\MySQLi\Connection->execute('INSERT INTO `asset` (`kode_kategori`, `tanggal_masuk`) VALUES (NULL, \'2222-02-22\')')
 2 SYSTEMPATH\Database\BaseConnection.php(652): CodeIgniter\Database\BaseConnection->simpleQuery('INSERT INTO `asset` (`kode_kategori`, `tanggal_masuk`) VALUES (NULL, \'2222-02-22\')')
 3 SYSTEMPATH\Database\BaseBuilder.php(2345): CodeIgniter\Database\BaseConnection->query('INSERT INTO `asset` (`kode_kategori`, `tanggal_masuk`) VALUES (:kode_kategori:, :tanggal_masuk:)', [...], false)
 4 SYSTEMPATH\Model.php(394): CodeIgniter\Database\BaseBuilder->insert()
 5 SYSTEMPATH\BaseModel.php(839): CodeIgniter\Model->doInsert([...])
 6 SYSTEMPATH\Model.php(800): CodeIgniter\BaseModel->insert([...], false)
 7 SYSTEMPATH\BaseModel.php(750): CodeIgniter\Model->insert([...], false)
 8 APPPATH\Controllers\AssetController.php(51): CodeIgniter\BaseModel->save([...])
 9 SYSTEMPATH\CodeIgniter.php(933): App\Controllers\AssetController->store()
10 SYSTEMPATH\CodeIgniter.php(507): CodeIgniter\CodeIgniter->runController(Object(App\Controllers\AssetController))
11 SYSTEMPATH\CodeIgniter.php(354): CodeIgniter\CodeIgniter->handleRequest(null, Object(Config\Cache), false)
12 SYSTEMPATH\Boot.php(334): CodeIgniter\CodeIgniter->run()
13 SYSTEMPATH\Boot.php(67): CodeIgniter\Boot::runCodeIgniter(Object(CodeIgniter\CodeIgniter))
14 FCPATH\index.php(56): CodeIgniter\Boot::bootWeb(Object(Config\Paths))
15 SYSTEMPATH\rewrite.php(44): require_once('C:\\xampp\\htdocs\\assetslte\\public\\index.php')
CRITICAL - 2025-03-28 13:13:19 --> [Caused by] mysqli_sql_exception: Column 'kode_kategori' cannot be null
in SYSTEMPATH\Database\MySQLi\Connection.php on line 327.
 1 SYSTEMPATH\Database\MySQLi\Connection.php(327): mysqli->query('INSERT INTO `asset` (`kode_kategori`, `tanggal_masuk`) VALUES (NULL, \'2222-02-22\')', 0)
 2 SYSTEMPATH\Database\BaseConnection.php(738): CodeIgniter\Database\MySQLi\Connection->execute('INSERT INTO `asset` (`kode_kategori`, `tanggal_masuk`) VALUES (NULL, \'2222-02-22\')')
 3 SYSTEMPATH\Database\BaseConnection.php(652): CodeIgniter\Database\BaseConnection->simpleQuery('INSERT INTO `asset` (`kode_kategori`, `tanggal_masuk`) VALUES (NULL, \'2222-02-22\')')
 4 SYSTEMPATH\Database\BaseBuilder.php(2345): CodeIgniter\Database\BaseConnection->query('INSERT INTO `asset` (`kode_kategori`, `tanggal_masuk`) VALUES (:kode_kategori:, :tanggal_masuk:)', [...], false)
 5 SYSTEMPATH\Model.php(394): CodeIgniter\Database\BaseBuilder->insert()
 6 SYSTEMPATH\BaseModel.php(839): CodeIgniter\Model->doInsert([...])
 7 SYSTEMPATH\Model.php(800): CodeIgniter\BaseModel->insert([...], false)
 8 SYSTEMPATH\BaseModel.php(750): CodeIgniter\Model->insert([...], false)
 9 APPPATH\Controllers\AssetController.php(51): CodeIgniter\BaseModel->save([...])
10 SYSTEMPATH\CodeIgniter.php(933): App\Controllers\AssetController->store()
11 SYSTEMPATH\CodeIgniter.php(507): CodeIgniter\CodeIgniter->runController(Object(App\Controllers\AssetController))
12 SYSTEMPATH\CodeIgniter.php(354): CodeIgniter\CodeIgniter->handleRequest(null, Object(Config\Cache), false)
13 SYSTEMPATH\Boot.php(334): CodeIgniter\CodeIgniter->run()
14 SYSTEMPATH\Boot.php(67): CodeIgniter\Boot::runCodeIgniter(Object(CodeIgniter\CodeIgniter))
15 FCPATH\index.php(56): CodeIgniter\Boot::bootWeb(Object(Config\Paths))
16 SYSTEMPATH\rewrite.php(44): require_once('C:\\xampp\\htdocs\\assetslte\\public\\index.php')
DEBUG - 2025-03-28 13:13:36 --> Session: Class initialized using 'CodeIgniter\Session\Handlers\FileHandler' driver.
DEBUG - 2025-03-28 13:14:09 --> Session: Class initialized using 'CodeIgniter\Session\Handlers\FileHandler' driver.
DEBUG - 2025-03-28 13:14:50 --> Session: Class initialized using 'CodeIgniter\Session\Handlers\FileHandler' driver.
DEBUG - 2025-03-28 13:17:47 --> Session: Class initialized using 'CodeIgniter\Session\Handlers\FileHandler' driver.
DEBUG - 2025-03-28 13:21:18 --> Session: Class initialized using 'CodeIgniter\Session\Handlers\FileHandler' driver.
DEBUG - 2025-03-28 13:25:25 --> Session: Class initialized using 'CodeIgniter\Session\Handlers\FileHandler' driver.
ERROR - 2025-03-28 13:33:50 --> mysqli_sql_exception: Column 'nama_barang' cannot be null in C:\xampp\htdocs\assetslte\system\Database\MySQLi\Connection.php:327
Stack trace:
#0 C:\xampp\htdocs\assetslte\system\Database\MySQLi\Connection.php(327): mysqli->query('INSERT INTO `as...', 0)
#1 C:\xampp\htdocs\assetslte\system\Database\BaseConnection.php(738): CodeIgniter\Database\MySQLi\Connection->execute('INSERT INTO `as...')
#2 C:\xampp\htdocs\assetslte\system\Database\BaseConnection.php(652): CodeIgniter\Database\BaseConnection->simpleQuery('INSERT INTO `as...')
#3 C:\xampp\htdocs\assetslte\system\Database\BaseBuilder.php(2345): CodeIgniter\Database\BaseConnection->query('INSERT INTO `as...', Array, false)
#4 C:\xampp\htdocs\assetslte\system\Model.php(394): CodeIgniter\Database\BaseBuilder->insert()
#5 C:\xampp\htdocs\assetslte\system\BaseModel.php(839): CodeIgniter\Model->doInsert(Array)
#6 C:\xampp\htdocs\assetslte\system\Model.php(800): CodeIgniter\BaseModel->insert(Array, false)
#7 C:\xampp\htdocs\assetslte\system\BaseModel.php(750): CodeIgniter\Model->insert(Array, false)
#8 C:\xampp\htdocs\assetslte\app\Controllers\AssetController.php(51): CodeIgniter\BaseModel->save(Array)
#9 C:\xampp\htdocs\assetslte\system\CodeIgniter.php(933): App\Controllers\AssetController->store()
#10 C:\xampp\htdocs\assetslte\system\CodeIgniter.php(507): CodeIgniter\CodeIgniter->runController(Object(App\Controllers\AssetController))
#11 C:\xampp\htdocs\assetslte\system\CodeIgniter.php(354): CodeIgniter\CodeIgniter->handleRequest(NULL, Object(Config\Cache), false)
#12 C:\xampp\htdocs\assetslte\system\Boot.php(334): CodeIgniter\CodeIgniter->run()
#13 C:\xampp\htdocs\assetslte\system\Boot.php(67): CodeIgniter\Boot::runCodeIgniter(Object(CodeIgniter\CodeIgniter))
#14 C:\xampp\htdocs\assetslte\public\index.php(56): CodeIgniter\Boot::bootWeb(Object(Config\Paths))
#15 C:\xampp\htdocs\assetslte\system\rewrite.php(44): require_once('C:\\xampp\\htdocs...')
#16 {main}
CRITICAL - 2025-03-28 13:33:50 --> CodeIgniter\Database\Exceptions\DatabaseException: Column 'nama_barang' cannot be null
[Method: POST, Route: asset/store]
in SYSTEMPATH\Database\BaseConnection.php on line 692.
 1 SYSTEMPATH\Database\BaseBuilder.php(2345): CodeIgniter\Database\BaseConnection->query('INSERT INTO `asset` (`kode_kategori`, `nama_barang`, `deskripsi_barang`, `jumlah_barang`, `harga_barang`, `tanggal_masuk`) VALUES (:kode_kategori:, :nama_barang:, :deskripsi_barang:, :jumlah_barang:, :harga_barang:, :tanggal_masuk:)', [...], false)
 2 SYSTEMPATH\Model.php(394): CodeIgniter\Database\BaseBuilder->insert()
 3 SYSTEMPATH\BaseModel.php(839): CodeIgniter\Model->doInsert([...])
 4 SYSTEMPATH\Model.php(800): CodeIgniter\BaseModel->insert([...], false)
 5 SYSTEMPATH\BaseModel.php(750): CodeIgniter\Model->insert([...], false)
 6 APPPATH\Controllers\AssetController.php(51): CodeIgniter\BaseModel->save([...])
 7 SYSTEMPATH\CodeIgniter.php(933): App\Controllers\AssetController->store()
 8 SYSTEMPATH\CodeIgniter.php(507): CodeIgniter\CodeIgniter->runController(Object(App\Controllers\AssetController))
 9 SYSTEMPATH\CodeIgniter.php(354): CodeIgniter\CodeIgniter->handleRequest(null, Object(Config\Cache), false)
10 SYSTEMPATH\Boot.php(334): CodeIgniter\CodeIgniter->run()
11 SYSTEMPATH\Boot.php(67): CodeIgniter\Boot::runCodeIgniter(Object(CodeIgniter\CodeIgniter))
12 FCPATH\index.php(56): CodeIgniter\Boot::bootWeb(Object(Config\Paths))
13 SYSTEMPATH\rewrite.php(44): require_once('C:\\xampp\\htdocs\\assetslte\\public\\index.php')
CRITICAL - 2025-03-28 13:33:50 --> [Caused by] CodeIgniter\Database\Exceptions\DatabaseException: Column 'nama_barang' cannot be null
in SYSTEMPATH\Database\MySQLi\Connection.php on line 332.
 1 SYSTEMPATH\Database\BaseConnection.php(738): CodeIgniter\Database\MySQLi\Connection->execute('INSERT INTO `asset` (`kode_kategori`, `nama_barang`, `deskripsi_barang`, `jumlah_barang`, `harga_barang`, `tanggal_masuk`) VALUES (\'111\', NULL, NULL, NULL, NULL, \'1111-11-11\')')
 2 SYSTEMPATH\Database\BaseConnection.php(652): CodeIgniter\Database\BaseConnection->simpleQuery('INSERT INTO `asset` (`kode_kategori`, `nama_barang`, `deskripsi_barang`, `jumlah_barang`, `harga_barang`, `tanggal_masuk`) VALUES (\'111\', NULL, NULL, NULL, NULL, \'1111-11-11\')')
 3 SYSTEMPATH\Database\BaseBuilder.php(2345): CodeIgniter\Database\BaseConnection->query('INSERT INTO `asset` (`kode_kategori`, `nama_barang`, `deskripsi_barang`, `jumlah_barang`, `harga_barang`, `tanggal_masuk`) VALUES (:kode_kategori:, :nama_barang:, :deskripsi_barang:, :jumlah_barang:, :harga_barang:, :tanggal_masuk:)', [...], false)
 4 SYSTEMPATH\Model.php(394): CodeIgniter\Database\BaseBuilder->insert()
 5 SYSTEMPATH\BaseModel.php(839): CodeIgniter\Model->doInsert([...])
 6 SYSTEMPATH\Model.php(800): CodeIgniter\BaseModel->insert([...], false)
 7 SYSTEMPATH\BaseModel.php(750): CodeIgniter\Model->insert([...], false)
 8 APPPATH\Controllers\AssetController.php(51): CodeIgniter\BaseModel->save([...])
 9 SYSTEMPATH\CodeIgniter.php(933): App\Controllers\AssetController->store()
10 SYSTEMPATH\CodeIgniter.php(507): CodeIgniter\CodeIgniter->runController(Object(App\Controllers\AssetController))
11 SYSTEMPATH\CodeIgniter.php(354): CodeIgniter\CodeIgniter->handleRequest(null, Object(Config\Cache), false)
12 SYSTEMPATH\Boot.php(334): CodeIgniter\CodeIgniter->run()
13 SYSTEMPATH\Boot.php(67): CodeIgniter\Boot::runCodeIgniter(Object(CodeIgniter\CodeIgniter))
14 FCPATH\index.php(56): CodeIgniter\Boot::bootWeb(Object(Config\Paths))
15 SYSTEMPATH\rewrite.php(44): require_once('C:\\xampp\\htdocs\\assetslte\\public\\index.php')
CRITICAL - 2025-03-28 13:33:50 --> [Caused by] mysqli_sql_exception: Column 'nama_barang' cannot be null
in SYSTEMPATH\Database\MySQLi\Connection.php on line 327.
 1 SYSTEMPATH\Database\MySQLi\Connection.php(327): mysqli->query('INSERT INTO `asset` (`kode_kategori`, `nama_barang`, `deskripsi_barang`, `jumlah_barang`, `harga_barang`, `tanggal_masuk`) VALUES (\'111\', NULL, NULL, NULL, NULL, \'1111-11-11\')', 0)
 2 SYSTEMPATH\Database\BaseConnection.php(738): CodeIgniter\Database\MySQLi\Connection->execute('INSERT INTO `asset` (`kode_kategori`, `nama_barang`, `deskripsi_barang`, `jumlah_barang`, `harga_barang`, `tanggal_masuk`) VALUES (\'111\', NULL, NULL, NULL, NULL, \'1111-11-11\')')
 3 SYSTEMPATH\Database\BaseConnection.php(652): CodeIgniter\Database\BaseConnection->simpleQuery('INSERT INTO `asset` (`kode_kategori`, `nama_barang`, `deskripsi_barang`, `jumlah_barang`, `harga_barang`, `tanggal_masuk`) VALUES (\'111\', NULL, NULL, NULL, NULL, \'1111-11-11\')')
 4 SYSTEMPATH\Database\BaseBuilder.php(2345): CodeIgniter\Database\BaseConnection->query('INSERT INTO `asset` (`kode_kategori`, `nama_barang`, `deskripsi_barang`, `jumlah_barang`, `harga_barang`, `tanggal_masuk`) VALUES (:kode_kategori:, :nama_barang:, :deskripsi_barang:, :jumlah_barang:, :harga_barang:, :tanggal_masuk:)', [...], false)
 5 SYSTEMPATH\Model.php(394): CodeIgniter\Database\BaseBuilder->insert()
 6 SYSTEMPATH\BaseModel.php(839): CodeIgniter\Model->doInsert([...])
 7 SYSTEMPATH\Model.php(800): CodeIgniter\BaseModel->insert([...], false)
 8 SYSTEMPATH\BaseModel.php(750): CodeIgniter\Model->insert([...], false)
 9 APPPATH\Controllers\AssetController.php(51): CodeIgniter\BaseModel->save([...])
10 SYSTEMPATH\CodeIgniter.php(933): App\Controllers\AssetController->store()
11 SYSTEMPATH\CodeIgniter.php(507): CodeIgniter\CodeIgniter->runController(Object(App\Controllers\AssetController))
12 SYSTEMPATH\CodeIgniter.php(354): CodeIgniter\CodeIgniter->handleRequest(null, Object(Config\Cache), false)
13 SYSTEMPATH\Boot.php(334): CodeIgniter\CodeIgniter->run()
14 SYSTEMPATH\Boot.php(67): CodeIgniter\Boot::runCodeIgniter(Object(CodeIgniter\CodeIgniter))
15 FCPATH\index.php(56): CodeIgniter\Boot::bootWeb(Object(Config\Paths))
16 SYSTEMPATH\rewrite.php(44): require_once('C:\\xampp\\htdocs\\assetslte\\public\\index.php')
ERROR - 2025-03-28 13:34:56 --> mysqli_sql_exception: Column 'nama_barang' cannot be null in C:\xampp\htdocs\assetslte\system\Database\MySQLi\Connection.php:327
Stack trace:
#0 C:\xampp\htdocs\assetslte\system\Database\MySQLi\Connection.php(327): mysqli->query('INSERT INTO `as...', 0)
#1 C:\xampp\htdocs\assetslte\system\Database\BaseConnection.php(738): CodeIgniter\Database\MySQLi\Connection->execute('INSERT INTO `as...')
#2 C:\xampp\htdocs\assetslte\system\Database\BaseConnection.php(652): CodeIgniter\Database\BaseConnection->simpleQuery('INSERT INTO `as...')
#3 C:\xampp\htdocs\assetslte\system\Database\BaseBuilder.php(2345): CodeIgniter\Database\BaseConnection->query('INSERT INTO `as...', Array, false)
#4 C:\xampp\htdocs\assetslte\system\Model.php(394): CodeIgniter\Database\BaseBuilder->insert()
#5 C:\xampp\htdocs\assetslte\system\BaseModel.php(839): CodeIgniter\Model->doInsert(Array)
#6 C:\xampp\htdocs\assetslte\system\Model.php(800): CodeIgniter\BaseModel->insert(Array, false)
#7 C:\xampp\htdocs\assetslte\system\BaseModel.php(750): CodeIgniter\Model->insert(Array, false)
#8 C:\xampp\htdocs\assetslte\app\Controllers\AssetController.php(51): CodeIgniter\BaseModel->save(Array)
#9 C:\xampp\htdocs\assetslte\system\CodeIgniter.php(933): App\Controllers\AssetController->store()
#10 C:\xampp\htdocs\assetslte\system\CodeIgniter.php(507): CodeIgniter\CodeIgniter->runController(Object(App\Controllers\AssetController))
#11 C:\xampp\htdocs\assetslte\system\CodeIgniter.php(354): CodeIgniter\CodeIgniter->handleRequest(NULL, Object(Config\Cache), false)
#12 C:\xampp\htdocs\assetslte\system\Boot.php(334): CodeIgniter\CodeIgniter->run()
#13 C:\xampp\htdocs\assetslte\system\Boot.php(67): CodeIgniter\Boot::runCodeIgniter(Object(CodeIgniter\CodeIgniter))
#14 C:\xampp\htdocs\assetslte\public\index.php(56): CodeIgniter\Boot::bootWeb(Object(Config\Paths))
#15 C:\xampp\htdocs\assetslte\system\rewrite.php(44): require_once('C:\\xampp\\htdocs...')
#16 {main}
CRITICAL - 2025-03-28 13:34:56 --> CodeIgniter\Database\Exceptions\DatabaseException: Column 'nama_barang' cannot be null
[Method: POST, Route: asset/store]
in SYSTEMPATH\Database\BaseConnection.php on line 692.
 1 SYSTEMPATH\Database\BaseBuilder.php(2345): CodeIgniter\Database\BaseConnection->query('INSERT INTO `asset` (`kode_kategori`, `nama_barang`, `deskripsi_barang`, `jumlah_barang`, `harga_barang`, `tanggal_masuk`) VALUES (:kode_kategori:, :nama_barang:, :deskripsi_barang:, :jumlah_barang:, :harga_barang:, :tanggal_masuk:)', [...], false)
 2 SYSTEMPATH\Model.php(394): CodeIgniter\Database\BaseBuilder->insert()
 3 SYSTEMPATH\BaseModel.php(839): CodeIgniter\Model->doInsert([...])
 4 SYSTEMPATH\Model.php(800): CodeIgniter\BaseModel->insert([...], false)
 5 SYSTEMPATH\BaseModel.php(750): CodeIgniter\Model->insert([...], false)
 6 APPPATH\Controllers\AssetController.php(51): CodeIgniter\BaseModel->save([...])
 7 SYSTEMPATH\CodeIgniter.php(933): App\Controllers\AssetController->store()
 8 SYSTEMPATH\CodeIgniter.php(507): CodeIgniter\CodeIgniter->runController(Object(App\Controllers\AssetController))
 9 SYSTEMPATH\CodeIgniter.php(354): CodeIgniter\CodeIgniter->handleRequest(null, Object(Config\Cache), false)
10 SYSTEMPATH\Boot.php(334): CodeIgniter\CodeIgniter->run()
11 SYSTEMPATH\Boot.php(67): CodeIgniter\Boot::runCodeIgniter(Object(CodeIgniter\CodeIgniter))
12 FCPATH\index.php(56): CodeIgniter\Boot::bootWeb(Object(Config\Paths))
13 SYSTEMPATH\rewrite.php(44): require_once('C:\\xampp\\htdocs\\assetslte\\public\\index.php')
CRITICAL - 2025-03-28 13:34:56 --> [Caused by] CodeIgniter\Database\Exceptions\DatabaseException: Column 'nama_barang' cannot be null
in SYSTEMPATH\Database\MySQLi\Connection.php on line 332.
 1 SYSTEMPATH\Database\BaseConnection.php(738): CodeIgniter\Database\MySQLi\Connection->execute('INSERT INTO `asset` (`kode_kategori`, `nama_barang`, `deskripsi_barang`, `jumlah_barang`, `harga_barang`, `tanggal_masuk`) VALUES (\'111\', NULL, NULL, NULL, NULL, \'1111-11-11\')')
 2 SYSTEMPATH\Database\BaseConnection.php(652): CodeIgniter\Database\BaseConnection->simpleQuery('INSERT INTO `asset` (`kode_kategori`, `nama_barang`, `deskripsi_barang`, `jumlah_barang`, `harga_barang`, `tanggal_masuk`) VALUES (\'111\', NULL, NULL, NULL, NULL, \'1111-11-11\')')
 3 SYSTEMPATH\Database\BaseBuilder.php(2345): CodeIgniter\Database\BaseConnection->query('INSERT INTO `asset` (`kode_kategori`, `nama_barang`, `deskripsi_barang`, `jumlah_barang`, `harga_barang`, `tanggal_masuk`) VALUES (:kode_kategori:, :nama_barang:, :deskripsi_barang:, :jumlah_barang:, :harga_barang:, :tanggal_masuk:)', [...], false)
 4 SYSTEMPATH\Model.php(394): CodeIgniter\Database\BaseBuilder->insert()
 5 SYSTEMPATH\BaseModel.php(839): CodeIgniter\Model->doInsert([...])
 6 SYSTEMPATH\Model.php(800): CodeIgniter\BaseModel->insert([...], false)
 7 SYSTEMPATH\BaseModel.php(750): CodeIgniter\Model->insert([...], false)
 8 APPPATH\Controllers\AssetController.php(51): CodeIgniter\BaseModel->save([...])
 9 SYSTEMPATH\CodeIgniter.php(933): App\Controllers\AssetController->store()
10 SYSTEMPATH\CodeIgniter.php(507): CodeIgniter\CodeIgniter->runController(Object(App\Controllers\AssetController))
11 SYSTEMPATH\CodeIgniter.php(354): CodeIgniter\CodeIgniter->handleRequest(null, Object(Config\Cache), false)
12 SYSTEMPATH\Boot.php(334): CodeIgniter\CodeIgniter->run()
13 SYSTEMPATH\Boot.php(67): CodeIgniter\Boot::runCodeIgniter(Object(CodeIgniter\CodeIgniter))
14 FCPATH\index.php(56): CodeIgniter\Boot::bootWeb(Object(Config\Paths))
15 SYSTEMPATH\rewrite.php(44): require_once('C:\\xampp\\htdocs\\assetslte\\public\\index.php')
CRITICAL - 2025-03-28 13:34:56 --> [Caused by] mysqli_sql_exception: Column 'nama_barang' cannot be null
in SYSTEMPATH\Database\MySQLi\Connection.php on line 327.
 1 SYSTEMPATH\Database\MySQLi\Connection.php(327): mysqli->query('INSERT INTO `asset` (`kode_kategori`, `nama_barang`, `deskripsi_barang`, `jumlah_barang`, `harga_barang`, `tanggal_masuk`) VALUES (\'111\', NULL, NULL, NULL, NULL, \'1111-11-11\')', 0)
 2 SYSTEMPATH\Database\BaseConnection.php(738): CodeIgniter\Database\MySQLi\Connection->execute('INSERT INTO `asset` (`kode_kategori`, `nama_barang`, `deskripsi_barang`, `jumlah_barang`, `harga_barang`, `tanggal_masuk`) VALUES (\'111\', NULL, NULL, NULL, NULL, \'1111-11-11\')')
 3 SYSTEMPATH\Database\BaseConnection.php(652): CodeIgniter\Database\BaseConnection->simpleQuery('INSERT INTO `asset` (`kode_kategori`, `nama_barang`, `deskripsi_barang`, `jumlah_barang`, `harga_barang`, `tanggal_masuk`) VALUES (\'111\', NULL, NULL, NULL, NULL, \'1111-11-11\')')
 4 SYSTEMPATH\Database\BaseBuilder.php(2345): CodeIgniter\Database\BaseConnection->query('INSERT INTO `asset` (`kode_kategori`, `nama_barang`, `deskripsi_barang`, `jumlah_barang`, `harga_barang`, `tanggal_masuk`) VALUES (:kode_kategori:, :nama_barang:, :deskripsi_barang:, :jumlah_barang:, :harga_barang:, :tanggal_masuk:)', [...], false)
 5 SYSTEMPATH\Model.php(394): CodeIgniter\Database\BaseBuilder->insert()
 6 SYSTEMPATH\BaseModel.php(839): CodeIgniter\Model->doInsert([...])
 7 SYSTEMPATH\Model.php(800): CodeIgniter\BaseModel->insert([...], false)
 8 SYSTEMPATH\BaseModel.php(750): CodeIgniter\Model->insert([...], false)
 9 APPPATH\Controllers\AssetController.php(51): CodeIgniter\BaseModel->save([...])
10 SYSTEMPATH\CodeIgniter.php(933): App\Controllers\AssetController->store()
11 SYSTEMPATH\CodeIgniter.php(507): CodeIgniter\CodeIgniter->runController(Object(App\Controllers\AssetController))
12 SYSTEMPATH\CodeIgniter.php(354): CodeIgniter\CodeIgniter->handleRequest(null, Object(Config\Cache), false)
13 SYSTEMPATH\Boot.php(334): CodeIgniter\CodeIgniter->run()
14 SYSTEMPATH\Boot.php(67): CodeIgniter\Boot::runCodeIgniter(Object(CodeIgniter\CodeIgniter))
15 FCPATH\index.php(56): CodeIgniter\Boot::bootWeb(Object(Config\Paths))
16 SYSTEMPATH\rewrite.php(44): require_once('C:\\xampp\\htdocs\\assetslte\\public\\index.php')
ERROR - 2025-03-28 13:35:25 --> mysqli_sql_exception: Column 'deskripsi_barang' cannot be null in C:\xampp\htdocs\assetslte\system\Database\MySQLi\Connection.php:327
Stack trace:
#0 C:\xampp\htdocs\assetslte\system\Database\MySQLi\Connection.php(327): mysqli->query('INSERT INTO `as...', 0)
#1 C:\xampp\htdocs\assetslte\system\Database\BaseConnection.php(738): CodeIgniter\Database\MySQLi\Connection->execute('INSERT INTO `as...')
#2 C:\xampp\htdocs\assetslte\system\Database\BaseConnection.php(652): CodeIgniter\Database\BaseConnection->simpleQuery('INSERT INTO `as...')
#3 C:\xampp\htdocs\assetslte\system\Database\BaseBuilder.php(2345): CodeIgniter\Database\BaseConnection->query('INSERT INTO `as...', Array, false)
#4 C:\xampp\htdocs\assetslte\system\Model.php(394): CodeIgniter\Database\BaseBuilder->insert()
#5 C:\xampp\htdocs\assetslte\system\BaseModel.php(839): CodeIgniter\Model->doInsert(Array)
#6 C:\xampp\htdocs\assetslte\system\Model.php(800): CodeIgniter\BaseModel->insert(Array, false)
#7 C:\xampp\htdocs\assetslte\system\BaseModel.php(750): CodeIgniter\Model->insert(Array, false)
#8 C:\xampp\htdocs\assetslte\app\Controllers\AssetController.php(51): CodeIgniter\BaseModel->save(Array)
#9 C:\xampp\htdocs\assetslte\system\CodeIgniter.php(933): App\Controllers\AssetController->store()
#10 C:\xampp\htdocs\assetslte\system\CodeIgniter.php(507): CodeIgniter\CodeIgniter->runController(Object(App\Controllers\AssetController))
#11 C:\xampp\htdocs\assetslte\system\CodeIgniter.php(354): CodeIgniter\CodeIgniter->handleRequest(NULL, Object(Config\Cache), false)
#12 C:\xampp\htdocs\assetslte\system\Boot.php(334): CodeIgniter\CodeIgniter->run()
#13 C:\xampp\htdocs\assetslte\system\Boot.php(67): CodeIgniter\Boot::runCodeIgniter(Object(CodeIgniter\CodeIgniter))
#14 C:\xampp\htdocs\assetslte\public\index.php(56): CodeIgniter\Boot::bootWeb(Object(Config\Paths))
#15 C:\xampp\htdocs\assetslte\system\rewrite.php(44): require_once('C:\\xampp\\htdocs...')
#16 {main}
CRITICAL - 2025-03-28 13:35:25 --> CodeIgniter\Database\Exceptions\DatabaseException: Column 'deskripsi_barang' cannot be null
[Method: POST, Route: asset/store]
in SYSTEMPATH\Database\BaseConnection.php on line 692.
 1 SYSTEMPATH\Database\BaseBuilder.php(2345): CodeIgniter\Database\BaseConnection->query('INSERT INTO `asset` (`kode_kategori`, `nama_barang`, `deskripsi_barang`, `jumlah_barang`, `harga_barang`, `tanggal_masuk`) VALUES (:kode_kategori:, :nama_barang:, :deskripsi_barang:, :jumlah_barang:, :harga_barang:, :tanggal_masuk:)', [...], false)
 2 SYSTEMPATH\Model.php(394): CodeIgniter\Database\BaseBuilder->insert()
 3 SYSTEMPATH\BaseModel.php(839): CodeIgniter\Model->doInsert([...])
 4 SYSTEMPATH\Model.php(800): CodeIgniter\BaseModel->insert([...], false)
 5 SYSTEMPATH\BaseModel.php(750): CodeIgniter\Model->insert([...], false)
 6 APPPATH\Controllers\AssetController.php(51): CodeIgniter\BaseModel->save([...])
 7 SYSTEMPATH\CodeIgniter.php(933): App\Controllers\AssetController->store()
 8 SYSTEMPATH\CodeIgniter.php(507): CodeIgniter\CodeIgniter->runController(Object(App\Controllers\AssetController))
 9 SYSTEMPATH\CodeIgniter.php(354): CodeIgniter\CodeIgniter->handleRequest(null, Object(Config\Cache), false)
10 SYSTEMPATH\Boot.php(334): CodeIgniter\CodeIgniter->run()
11 SYSTEMPATH\Boot.php(67): CodeIgniter\Boot::runCodeIgniter(Object(CodeIgniter\CodeIgniter))
12 FCPATH\index.php(56): CodeIgniter\Boot::bootWeb(Object(Config\Paths))
13 SYSTEMPATH\rewrite.php(44): require_once('C:\\xampp\\htdocs\\assetslte\\public\\index.php')
CRITICAL - 2025-03-28 13:35:25 --> [Caused by] CodeIgniter\Database\Exceptions\DatabaseException: Column 'deskripsi_barang' cannot be null
in SYSTEMPATH\Database\MySQLi\Connection.php on line 332.
 1 SYSTEMPATH\Database\BaseConnection.php(738): CodeIgniter\Database\MySQLi\Connection->execute('INSERT INTO `asset` (`kode_kategori`, `nama_barang`, `deskripsi_barang`, `jumlah_barang`, `harga_barang`, `tanggal_masuk`) VALUES (\'111\', \'qqq\', NULL, NULL, NULL, \'1111-11-11\')')
 2 SYSTEMPATH\Database\BaseConnection.php(652): CodeIgniter\Database\BaseConnection->simpleQuery('INSERT INTO `asset` (`kode_kategori`, `nama_barang`, `deskripsi_barang`, `jumlah_barang`, `harga_barang`, `tanggal_masuk`) VALUES (\'111\', \'qqq\', NULL, NULL, NULL, \'1111-11-11\')')
 3 SYSTEMPATH\Database\BaseBuilder.php(2345): CodeIgniter\Database\BaseConnection->query('INSERT INTO `asset` (`kode_kategori`, `nama_barang`, `deskripsi_barang`, `jumlah_barang`, `harga_barang`, `tanggal_masuk`) VALUES (:kode_kategori:, :nama_barang:, :deskripsi_barang:, :jumlah_barang:, :harga_barang:, :tanggal_masuk:)', [...], false)
 4 SYSTEMPATH\Model.php(394): CodeIgniter\Database\BaseBuilder->insert()
 5 SYSTEMPATH\BaseModel.php(839): CodeIgniter\Model->doInsert([...])
 6 SYSTEMPATH\Model.php(800): CodeIgniter\BaseModel->insert([...], false)
 7 SYSTEMPATH\BaseModel.php(750): CodeIgniter\Model->insert([...], false)
 8 APPPATH\Controllers\AssetController.php(51): CodeIgniter\BaseModel->save([...])
 9 SYSTEMPATH\CodeIgniter.php(933): App\Controllers\AssetController->store()
10 SYSTEMPATH\CodeIgniter.php(507): CodeIgniter\CodeIgniter->runController(Object(App\Controllers\AssetController))
11 SYSTEMPATH\CodeIgniter.php(354): CodeIgniter\CodeIgniter->handleRequest(null, Object(Config\Cache), false)
12 SYSTEMPATH\Boot.php(334): CodeIgniter\CodeIgniter->run()
13 SYSTEMPATH\Boot.php(67): CodeIgniter\Boot::runCodeIgniter(Object(CodeIgniter\CodeIgniter))
14 FCPATH\index.php(56): CodeIgniter\Boot::bootWeb(Object(Config\Paths))
15 SYSTEMPATH\rewrite.php(44): require_once('C:\\xampp\\htdocs\\assetslte\\public\\index.php')
CRITICAL - 2025-03-28 13:35:25 --> [Caused by] mysqli_sql_exception: Column 'deskripsi_barang' cannot be null
in SYSTEMPATH\Database\MySQLi\Connection.php on line 327.
 1 SYSTEMPATH\Database\MySQLi\Connection.php(327): mysqli->query('INSERT INTO `asset` (`kode_kategori`, `nama_barang`, `deskripsi_barang`, `jumlah_barang`, `harga_barang`, `tanggal_masuk`) VALUES (\'111\', \'qqq\', NULL, NULL, NULL, \'1111-11-11\')', 0)
 2 SYSTEMPATH\Database\BaseConnection.php(738): CodeIgniter\Database\MySQLi\Connection->execute('INSERT INTO `asset` (`kode_kategori`, `nama_barang`, `deskripsi_barang`, `jumlah_barang`, `harga_barang`, `tanggal_masuk`) VALUES (\'111\', \'qqq\', NULL, NULL, NULL, \'1111-11-11\')')
 3 SYSTEMPATH\Database\BaseConnection.php(652): CodeIgniter\Database\BaseConnection->simpleQuery('INSERT INTO `asset` (`kode_kategori`, `nama_barang`, `deskripsi_barang`, `jumlah_barang`, `harga_barang`, `tanggal_masuk`) VALUES (\'111\', \'qqq\', NULL, NULL, NULL, \'1111-11-11\')')
 4 SYSTEMPATH\Database\BaseBuilder.php(2345): CodeIgniter\Database\BaseConnection->query('INSERT INTO `asset` (`kode_kategori`, `nama_barang`, `deskripsi_barang`, `jumlah_barang`, `harga_barang`, `tanggal_masuk`) VALUES (:kode_kategori:, :nama_barang:, :deskripsi_barang:, :jumlah_barang:, :harga_barang:, :tanggal_masuk:)', [...], false)
 5 SYSTEMPATH\Model.php(394): CodeIgniter\Database\BaseBuilder->insert()
 6 SYSTEMPATH\BaseModel.php(839): CodeIgniter\Model->doInsert([...])
 7 SYSTEMPATH\Model.php(800): CodeIgniter\BaseModel->insert([...], false)
 8 SYSTEMPATH\BaseModel.php(750): CodeIgniter\Model->insert([...], false)
 9 APPPATH\Controllers\AssetController.php(51): CodeIgniter\BaseModel->save([...])
10 SYSTEMPATH\CodeIgniter.php(933): App\Controllers\AssetController->store()
11 SYSTEMPATH\CodeIgniter.php(507): CodeIgniter\CodeIgniter->runController(Object(App\Controllers\AssetController))
12 SYSTEMPATH\CodeIgniter.php(354): CodeIgniter\CodeIgniter->handleRequest(null, Object(Config\Cache), false)
13 SYSTEMPATH\Boot.php(334): CodeIgniter\CodeIgniter->run()
14 SYSTEMPATH\Boot.php(67): CodeIgniter\Boot::runCodeIgniter(Object(CodeIgniter\CodeIgniter))
15 FCPATH\index.php(56): CodeIgniter\Boot::bootWeb(Object(Config\Paths))
16 SYSTEMPATH\rewrite.php(44): require_once('C:\\xampp\\htdocs\\assetslte\\public\\index.php')
ERROR - 2025-03-28 13:36:18 --> mysqli_sql_exception: Column 'jumlah_barang' cannot be null in C:\xampp\htdocs\assetslte\system\Database\MySQLi\Connection.php:327
Stack trace:
#0 C:\xampp\htdocs\assetslte\system\Database\MySQLi\Connection.php(327): mysqli->query('INSERT INTO `as...', 0)
#1 C:\xampp\htdocs\assetslte\system\Database\BaseConnection.php(738): CodeIgniter\Database\MySQLi\Connection->execute('INSERT INTO `as...')
#2 C:\xampp\htdocs\assetslte\system\Database\BaseConnection.php(652): CodeIgniter\Database\BaseConnection->simpleQuery('INSERT INTO `as...')
#3 C:\xampp\htdocs\assetslte\system\Database\BaseBuilder.php(2345): CodeIgniter\Database\BaseConnection->query('INSERT INTO `as...', Array, false)
#4 C:\xampp\htdocs\assetslte\system\Model.php(394): CodeIgniter\Database\BaseBuilder->insert()
#5 C:\xampp\htdocs\assetslte\system\BaseModel.php(839): CodeIgniter\Model->doInsert(Array)
#6 C:\xampp\htdocs\assetslte\system\Model.php(800): CodeIgniter\BaseModel->insert(Array, false)
#7 C:\xampp\htdocs\assetslte\system\BaseModel.php(750): CodeIgniter\Model->insert(Array, false)
#8 C:\xampp\htdocs\assetslte\app\Controllers\AssetController.php(51): CodeIgniter\BaseModel->save(Array)
#9 C:\xampp\htdocs\assetslte\system\CodeIgniter.php(933): App\Controllers\AssetController->store()
#10 C:\xampp\htdocs\assetslte\system\CodeIgniter.php(507): CodeIgniter\CodeIgniter->runController(Object(App\Controllers\AssetController))
#11 C:\xampp\htdocs\assetslte\system\CodeIgniter.php(354): CodeIgniter\CodeIgniter->handleRequest(NULL, Object(Config\Cache), false)
#12 C:\xampp\htdocs\assetslte\system\Boot.php(334): CodeIgniter\CodeIgniter->run()
#13 C:\xampp\htdocs\assetslte\system\Boot.php(67): CodeIgniter\Boot::runCodeIgniter(Object(CodeIgniter\CodeIgniter))
#14 C:\xampp\htdocs\assetslte\public\index.php(56): CodeIgniter\Boot::bootWeb(Object(Config\Paths))
#15 C:\xampp\htdocs\assetslte\system\rewrite.php(44): require_once('C:\\xampp\\htdocs...')
#16 {main}
CRITICAL - 2025-03-28 13:36:18 --> CodeIgniter\Database\Exceptions\DatabaseException: Column 'jumlah_barang' cannot be null
[Method: POST, Route: asset/store]
in SYSTEMPATH\Database\BaseConnection.php on line 692.
 1 SYSTEMPATH\Database\BaseBuilder.php(2345): CodeIgniter\Database\BaseConnection->query('INSERT INTO `asset` (`kode_kategori`, `nama_barang`, `deskripsi_barang`, `jumlah_barang`, `harga_barang`, `tanggal_masuk`) VALUES (:kode_kategori:, :nama_barang:, :deskripsi_barang:, :jumlah_barang:, :harga_barang:, :tanggal_masuk:)', [...], false)
 2 SYSTEMPATH\Model.php(394): CodeIgniter\Database\BaseBuilder->insert()
 3 SYSTEMPATH\BaseModel.php(839): CodeIgniter\Model->doInsert([...])
 4 SYSTEMPATH\Model.php(800): CodeIgniter\BaseModel->insert([...], false)
 5 SYSTEMPATH\BaseModel.php(750): CodeIgniter\Model->insert([...], false)
 6 APPPATH\Controllers\AssetController.php(51): CodeIgniter\BaseModel->save([...])
 7 SYSTEMPATH\CodeIgniter.php(933): App\Controllers\AssetController->store()
 8 SYSTEMPATH\CodeIgniter.php(507): CodeIgniter\CodeIgniter->runController(Object(App\Controllers\AssetController))
 9 SYSTEMPATH\CodeIgniter.php(354): CodeIgniter\CodeIgniter->handleRequest(null, Object(Config\Cache), false)
10 SYSTEMPATH\Boot.php(334): CodeIgniter\CodeIgniter->run()
11 SYSTEMPATH\Boot.php(67): CodeIgniter\Boot::runCodeIgniter(Object(CodeIgniter\CodeIgniter))
12 FCPATH\index.php(56): CodeIgniter\Boot::bootWeb(Object(Config\Paths))
13 SYSTEMPATH\rewrite.php(44): require_once('C:\\xampp\\htdocs\\assetslte\\public\\index.php')
CRITICAL - 2025-03-28 13:36:18 --> [Caused by] CodeIgniter\Database\Exceptions\DatabaseException: Column 'jumlah_barang' cannot be null
in SYSTEMPATH\Database\MySQLi\Connection.php on line 332.
 1 SYSTEMPATH\Database\BaseConnection.php(738): CodeIgniter\Database\MySQLi\Connection->execute('INSERT INTO `asset` (`kode_kategori`, `nama_barang`, `deskripsi_barang`, `jumlah_barang`, `harga_barang`, `tanggal_masuk`) VALUES (\'111\', \'qqq\', \'qqqq\', NULL, NULL, \'1111-11-11\')')
 2 SYSTEMPATH\Database\BaseConnection.php(652): CodeIgniter\Database\BaseConnection->simpleQuery('INSERT INTO `asset` (`kode_kategori`, `nama_barang`, `deskripsi_barang`, `jumlah_barang`, `harga_barang`, `tanggal_masuk`) VALUES (\'111\', \'qqq\', \'qqqq\', NULL, NULL, \'1111-11-11\')')
 3 SYSTEMPATH\Database\BaseBuilder.php(2345): CodeIgniter\Database\BaseConnection->query('INSERT INTO `asset` (`kode_kategori`, `nama_barang`, `deskripsi_barang`, `jumlah_barang`, `harga_barang`, `tanggal_masuk`) VALUES (:kode_kategori:, :nama_barang:, :deskripsi_barang:, :jumlah_barang:, :harga_barang:, :tanggal_masuk:)', [...], false)
 4 SYSTEMPATH\Model.php(394): CodeIgniter\Database\BaseBuilder->insert()
 5 SYSTEMPATH\BaseModel.php(839): CodeIgniter\Model->doInsert([...])
 6 SYSTEMPATH\Model.php(800): CodeIgniter\BaseModel->insert([...], false)
 7 SYSTEMPATH\BaseModel.php(750): CodeIgniter\Model->insert([...], false)
 8 APPPATH\Controllers\AssetController.php(51): CodeIgniter\BaseModel->save([...])
 9 SYSTEMPATH\CodeIgniter.php(933): App\Controllers\AssetController->store()
10 SYSTEMPATH\CodeIgniter.php(507): CodeIgniter\CodeIgniter->runController(Object(App\Controllers\AssetController))
11 SYSTEMPATH\CodeIgniter.php(354): CodeIgniter\CodeIgniter->handleRequest(null, Object(Config\Cache), false)
12 SYSTEMPATH\Boot.php(334): CodeIgniter\CodeIgniter->run()
13 SYSTEMPATH\Boot.php(67): CodeIgniter\Boot::runCodeIgniter(Object(CodeIgniter\CodeIgniter))
14 FCPATH\index.php(56): CodeIgniter\Boot::bootWeb(Object(Config\Paths))
15 SYSTEMPATH\rewrite.php(44): require_once('C:\\xampp\\htdocs\\assetslte\\public\\index.php')
CRITICAL - 2025-03-28 13:36:18 --> [Caused by] mysqli_sql_exception: Column 'jumlah_barang' cannot be null
in SYSTEMPATH\Database\MySQLi\Connection.php on line 327.
 1 SYSTEMPATH\Database\MySQLi\Connection.php(327): mysqli->query('INSERT INTO `asset` (`kode_kategori`, `nama_barang`, `deskripsi_barang`, `jumlah_barang`, `harga_barang`, `tanggal_masuk`) VALUES (\'111\', \'qqq\', \'qqqq\', NULL, NULL, \'1111-11-11\')', 0)
 2 SYSTEMPATH\Database\BaseConnection.php(738): CodeIgniter\Database\MySQLi\Connection->execute('INSERT INTO `asset` (`kode_kategori`, `nama_barang`, `deskripsi_barang`, `jumlah_barang`, `harga_barang`, `tanggal_masuk`) VALUES (\'111\', \'qqq\', \'qqqq\', NULL, NULL, \'1111-11-11\')')
 3 SYSTEMPATH\Database\BaseConnection.php(652): CodeIgniter\Database\BaseConnection->simpleQuery('INSERT INTO `asset` (`kode_kategori`, `nama_barang`, `deskripsi_barang`, `jumlah_barang`, `harga_barang`, `tanggal_masuk`) VALUES (\'111\', \'qqq\', \'qqqq\', NULL, NULL, \'1111-11-11\')')
 4 SYSTEMPATH\Database\BaseBuilder.php(2345): CodeIgniter\Database\BaseConnection->query('INSERT INTO `asset` (`kode_kategori`, `nama_barang`, `deskripsi_barang`, `jumlah_barang`, `harga_barang`, `tanggal_masuk`) VALUES (:kode_kategori:, :nama_barang:, :deskripsi_barang:, :jumlah_barang:, :harga_barang:, :tanggal_masuk:)', [...], false)
 5 SYSTEMPATH\Model.php(394): CodeIgniter\Database\BaseBuilder->insert()
 6 SYSTEMPATH\BaseModel.php(839): CodeIgniter\Model->doInsert([...])
 7 SYSTEMPATH\Model.php(800): CodeIgniter\BaseModel->insert([...], false)
 8 SYSTEMPATH\BaseModel.php(750): CodeIgniter\Model->insert([...], false)
 9 APPPATH\Controllers\AssetController.php(51): CodeIgniter\BaseModel->save([...])
10 SYSTEMPATH\CodeIgniter.php(933): App\Controllers\AssetController->store()
11 SYSTEMPATH\CodeIgniter.php(507): CodeIgniter\CodeIgniter->runController(Object(App\Controllers\AssetController))
12 SYSTEMPATH\CodeIgniter.php(354): CodeIgniter\CodeIgniter->handleRequest(null, Object(Config\Cache), false)
13 SYSTEMPATH\Boot.php(334): CodeIgniter\CodeIgniter->run()
14 SYSTEMPATH\Boot.php(67): CodeIgniter\Boot::runCodeIgniter(Object(CodeIgniter\CodeIgniter))
15 FCPATH\index.php(56): CodeIgniter\Boot::bootWeb(Object(Config\Paths))
16 SYSTEMPATH\rewrite.php(44): require_once('C:\\xampp\\htdocs\\assetslte\\public\\index.php')
DEBUG - 2025-03-28 13:37:45 --> Session: Class initialized using 'CodeIgniter\Session\Handlers\FileHandler' driver.
