CRITICAL - 2025-03-19 01:36:30 --> ParseError: syntax error, unexpected double-quoted string ">", expecting "," or ";"
[Method: GET, Route: layout]
in APPPATH\Views\layout.php on line 14.
 1 SYSTEMPATH\View\View.php(227): CodeIgniter\View\View->CodeIgniter\View\{closure}()
 2 SYSTEMPATH\Common.php(1173): CodeIgniter\View\View->render('/layout', [], true)
 3 APPPATH\Controllers\Home.php(14): view('/layout')
 4 SYSTEMPATH\CodeIgniter.php(933): App\Controllers\Home->layout()
 5 SYSTEMPATH\CodeIgniter.php(507): CodeIgniter\CodeIgniter->runController(Object(App\Controllers\Home))
 6 SYSTEMPATH\CodeIgniter.php(354): CodeIgniter\CodeIgniter->handleRequest(null, Object(Config\Cache), false)
 7 SYSTEMPATH\Boot.php(334): CodeIgniter\CodeIgniter->run()
 8 SYSTEMPATH\Boot.php(67): CodeIgniter\Boot::runCodeIgniter(Object(CodeIgniter\CodeIgniter))
 9 FCPATH\index.php(56): CodeIgniter\Boot::bootWeb(Object(Config\Paths))
10 SYSTEMPATH\rewrite.php(44): require_once('C:\\xampp\\htdocs\\assetslte\\public\\index.php')
CRITICAL - 2025-03-19 01:42:00 --> ParseError: syntax error, unexpected double-quoted string "></script>", expecting "," or ";"
[Method: GET, Route: layout]
in APPPATH\Views\layout.php on line 1475.
 1 SYSTEMPATH\View\View.php(227): CodeIgniter\View\View->CodeIgniter\View\{closure}()
 2 SYSTEMPATH\Common.php(1173): CodeIgniter\View\View->render('/layout', [], true)
 3 APPPATH\Controllers\Home.php(14): view('/layout')
 4 SYSTEMPATH\CodeIgniter.php(933): App\Controllers\Home->layout()
 5 SYSTEMPATH\CodeIgniter.php(507): CodeIgniter\CodeIgniter->runController(Object(App\Controllers\Home))
 6 SYSTEMPATH\CodeIgniter.php(354): CodeIgniter\CodeIgniter->handleRequest(null, Object(Config\Cache), false)
 7 SYSTEMPATH\Boot.php(334): CodeIgniter\CodeIgniter->run()
 8 SYSTEMPATH\Boot.php(67): CodeIgniter\Boot::runCodeIgniter(Object(CodeIgniter\CodeIgniter))
 9 FCPATH\index.php(56): CodeIgniter\Boot::bootWeb(Object(Config\Paths))
10 SYSTEMPATH\rewrite.php(44): require_once('C:\\xampp\\htdocs\\assetslte\\public\\index.php')
CRITICAL - 2025-03-19 01:50:03 --> CodeIgniter\HTTP\Exceptions\BadRequestException: The URI you submitted has disallowed characters: "<basdist"
[Method: GET, Route: %3Cbasdist/img/AdminLTELogo.png]
in SYSTEMPATH\Router\Router.php on line 739.
 1 SYSTEMPATH\Router\Router.php(207): CodeIgniter\Router\Router->checkDisallowedChars('<basdist/img/AdminLTELogo.png')
 2 SYSTEMPATH\CodeIgniter.php(832): CodeIgniter\Router\Router->handle('<basdist/img/AdminLTELogo.png')
 3 SYSTEMPATH\CodeIgniter.php(455): CodeIgniter\CodeIgniter->tryToRouteIt(Object(CodeIgniter\Router\RouteCollection))
 4 SYSTEMPATH\CodeIgniter.php(354): CodeIgniter\CodeIgniter->handleRequest(null, Object(Config\Cache), false)
 5 SYSTEMPATH\Boot.php(334): CodeIgniter\CodeIgniter->run()
 6 SYSTEMPATH\Boot.php(67): CodeIgniter\Boot::runCodeIgniter(Object(CodeIgniter\CodeIgniter))
 7 FCPATH\index.php(56): CodeIgniter\Boot::bootWeb(Object(Config\Paths))
 8 SYSTEMPATH\rewrite.php(44): require_once('C:\\xampp\\htdocs\\assetslte\\public\\index.php')
CRITICAL - 2025-03-19 01:50:08 --> ParseError: syntax error, unexpected token ";"
[Method: GET, Route: layout]
in APPPATH\Views\layout.php on line 35.
 1 SYSTEMPATH\View\View.php(227): CodeIgniter\View\View->CodeIgniter\View\{closure}()
 2 SYSTEMPATH\Common.php(1173): CodeIgniter\View\View->render('/layout', [], true)
 3 APPPATH\Controllers\Home.php(14): view('/layout')
 4 SYSTEMPATH\CodeIgniter.php(933): App\Controllers\Home->layout()
 5 SYSTEMPATH\CodeIgniter.php(507): CodeIgniter\CodeIgniter->runController(Object(App\Controllers\Home))
 6 SYSTEMPATH\CodeIgniter.php(354): CodeIgniter\CodeIgniter->handleRequest(null, Object(Config\Cache), false)
 7 SYSTEMPATH\Boot.php(334): CodeIgniter\CodeIgniter->run()
 8 SYSTEMPATH\Boot.php(67): CodeIgniter\Boot::runCodeIgniter(Object(CodeIgniter\CodeIgniter))
 9 FCPATH\index.php(56): CodeIgniter\Boot::bootWeb(Object(Config\Paths))
10 SYSTEMPATH\rewrite.php(44): require_once('C:\\xampp\\htdocs\\assetslte\\public\\index.php')
CRITICAL - 2025-03-19 01:53:05 --> ParseError: syntax error, unexpected double-quoted string " alt=", expecting "," or ";"
[Method: GET, Route: layout]
in APPPATH\Views\layout.php on line 35.
 1 SYSTEMPATH\View\View.php(227): CodeIgniter\View\View->CodeIgniter\View\{closure}()
 2 SYSTEMPATH\Common.php(1173): CodeIgniter\View\View->render('/layout', [], true)
 3 APPPATH\Controllers\Home.php(14): view('/layout')
 4 SYSTEMPATH\CodeIgniter.php(933): App\Controllers\Home->layout()
 5 SYSTEMPATH\CodeIgniter.php(507): CodeIgniter\CodeIgniter->runController(Object(App\Controllers\Home))
 6 SYSTEMPATH\CodeIgniter.php(354): CodeIgniter\CodeIgniter->handleRequest(null, Object(Config\Cache), false)
 7 SYSTEMPATH\Boot.php(334): CodeIgniter\CodeIgniter->run()
 8 SYSTEMPATH\Boot.php(67): CodeIgniter\Boot::runCodeIgniter(Object(CodeIgniter\CodeIgniter))
 9 FCPATH\index.php(56): CodeIgniter\Boot::bootWeb(Object(Config\Paths))
10 SYSTEMPATH\rewrite.php(44): require_once('C:\\xampp\\htdocs\\assetslte\\public\\index.php')
CRITICAL - 2025-03-19 02:49:53 --> ParseError: syntax error, unexpected token "<"
[Method: GET, Route: layout]
in APPPATH\Views\layout.php on line 2.
 1 SYSTEMPATH\View\View.php(227): CodeIgniter\View\View->CodeIgniter\View\{closure}()
 2 SYSTEMPATH\Common.php(1173): CodeIgniter\View\View->render('/layout', [], true)
 3 APPPATH\Controllers\Home.php(14): view('/layout')
 4 SYSTEMPATH\CodeIgniter.php(933): App\Controllers\Home->layout()
 5 SYSTEMPATH\CodeIgniter.php(507): CodeIgniter\CodeIgniter->runController(Object(App\Controllers\Home))
 6 SYSTEMPATH\CodeIgniter.php(354): CodeIgniter\CodeIgniter->handleRequest(null, Object(Config\Cache), false)
 7 SYSTEMPATH\Boot.php(334): CodeIgniter\CodeIgniter->run()
 8 SYSTEMPATH\Boot.php(67): CodeIgniter\Boot::runCodeIgniter(Object(CodeIgniter\CodeIgniter))
 9 FCPATH\index.php(56): CodeIgniter\Boot::bootWeb(Object(Config\Paths))
10 SYSTEMPATH\rewrite.php(44): require_once('C:\\xampp\\htdocs\\assetslte\\public\\index.php')
CRITICAL - 2025-03-19 02:51:10 --> CodeIgniter\Exceptions\RuntimeException: View themes, no current section.
[Method: GET, Route: layout]
in SYSTEMPATH\View\View.php on line 430.
 1 APPPATH\Views\layout.php(116): CodeIgniter\View\View->endSection()
 2 SYSTEMPATH\View\View.php(224): include('C:\\xampp\\htdocs\\assetslte\\app\\Views\\layout.php')
 3 SYSTEMPATH\View\View.php(227): CodeIgniter\View\View->CodeIgniter\View\{closure}()
 4 SYSTEMPATH\Common.php(1173): CodeIgniter\View\View->render('/layout', [], true)
 5 APPPATH\Controllers\Home.php(14): view('/layout')
 6 SYSTEMPATH\CodeIgniter.php(933): App\Controllers\Home->layout()
 7 SYSTEMPATH\CodeIgniter.php(507): CodeIgniter\CodeIgniter->runController(Object(App\Controllers\Home))
 8 SYSTEMPATH\CodeIgniter.php(354): CodeIgniter\CodeIgniter->handleRequest(null, Object(Config\Cache), false)
 9 SYSTEMPATH\Boot.php(334): CodeIgniter\CodeIgniter->run()
10 SYSTEMPATH\Boot.php(67): CodeIgniter\Boot::runCodeIgniter(Object(CodeIgniter\CodeIgniter))
11 FCPATH\index.php(56): CodeIgniter\Boot::bootWeb(Object(Config\Paths))
12 SYSTEMPATH\rewrite.php(44): require_once('C:\\xampp\\htdocs\\assetslte\\public\\index.php')
CRITICAL - 2025-03-19 02:51:12 --> CodeIgniter\Exceptions\RuntimeException: View themes, no current section.
[Method: GET, Route: layout]
in SYSTEMPATH\View\View.php on line 430.
 1 APPPATH\Views\layout.php(116): CodeIgniter\View\View->endSection()
 2 SYSTEMPATH\View\View.php(224): include('C:\\xampp\\htdocs\\assetslte\\app\\Views\\layout.php')
 3 SYSTEMPATH\View\View.php(227): CodeIgniter\View\View->CodeIgniter\View\{closure}()
 4 SYSTEMPATH\Common.php(1173): CodeIgniter\View\View->render('/layout', [], true)
 5 APPPATH\Controllers\Home.php(14): view('/layout')
 6 SYSTEMPATH\CodeIgniter.php(933): App\Controllers\Home->layout()
 7 SYSTEMPATH\CodeIgniter.php(507): CodeIgniter\CodeIgniter->runController(Object(App\Controllers\Home))
 8 SYSTEMPATH\CodeIgniter.php(354): CodeIgniter\CodeIgniter->handleRequest(null, Object(Config\Cache), false)
 9 SYSTEMPATH\Boot.php(334): CodeIgniter\CodeIgniter->run()
10 SYSTEMPATH\Boot.php(67): CodeIgniter\Boot::runCodeIgniter(Object(CodeIgniter\CodeIgniter))
11 FCPATH\index.php(56): CodeIgniter\Boot::bootWeb(Object(Config\Paths))
12 SYSTEMPATH\rewrite.php(44): require_once('C:\\xampp\\htdocs\\assetslte\\public\\index.php')
CRITICAL - 2025-03-19 02:51:14 --> CodeIgniter\Exceptions\RuntimeException: View themes, no current section.
[Method: GET, Route: layout]
in SYSTEMPATH\View\View.php on line 430.
 1 APPPATH\Views\layout.php(116): CodeIgniter\View\View->endSection()
 2 SYSTEMPATH\View\View.php(224): include('C:\\xampp\\htdocs\\assetslte\\app\\Views\\layout.php')
 3 SYSTEMPATH\View\View.php(227): CodeIgniter\View\View->CodeIgniter\View\{closure}()
 4 SYSTEMPATH\Common.php(1173): CodeIgniter\View\View->render('/layout', [], true)
 5 APPPATH\Controllers\Home.php(14): view('/layout')
 6 SYSTEMPATH\CodeIgniter.php(933): App\Controllers\Home->layout()
 7 SYSTEMPATH\CodeIgniter.php(507): CodeIgniter\CodeIgniter->runController(Object(App\Controllers\Home))
 8 SYSTEMPATH\CodeIgniter.php(354): CodeIgniter\CodeIgniter->handleRequest(null, Object(Config\Cache), false)
 9 SYSTEMPATH\Boot.php(334): CodeIgniter\CodeIgniter->run()
10 SYSTEMPATH\Boot.php(67): CodeIgniter\Boot::runCodeIgniter(Object(CodeIgniter\CodeIgniter))
11 FCPATH\index.php(56): CodeIgniter\Boot::bootWeb(Object(Config\Paths))
12 SYSTEMPATH\rewrite.php(44): require_once('C:\\xampp\\htdocs\\assetslte\\public\\index.php')
CRITICAL - 2025-03-19 02:51:15 --> CodeIgniter\Exceptions\RuntimeException: View themes, no current section.
[Method: GET, Route: layout]
in SYSTEMPATH\View\View.php on line 430.
 1 APPPATH\Views\layout.php(116): CodeIgniter\View\View->endSection()
 2 SYSTEMPATH\View\View.php(224): include('C:\\xampp\\htdocs\\assetslte\\app\\Views\\layout.php')
 3 SYSTEMPATH\View\View.php(227): CodeIgniter\View\View->CodeIgniter\View\{closure}()
 4 SYSTEMPATH\Common.php(1173): CodeIgniter\View\View->render('/layout', [], true)
 5 APPPATH\Controllers\Home.php(14): view('/layout')
 6 SYSTEMPATH\CodeIgniter.php(933): App\Controllers\Home->layout()
 7 SYSTEMPATH\CodeIgniter.php(507): CodeIgniter\CodeIgniter->runController(Object(App\Controllers\Home))
 8 SYSTEMPATH\CodeIgniter.php(354): CodeIgniter\CodeIgniter->handleRequest(null, Object(Config\Cache), false)
 9 SYSTEMPATH\Boot.php(334): CodeIgniter\CodeIgniter->run()
10 SYSTEMPATH\Boot.php(67): CodeIgniter\Boot::runCodeIgniter(Object(CodeIgniter\CodeIgniter))
11 FCPATH\index.php(56): CodeIgniter\Boot::bootWeb(Object(Config\Paths))
12 SYSTEMPATH\rewrite.php(44): require_once('C:\\xampp\\htdocs\\assetslte\\public\\index.php')
CRITICAL - 2025-03-19 02:51:15 --> CodeIgniter\Exceptions\RuntimeException: View themes, no current section.
[Method: GET, Route: layout]
in SYSTEMPATH\View\View.php on line 430.
 1 APPPATH\Views\layout.php(116): CodeIgniter\View\View->endSection()
 2 SYSTEMPATH\View\View.php(224): include('C:\\xampp\\htdocs\\assetslte\\app\\Views\\layout.php')
 3 SYSTEMPATH\View\View.php(227): CodeIgniter\View\View->CodeIgniter\View\{closure}()
 4 SYSTEMPATH\Common.php(1173): CodeIgniter\View\View->render('/layout', [], true)
 5 APPPATH\Controllers\Home.php(14): view('/layout')
 6 SYSTEMPATH\CodeIgniter.php(933): App\Controllers\Home->layout()
 7 SYSTEMPATH\CodeIgniter.php(507): CodeIgniter\CodeIgniter->runController(Object(App\Controllers\Home))
 8 SYSTEMPATH\CodeIgniter.php(354): CodeIgniter\CodeIgniter->handleRequest(null, Object(Config\Cache), false)
 9 SYSTEMPATH\Boot.php(334): CodeIgniter\CodeIgniter->run()
10 SYSTEMPATH\Boot.php(67): CodeIgniter\Boot::runCodeIgniter(Object(CodeIgniter\CodeIgniter))
11 FCPATH\index.php(56): CodeIgniter\Boot::bootWeb(Object(Config\Paths))
12 SYSTEMPATH\rewrite.php(44): require_once('C:\\xampp\\htdocs\\assetslte\\public\\index.php')
CRITICAL - 2025-03-19 03:16:10 --> CodeIgniter\View\Exceptions\ViewException: Invalid file: "/layout.php"
[Method: GET, Route: layout]
in SYSTEMPATH\Exceptions\FrameworkException.php on line 39.
 1 SYSTEMPATH\View\View.php(212): CodeIgniter\Exceptions\FrameworkException::forInvalidFile('/layout.php')
 2 SYSTEMPATH\Common.php(1173): CodeIgniter\View\View->render('/layout', [], true)
 3 APPPATH\Controllers\Home.php(14): view('/layout')
 4 SYSTEMPATH\CodeIgniter.php(933): App\Controllers\Home->layout()
 5 SYSTEMPATH\CodeIgniter.php(507): CodeIgniter\CodeIgniter->runController(Object(App\Controllers\Home))
 6 SYSTEMPATH\CodeIgniter.php(354): CodeIgniter\CodeIgniter->handleRequest(null, Object(Config\Cache), false)
 7 SYSTEMPATH\Boot.php(334): CodeIgniter\CodeIgniter->run()
 8 SYSTEMPATH\Boot.php(67): CodeIgniter\Boot::runCodeIgniter(Object(CodeIgniter\CodeIgniter))
 9 FCPATH\index.php(56): CodeIgniter\Boot::bootWeb(Object(Config\Paths))
10 SYSTEMPATH\rewrite.php(44): require_once('C:\\xampp\\htdocs\\assetslte\\public\\index.php')
CRITICAL - 2025-03-19 03:16:15 --> CodeIgniter\View\Exceptions\ViewException: Invalid file: "/layout.php"
[Method: GET, Route: layout]
in SYSTEMPATH\Exceptions\FrameworkException.php on line 39.
 1 SYSTEMPATH\View\View.php(212): CodeIgniter\Exceptions\FrameworkException::forInvalidFile('/layout.php')
 2 SYSTEMPATH\Common.php(1173): CodeIgniter\View\View->render('/layout', [], true)
 3 APPPATH\Controllers\Home.php(14): view('/layout')
 4 SYSTEMPATH\CodeIgniter.php(933): App\Controllers\Home->layout()
 5 SYSTEMPATH\CodeIgniter.php(507): CodeIgniter\CodeIgniter->runController(Object(App\Controllers\Home))
 6 SYSTEMPATH\CodeIgniter.php(354): CodeIgniter\CodeIgniter->handleRequest(null, Object(Config\Cache), false)
 7 SYSTEMPATH\Boot.php(334): CodeIgniter\CodeIgniter->run()
 8 SYSTEMPATH\Boot.php(67): CodeIgniter\Boot::runCodeIgniter(Object(CodeIgniter\CodeIgniter))
 9 FCPATH\index.php(56): CodeIgniter\Boot::bootWeb(Object(Config\Paths))
10 SYSTEMPATH\rewrite.php(44): require_once('C:\\xampp\\htdocs\\assetslte\\public\\index.php')
CRITICAL - 2025-03-19 03:47:28 --> CodeIgniter\View\Exceptions\ViewException: Invalid file: "/layout.php"
[Method: GET, Route: layout]
in SYSTEMPATH\Exceptions\FrameworkException.php on line 39.
 1 SYSTEMPATH\View\View.php(212): CodeIgniter\Exceptions\FrameworkException::forInvalidFile('/layout.php')
 2 SYSTEMPATH\Common.php(1173): CodeIgniter\View\View->render('/layout', [], true)
 3 APPPATH\Controllers\Home.php(14): view('/layout')
 4 SYSTEMPATH\CodeIgniter.php(933): App\Controllers\Home->layout()
 5 SYSTEMPATH\CodeIgniter.php(507): CodeIgniter\CodeIgniter->runController(Object(App\Controllers\Home))
 6 SYSTEMPATH\CodeIgniter.php(354): CodeIgniter\CodeIgniter->handleRequest(null, Object(Config\Cache), false)
 7 SYSTEMPATH\Boot.php(334): CodeIgniter\CodeIgniter->run()
 8 SYSTEMPATH\Boot.php(67): CodeIgniter\Boot::runCodeIgniter(Object(CodeIgniter\CodeIgniter))
 9 FCPATH\index.php(56): CodeIgniter\Boot::bootWeb(Object(Config\Paths))
10 SYSTEMPATH\rewrite.php(44): require_once('C:\\xampp\\htdocs\\assetslte\\public\\index.php')
CRITICAL - 2025-03-19 05:50:10 --> CodeIgniter\View\Exceptions\ViewException: Invalid file: "kategori_asset.php"
[Method: GET, Route: kategori-asset]
in SYSTEMPATH\Exceptions\FrameworkException.php on line 39.
 1 SYSTEMPATH\View\View.php(212): CodeIgniter\Exceptions\FrameworkException::forInvalidFile('kategori_asset.php')
 2 SYSTEMPATH\Common.php(1173): CodeIgniter\View\View->render('kategori_asset', [], true)
 3 APPPATH\Controllers\DataMasterController.php(12): view('kategori_asset')
 4 SYSTEMPATH\CodeIgniter.php(933): App\Controllers\DataMasterController->kategori_asset()
 5 SYSTEMPATH\CodeIgniter.php(507): CodeIgniter\CodeIgniter->runController(Object(App\Controllers\DataMasterController))
 6 SYSTEMPATH\CodeIgniter.php(354): CodeIgniter\CodeIgniter->handleRequest(null, Object(Config\Cache), false)
 7 SYSTEMPATH\Boot.php(334): CodeIgniter\CodeIgniter->run()
 8 SYSTEMPATH\Boot.php(67): CodeIgniter\Boot::runCodeIgniter(Object(CodeIgniter\CodeIgniter))
 9 FCPATH\index.php(56): CodeIgniter\Boot::bootWeb(Object(Config\Paths))
10 SYSTEMPATH\rewrite.php(44): require_once('C:\\xampp\\htdocs\\assetslte\\public\\index.php')
CRITICAL - 2025-03-19 05:56:26 --> CodeIgniter\View\Exceptions\ViewException: Invalid file: "kategori_asset.php"
[Method: GET, Route: kategori-asset]
in SYSTEMPATH\Exceptions\FrameworkException.php on line 39.
 1 SYSTEMPATH\View\View.php(212): CodeIgniter\Exceptions\FrameworkException::forInvalidFile('kategori_asset.php')
 2 SYSTEMPATH\Common.php(1173): CodeIgniter\View\View->render('kategori_asset', [], true)
 3 APPPATH\Controllers\DataMasterController.php(12): view('kategori_asset')
 4 SYSTEMPATH\CodeIgniter.php(933): App\Controllers\DataMasterController->kategori_asset()
 5 SYSTEMPATH\CodeIgniter.php(507): CodeIgniter\CodeIgniter->runController(Object(App\Controllers\DataMasterController))
 6 SYSTEMPATH\CodeIgniter.php(354): CodeIgniter\CodeIgniter->handleRequest(null, Object(Config\Cache), false)
 7 SYSTEMPATH\Boot.php(334): CodeIgniter\CodeIgniter->run()
 8 SYSTEMPATH\Boot.php(67): CodeIgniter\Boot::runCodeIgniter(Object(CodeIgniter\CodeIgniter))
 9 FCPATH\index.php(56): CodeIgniter\Boot::bootWeb(Object(Config\Paths))
10 SYSTEMPATH\rewrite.php(44): require_once('C:\\xampp\\htdocs\\assetslte\\public\\index.php')
CRITICAL - 2025-03-19 05:58:12 --> CodeIgniter\View\Exceptions\ViewException: Invalid file: "kategori_asset.php"
[Method: GET, Route: kategori-asset]
in SYSTEMPATH\Exceptions\FrameworkException.php on line 39.
 1 SYSTEMPATH\View\View.php(212): CodeIgniter\Exceptions\FrameworkException::forInvalidFile('kategori_asset.php')
 2 SYSTEMPATH\Common.php(1173): CodeIgniter\View\View->render('kategori_asset', [], true)
 3 APPPATH\Controllers\DataMasterController.php(12): view('kategori_asset')
 4 SYSTEMPATH\CodeIgniter.php(933): App\Controllers\DataMasterController->kategori_asset()
 5 SYSTEMPATH\CodeIgniter.php(507): CodeIgniter\CodeIgniter->runController(Object(App\Controllers\DataMasterController))
 6 SYSTEMPATH\CodeIgniter.php(354): CodeIgniter\CodeIgniter->handleRequest(null, Object(Config\Cache), false)
 7 SYSTEMPATH\Boot.php(334): CodeIgniter\CodeIgniter->run()
 8 SYSTEMPATH\Boot.php(67): CodeIgniter\Boot::runCodeIgniter(Object(CodeIgniter\CodeIgniter))
 9 FCPATH\index.php(56): CodeIgniter\Boot::bootWeb(Object(Config\Paths))
10 SYSTEMPATH\rewrite.php(44): require_once('C:\\xampp\\htdocs\\assetslte\\public\\index.php')
CRITICAL - 2025-03-19 05:58:25 --> CodeIgniter\View\Exceptions\ViewException: Invalid file: "kategori_asset.php"
[Method: GET, Route: kategori-asset]
in SYSTEMPATH\Exceptions\FrameworkException.php on line 39.
 1 SYSTEMPATH\View\View.php(212): CodeIgniter\Exceptions\FrameworkException::forInvalidFile('kategori_asset.php')
 2 SYSTEMPATH\Common.php(1173): CodeIgniter\View\View->render('kategori_asset', [], true)
 3 APPPATH\Controllers\DataMasterController.php(12): view('kategori_asset')
 4 SYSTEMPATH\CodeIgniter.php(933): App\Controllers\DataMasterController->kategori_asset()
 5 SYSTEMPATH\CodeIgniter.php(507): CodeIgniter\CodeIgniter->runController(Object(App\Controllers\DataMasterController))
 6 SYSTEMPATH\CodeIgniter.php(354): CodeIgniter\CodeIgniter->handleRequest(null, Object(Config\Cache), false)
 7 SYSTEMPATH\Boot.php(334): CodeIgniter\CodeIgniter->run()
 8 SYSTEMPATH\Boot.php(67): CodeIgniter\Boot::runCodeIgniter(Object(CodeIgniter\CodeIgniter))
 9 FCPATH\index.php(56): CodeIgniter\Boot::bootWeb(Object(Config\Paths))
10 SYSTEMPATH\rewrite.php(44): require_once('C:\\xampp\\htdocs\\assetslte\\public\\index.php')
CRITICAL - 2025-03-19 05:58:49 --> CodeIgniter\View\Exceptions\ViewException: Invalid file: "kategori_asset.php"
[Method: GET, Route: kategori-asset]
in SYSTEMPATH\Exceptions\FrameworkException.php on line 39.
 1 SYSTEMPATH\View\View.php(212): CodeIgniter\Exceptions\FrameworkException::forInvalidFile('kategori_asset.php')
 2 SYSTEMPATH\Common.php(1173): CodeIgniter\View\View->render('kategori_asset', [], true)
 3 APPPATH\Controllers\DataMasterController.php(12): view('kategori_asset')
 4 SYSTEMPATH\CodeIgniter.php(933): App\Controllers\DataMasterController->kategori_asset()
 5 SYSTEMPATH\CodeIgniter.php(507): CodeIgniter\CodeIgniter->runController(Object(App\Controllers\DataMasterController))
 6 SYSTEMPATH\CodeIgniter.php(354): CodeIgniter\CodeIgniter->handleRequest(null, Object(Config\Cache), false)
 7 SYSTEMPATH\Boot.php(334): CodeIgniter\CodeIgniter->run()
 8 SYSTEMPATH\Boot.php(67): CodeIgniter\Boot::runCodeIgniter(Object(CodeIgniter\CodeIgniter))
 9 FCPATH\index.php(56): CodeIgniter\Boot::bootWeb(Object(Config\Paths))
10 SYSTEMPATH\rewrite.php(44): require_once('C:\\xampp\\htdocs\\assetslte\\public\\index.php')
CRITICAL - 2025-03-19 05:58:59 --> CodeIgniter\View\Exceptions\ViewException: Invalid file: "kategori_asset.php"
[Method: GET, Route: kategori-asset]
in SYSTEMPATH\Exceptions\FrameworkException.php on line 39.
 1 SYSTEMPATH\View\View.php(212): CodeIgniter\Exceptions\FrameworkException::forInvalidFile('kategori_asset.php')
 2 SYSTEMPATH\Common.php(1173): CodeIgniter\View\View->render('kategori_asset', [], true)
 3 APPPATH\Controllers\DataMasterController.php(12): view('kategori_asset')
 4 SYSTEMPATH\CodeIgniter.php(933): App\Controllers\DataMasterController->kategori_asset()
 5 SYSTEMPATH\CodeIgniter.php(507): CodeIgniter\CodeIgniter->runController(Object(App\Controllers\DataMasterController))
 6 SYSTEMPATH\CodeIgniter.php(354): CodeIgniter\CodeIgniter->handleRequest(null, Object(Config\Cache), false)
 7 SYSTEMPATH\Boot.php(334): CodeIgniter\CodeIgniter->run()
 8 SYSTEMPATH\Boot.php(67): CodeIgniter\Boot::runCodeIgniter(Object(CodeIgniter\CodeIgniter))
 9 FCPATH\index.php(56): CodeIgniter\Boot::bootWeb(Object(Config\Paths))
10 SYSTEMPATH\rewrite.php(44): require_once('C:\\xampp\\htdocs\\assetslte\\public\\index.php')
CRITICAL - 2025-03-19 05:59:24 --> CodeIgniter\View\Exceptions\ViewException: Invalid file: "kategori_asset.php"
[Method: GET, Route: kategori-asset]
in SYSTEMPATH\Exceptions\FrameworkException.php on line 39.
 1 SYSTEMPATH\View\View.php(212): CodeIgniter\Exceptions\FrameworkException::forInvalidFile('kategori_asset.php')
 2 SYSTEMPATH\Common.php(1173): CodeIgniter\View\View->render('kategori_asset', [], true)
 3 APPPATH\Controllers\Home.php(18): view('kategori_asset')
 4 SYSTEMPATH\CodeIgniter.php(933): App\Controllers\Home->kategori_asset()
 5 SYSTEMPATH\CodeIgniter.php(507): CodeIgniter\CodeIgniter->runController(Object(App\Controllers\Home))
 6 SYSTEMPATH\CodeIgniter.php(354): CodeIgniter\CodeIgniter->handleRequest(null, Object(Config\Cache), false)
 7 SYSTEMPATH\Boot.php(334): CodeIgniter\CodeIgniter->run()
 8 SYSTEMPATH\Boot.php(67): CodeIgniter\Boot::runCodeIgniter(Object(CodeIgniter\CodeIgniter))
 9 FCPATH\index.php(56): CodeIgniter\Boot::bootWeb(Object(Config\Paths))
10 SYSTEMPATH\rewrite.php(44): require_once('C:\\xampp\\htdocs\\assetslte\\public\\index.php')
CRITICAL - 2025-03-19 05:59:30 --> CodeIgniter\View\Exceptions\ViewException: Invalid file: "kategori_asset.php"
[Method: GET, Route: kategori-asset]
in SYSTEMPATH\Exceptions\FrameworkException.php on line 39.
 1 SYSTEMPATH\View\View.php(212): CodeIgniter\Exceptions\FrameworkException::forInvalidFile('kategori_asset.php')
 2 SYSTEMPATH\Common.php(1173): CodeIgniter\View\View->render('kategori_asset', [], true)
 3 APPPATH\Controllers\DataMasterController.php(12): view('kategori_asset')
 4 SYSTEMPATH\CodeIgniter.php(933): App\Controllers\DataMasterController->kategori_asset()
 5 SYSTEMPATH\CodeIgniter.php(507): CodeIgniter\CodeIgniter->runController(Object(App\Controllers\DataMasterController))
 6 SYSTEMPATH\CodeIgniter.php(354): CodeIgniter\CodeIgniter->handleRequest(null, Object(Config\Cache), false)
 7 SYSTEMPATH\Boot.php(334): CodeIgniter\CodeIgniter->run()
 8 SYSTEMPATH\Boot.php(67): CodeIgniter\Boot::runCodeIgniter(Object(CodeIgniter\CodeIgniter))
 9 FCPATH\index.php(56): CodeIgniter\Boot::bootWeb(Object(Config\Paths))
10 SYSTEMPATH\rewrite.php(44): require_once('C:\\xampp\\htdocs\\assetslte\\public\\index.php')
CRITICAL - 2025-03-19 05:59:34 --> CodeIgniter\View\Exceptions\ViewException: Invalid file: "kategori_asset.php"
[Method: GET, Route: kategori-asset]
in SYSTEMPATH\Exceptions\FrameworkException.php on line 39.
 1 SYSTEMPATH\View\View.php(212): CodeIgniter\Exceptions\FrameworkException::forInvalidFile('kategori_asset.php')
 2 SYSTEMPATH\Common.php(1173): CodeIgniter\View\View->render('kategori_asset', [], true)
 3 APPPATH\Controllers\DataMasterController.php(12): view('kategori_asset')
 4 SYSTEMPATH\CodeIgniter.php(933): App\Controllers\DataMasterController->kategori_asset()
 5 SYSTEMPATH\CodeIgniter.php(507): CodeIgniter\CodeIgniter->runController(Object(App\Controllers\DataMasterController))
 6 SYSTEMPATH\CodeIgniter.php(354): CodeIgniter\CodeIgniter->handleRequest(null, Object(Config\Cache), false)
 7 SYSTEMPATH\Boot.php(334): CodeIgniter\CodeIgniter->run()
 8 SYSTEMPATH\Boot.php(67): CodeIgniter\Boot::runCodeIgniter(Object(CodeIgniter\CodeIgniter))
 9 FCPATH\index.php(56): CodeIgniter\Boot::bootWeb(Object(Config\Paths))
10 SYSTEMPATH\rewrite.php(44): require_once('C:\\xampp\\htdocs\\assetslte\\public\\index.php')
CRITICAL - 2025-03-19 05:59:57 --> CodeIgniter\View\Exceptions\ViewException: Invalid file: "kategori_asset.php"
[Method: GET, Route: kategori-asset]
in SYSTEMPATH\Exceptions\FrameworkException.php on line 39.
 1 SYSTEMPATH\View\View.php(212): CodeIgniter\Exceptions\FrameworkException::forInvalidFile('kategori_asset.php')
 2 SYSTEMPATH\Common.php(1173): CodeIgniter\View\View->render('kategori_asset', [], true)
 3 APPPATH\Controllers\DataMasterController.php(12): view('kategori_asset')
 4 SYSTEMPATH\CodeIgniter.php(933): App\Controllers\DataMasterController->kategori_asset()
 5 SYSTEMPATH\CodeIgniter.php(507): CodeIgniter\CodeIgniter->runController(Object(App\Controllers\DataMasterController))
 6 SYSTEMPATH\CodeIgniter.php(354): CodeIgniter\CodeIgniter->handleRequest(null, Object(Config\Cache), false)
 7 SYSTEMPATH\Boot.php(334): CodeIgniter\CodeIgniter->run()
 8 SYSTEMPATH\Boot.php(67): CodeIgniter\Boot::runCodeIgniter(Object(CodeIgniter\CodeIgniter))
 9 FCPATH\index.php(56): CodeIgniter\Boot::bootWeb(Object(Config\Paths))
10 SYSTEMPATH\rewrite.php(44): require_once('C:\\xampp\\htdocs\\assetslte\\public\\index.php')
CRITICAL - 2025-03-19 05:59:58 --> CodeIgniter\View\Exceptions\ViewException: Invalid file: "kategori_asset.php"
[Method: GET, Route: kategori-asset]
in SYSTEMPATH\Exceptions\FrameworkException.php on line 39.
 1 SYSTEMPATH\View\View.php(212): CodeIgniter\Exceptions\FrameworkException::forInvalidFile('kategori_asset.php')
 2 SYSTEMPATH\Common.php(1173): CodeIgniter\View\View->render('kategori_asset', [], true)
 3 APPPATH\Controllers\DataMasterController.php(12): view('kategori_asset')
 4 SYSTEMPATH\CodeIgniter.php(933): App\Controllers\DataMasterController->kategori_asset()
 5 SYSTEMPATH\CodeIgniter.php(507): CodeIgniter\CodeIgniter->runController(Object(App\Controllers\DataMasterController))
 6 SYSTEMPATH\CodeIgniter.php(354): CodeIgniter\CodeIgniter->handleRequest(null, Object(Config\Cache), false)
 7 SYSTEMPATH\Boot.php(334): CodeIgniter\CodeIgniter->run()
 8 SYSTEMPATH\Boot.php(67): CodeIgniter\Boot::runCodeIgniter(Object(CodeIgniter\CodeIgniter))
 9 FCPATH\index.php(56): CodeIgniter\Boot::bootWeb(Object(Config\Paths))
10 SYSTEMPATH\rewrite.php(44): require_once('C:\\xampp\\htdocs\\assetslte\\public\\index.php')
CRITICAL - 2025-03-19 06:00:01 --> CodeIgniter\View\Exceptions\ViewException: Invalid file: "kategori_asset.php"
[Method: GET, Route: kategori_asset]
in SYSTEMPATH\Exceptions\FrameworkException.php on line 39.
 1 SYSTEMPATH\View\View.php(212): CodeIgniter\Exceptions\FrameworkException::forInvalidFile('kategori_asset.php')
 2 SYSTEMPATH\Common.php(1173): CodeIgniter\View\View->render('kategori_asset', [], true)
 3 APPPATH\Controllers\Home.php(18): view('kategori_asset')
 4 SYSTEMPATH\CodeIgniter.php(933): App\Controllers\Home->kategori_asset()
 5 SYSTEMPATH\CodeIgniter.php(507): CodeIgniter\CodeIgniter->runController(Object(App\Controllers\Home))
 6 SYSTEMPATH\CodeIgniter.php(354): CodeIgniter\CodeIgniter->handleRequest(null, Object(Config\Cache), false)
 7 SYSTEMPATH\Boot.php(334): CodeIgniter\CodeIgniter->run()
 8 SYSTEMPATH\Boot.php(67): CodeIgniter\Boot::runCodeIgniter(Object(CodeIgniter\CodeIgniter))
 9 FCPATH\index.php(56): CodeIgniter\Boot::bootWeb(Object(Config\Paths))
10 SYSTEMPATH\rewrite.php(44): require_once('C:\\xampp\\htdocs\\assetslte\\public\\index.php')
CRITICAL - 2025-03-19 06:03:16 --> CodeIgniter\View\Exceptions\ViewException: Invalid file: "kategori_asset.php"
[Method: GET, Route: kategori_asset]
in SYSTEMPATH\Exceptions\FrameworkException.php on line 39.
 1 SYSTEMPATH\View\View.php(212): CodeIgniter\Exceptions\FrameworkException::forInvalidFile('kategori_asset.php')
 2 SYSTEMPATH\Common.php(1173): CodeIgniter\View\View->render('kategori_asset', [], true)
 3 APPPATH\Controllers\Home.php(18): view('kategori_asset')
 4 SYSTEMPATH\CodeIgniter.php(933): App\Controllers\Home->kategori_asset()
 5 SYSTEMPATH\CodeIgniter.php(507): CodeIgniter\CodeIgniter->runController(Object(App\Controllers\Home))
 6 SYSTEMPATH\CodeIgniter.php(354): CodeIgniter\CodeIgniter->handleRequest(null, Object(Config\Cache), false)
 7 SYSTEMPATH\Boot.php(334): CodeIgniter\CodeIgniter->run()
 8 SYSTEMPATH\Boot.php(67): CodeIgniter\Boot::runCodeIgniter(Object(CodeIgniter\CodeIgniter))
 9 FCPATH\index.php(56): CodeIgniter\Boot::bootWeb(Object(Config\Paths))
10 SYSTEMPATH\rewrite.php(44): require_once('C:\\xampp\\htdocs\\assetslte\\public\\index.php')
CRITICAL - 2025-03-19 06:04:24 --> CodeIgniter\View\Exceptions\ViewException: Invalid file: "kategori_asset.php"
[Method: GET, Route: kategori_asset]
in SYSTEMPATH\Exceptions\FrameworkException.php on line 39.
 1 SYSTEMPATH\View\View.php(212): CodeIgniter\Exceptions\FrameworkException::forInvalidFile('kategori_asset.php')
 2 SYSTEMPATH\Common.php(1173): CodeIgniter\View\View->render('kategori_asset', [], true)
 3 APPPATH\Controllers\Home.php(18): view('kategori_asset')
 4 SYSTEMPATH\CodeIgniter.php(933): App\Controllers\Home->kategori_asset()
 5 SYSTEMPATH\CodeIgniter.php(507): CodeIgniter\CodeIgniter->runController(Object(App\Controllers\Home))
 6 SYSTEMPATH\CodeIgniter.php(354): CodeIgniter\CodeIgniter->handleRequest(null, Object(Config\Cache), false)
 7 SYSTEMPATH\Boot.php(334): CodeIgniter\CodeIgniter->run()
 8 SYSTEMPATH\Boot.php(67): CodeIgniter\Boot::runCodeIgniter(Object(CodeIgniter\CodeIgniter))
 9 FCPATH\index.php(56): CodeIgniter\Boot::bootWeb(Object(Config\Paths))
10 SYSTEMPATH\rewrite.php(44): require_once('C:\\xampp\\htdocs\\assetslte\\public\\index.php')
CRITICAL - 2025-03-19 06:04:24 --> CodeIgniter\View\Exceptions\ViewException: Invalid file: "kategori_asset.php"
[Method: GET, Route: kategori_asset]
in SYSTEMPATH\Exceptions\FrameworkException.php on line 39.
 1 SYSTEMPATH\View\View.php(212): CodeIgniter\Exceptions\FrameworkException::forInvalidFile('kategori_asset.php')
 2 SYSTEMPATH\Common.php(1173): CodeIgniter\View\View->render('kategori_asset', [], true)
 3 APPPATH\Controllers\Home.php(18): view('kategori_asset')
 4 SYSTEMPATH\CodeIgniter.php(933): App\Controllers\Home->kategori_asset()
 5 SYSTEMPATH\CodeIgniter.php(507): CodeIgniter\CodeIgniter->runController(Object(App\Controllers\Home))
 6 SYSTEMPATH\CodeIgniter.php(354): CodeIgniter\CodeIgniter->handleRequest(null, Object(Config\Cache), false)
 7 SYSTEMPATH\Boot.php(334): CodeIgniter\CodeIgniter->run()
 8 SYSTEMPATH\Boot.php(67): CodeIgniter\Boot::runCodeIgniter(Object(CodeIgniter\CodeIgniter))
 9 FCPATH\index.php(56): CodeIgniter\Boot::bootWeb(Object(Config\Paths))
10 SYSTEMPATH\rewrite.php(44): require_once('C:\\xampp\\htdocs\\assetslte\\public\\index.php')
CRITICAL - 2025-03-19 06:06:08 --> CodeIgniter\View\Exceptions\ViewException: Invalid file: "kategori_asset.php"
[Method: GET, Route: kategori_asset]
in SYSTEMPATH\Exceptions\FrameworkException.php on line 39.
 1 SYSTEMPATH\View\View.php(212): CodeIgniter\Exceptions\FrameworkException::forInvalidFile('kategori_asset.php')
 2 SYSTEMPATH\Common.php(1173): CodeIgniter\View\View->render('kategori_asset', [], true)
 3 APPPATH\Controllers\Home.php(18): view('kategori_asset')
 4 SYSTEMPATH\CodeIgniter.php(933): App\Controllers\Home->kategori_asset()
 5 SYSTEMPATH\CodeIgniter.php(507): CodeIgniter\CodeIgniter->runController(Object(App\Controllers\Home))
 6 SYSTEMPATH\CodeIgniter.php(354): CodeIgniter\CodeIgniter->handleRequest(null, Object(Config\Cache), false)
 7 SYSTEMPATH\Boot.php(334): CodeIgniter\CodeIgniter->run()
 8 SYSTEMPATH\Boot.php(67): CodeIgniter\Boot::runCodeIgniter(Object(CodeIgniter\CodeIgniter))
 9 FCPATH\index.php(56): CodeIgniter\Boot::bootWeb(Object(Config\Paths))
10 SYSTEMPATH\rewrite.php(44): require_once('C:\\xampp\\htdocs\\assetslte\\public\\index.php')
CRITICAL - 2025-03-19 06:06:13 --> CodeIgniter\View\Exceptions\ViewException: Invalid file: "kategori_asset.php"
[Method: GET, Route: kategori_asset]
in SYSTEMPATH\Exceptions\FrameworkException.php on line 39.
 1 SYSTEMPATH\View\View.php(212): CodeIgniter\Exceptions\FrameworkException::forInvalidFile('kategori_asset.php')
 2 SYSTEMPATH\Common.php(1173): CodeIgniter\View\View->render('kategori_asset', [], true)
 3 APPPATH\Controllers\Home.php(18): view('kategori_asset')
 4 SYSTEMPATH\CodeIgniter.php(933): App\Controllers\Home->kategori_asset()
 5 SYSTEMPATH\CodeIgniter.php(507): CodeIgniter\CodeIgniter->runController(Object(App\Controllers\Home))
 6 SYSTEMPATH\CodeIgniter.php(354): CodeIgniter\CodeIgniter->handleRequest(null, Object(Config\Cache), false)
 7 SYSTEMPATH\Boot.php(334): CodeIgniter\CodeIgniter->run()
 8 SYSTEMPATH\Boot.php(67): CodeIgniter\Boot::runCodeIgniter(Object(CodeIgniter\CodeIgniter))
 9 FCPATH\index.php(56): CodeIgniter\Boot::bootWeb(Object(Config\Paths))
10 SYSTEMPATH\rewrite.php(44): require_once('C:\\xampp\\htdocs\\assetslte\\public\\index.php')
CRITICAL - 2025-03-19 06:10:41 --> CodeIgniter\View\Exceptions\ViewException: Invalid file: "kategori_asset.php"
[Method: GET, Route: kategori_asset]
in SYSTEMPATH\Exceptions\FrameworkException.php on line 39.
 1 SYSTEMPATH\View\View.php(212): CodeIgniter\Exceptions\FrameworkException::forInvalidFile('kategori_asset.php')
 2 SYSTEMPATH\Common.php(1173): CodeIgniter\View\View->render('kategori_asset', [], true)
 3 APPPATH\Controllers\Home.php(18): view('kategori_asset')
 4 SYSTEMPATH\CodeIgniter.php(933): App\Controllers\Home->kategori_asset()
 5 SYSTEMPATH\CodeIgniter.php(507): CodeIgniter\CodeIgniter->runController(Object(App\Controllers\Home))
 6 SYSTEMPATH\CodeIgniter.php(354): CodeIgniter\CodeIgniter->handleRequest(null, Object(Config\Cache), false)
 7 SYSTEMPATH\Boot.php(334): CodeIgniter\CodeIgniter->run()
 8 SYSTEMPATH\Boot.php(67): CodeIgniter\Boot::runCodeIgniter(Object(CodeIgniter\CodeIgniter))
 9 FCPATH\index.php(56): CodeIgniter\Boot::bootWeb(Object(Config\Paths))
10 SYSTEMPATH\rewrite.php(44): require_once('C:\\xampp\\htdocs\\assetslte\\public\\index.php')
CRITICAL - 2025-03-19 06:41:58 --> CodeIgniter\View\Exceptions\ViewException: Invalid file: "kategori_asset.php"
[Method: GET, Route: kategori_asset]
in SYSTEMPATH\Exceptions\FrameworkException.php on line 39.
 1 SYSTEMPATH\View\View.php(212): CodeIgniter\Exceptions\FrameworkException::forInvalidFile('kategori_asset.php')
 2 SYSTEMPATH\Common.php(1173): CodeIgniter\View\View->render('kategori_asset', [], true)
 3 APPPATH\Controllers\Home.php(18): view('kategori_asset')
 4 SYSTEMPATH\CodeIgniter.php(933): App\Controllers\Home->kategori_asset()
 5 SYSTEMPATH\CodeIgniter.php(507): CodeIgniter\CodeIgniter->runController(Object(App\Controllers\Home))
 6 SYSTEMPATH\CodeIgniter.php(354): CodeIgniter\CodeIgniter->handleRequest(null, Object(Config\Cache), false)
 7 SYSTEMPATH\Boot.php(334): CodeIgniter\CodeIgniter->run()
 8 SYSTEMPATH\Boot.php(67): CodeIgniter\Boot::runCodeIgniter(Object(CodeIgniter\CodeIgniter))
 9 FCPATH\index.php(56): CodeIgniter\Boot::bootWeb(Object(Config\Paths))
10 SYSTEMPATH\rewrite.php(44): require_once('C:\\xampp\\htdocs\\assetslte\\public\\index.php')
CRITICAL - 2025-03-19 06:43:40 --> CodeIgniter\View\Exceptions\ViewException: Invalid file: "kategori_asset.php"
[Method: GET, Route: kategori_asset]
in SYSTEMPATH\Exceptions\FrameworkException.php on line 39.
 1 SYSTEMPATH\View\View.php(212): CodeIgniter\Exceptions\FrameworkException::forInvalidFile('kategori_asset.php')
 2 SYSTEMPATH\Common.php(1173): CodeIgniter\View\View->render('kategori_asset', [], true)
 3 APPPATH\Controllers\Home.php(18): view('kategori_asset')
 4 SYSTEMPATH\CodeIgniter.php(933): App\Controllers\Home->kategori_asset()
 5 SYSTEMPATH\CodeIgniter.php(507): CodeIgniter\CodeIgniter->runController(Object(App\Controllers\Home))
 6 SYSTEMPATH\CodeIgniter.php(354): CodeIgniter\CodeIgniter->handleRequest(null, Object(Config\Cache), false)
 7 SYSTEMPATH\Boot.php(334): CodeIgniter\CodeIgniter->run()
 8 SYSTEMPATH\Boot.php(67): CodeIgniter\Boot::runCodeIgniter(Object(CodeIgniter\CodeIgniter))
 9 FCPATH\index.php(56): CodeIgniter\Boot::bootWeb(Object(Config\Paths))
10 SYSTEMPATH\rewrite.php(44): require_once('C:\\xampp\\htdocs\\assetslte\\public\\index.php')
CRITICAL - 2025-03-19 07:23:16 --> CodeIgniter\View\Exceptions\ViewException: Invalid file: "layout/template.php"
[Method: GET, Route: user]
in SYSTEMPATH\Exceptions\FrameworkException.php on line 39.
 1 SYSTEMPATH\View\View.php(212): CodeIgniter\Exceptions\FrameworkException::forInvalidFile('layout/template.php')
 2 SYSTEMPATH\View\View.php(240): CodeIgniter\View\View->render('layout/template', [], true)
 3 SYSTEMPATH\Common.php(1173): CodeIgniter\View\View->render('Datamaster/user', [], true)
 4 APPPATH\Controllers\DataMasterController.php(20): view('Datamaster/user')
 5 SYSTEMPATH\CodeIgniter.php(933): App\Controllers\DataMasterController->User()
 6 SYSTEMPATH\CodeIgniter.php(507): CodeIgniter\CodeIgniter->runController(Object(App\Controllers\DataMasterController))
 7 SYSTEMPATH\CodeIgniter.php(354): CodeIgniter\CodeIgniter->handleRequest(null, Object(Config\Cache), false)
 8 SYSTEMPATH\Boot.php(334): CodeIgniter\CodeIgniter->run()
 9 SYSTEMPATH\Boot.php(67): CodeIgniter\Boot::runCodeIgniter(Object(CodeIgniter\CodeIgniter))
10 FCPATH\index.php(56): CodeIgniter\Boot::bootWeb(Object(Config\Paths))
11 SYSTEMPATH\rewrite.php(44): require_once('C:\\xampp\\htdocs\\assetslte\\public\\index.php')
CRITICAL - 2025-03-19 07:24:20 --> CodeIgniter\View\Exceptions\ViewException: Invalid file: "layout/template.php"
[Method: GET, Route: barang]
in SYSTEMPATH\Exceptions\FrameworkException.php on line 39.
 1 SYSTEMPATH\View\View.php(212): CodeIgniter\Exceptions\FrameworkException::forInvalidFile('layout/template.php')
 2 SYSTEMPATH\View\View.php(240): CodeIgniter\View\View->render('layout/template', [], true)
 3 SYSTEMPATH\Common.php(1173): CodeIgniter\View\View->render('Datamaster/barang', [], true)
 4 APPPATH\Controllers\DataMasterController.php(14): view('Datamaster/barang')
 5 SYSTEMPATH\CodeIgniter.php(933): App\Controllers\DataMasterController->Barang()
 6 SYSTEMPATH\CodeIgniter.php(507): CodeIgniter\CodeIgniter->runController(Object(App\Controllers\DataMasterController))
 7 SYSTEMPATH\CodeIgniter.php(354): CodeIgniter\CodeIgniter->handleRequest(null, Object(Config\Cache), false)
 8 SYSTEMPATH\Boot.php(334): CodeIgniter\CodeIgniter->run()
 9 SYSTEMPATH\Boot.php(67): CodeIgniter\Boot::runCodeIgniter(Object(CodeIgniter\CodeIgniter))
10 FCPATH\index.php(56): CodeIgniter\Boot::bootWeb(Object(Config\Paths))
11 SYSTEMPATH\rewrite.php(44): require_once('C:\\xampp\\htdocs\\assetslte\\public\\index.php')
CRITICAL - 2025-03-19 07:32:33 --> Error: Class "Config\DebugToolbar" not found
[Method: GET, Route: kategori_asset]
in SYSTEMPATH\Filters\Filters.php on line 299.
 1 SYSTEMPATH\Filters\Filters.php(276): CodeIgniter\Filters\Filters->createFilter('Config\\DebugToolbar')
 2 SYSTEMPATH\Filters\Filters.php(364): CodeIgniter\Filters\Filters->runAfter([...])
 3 SYSTEMPATH\CodeIgniter.php(407): CodeIgniter\Filters\Filters->runRequired('after')
 4 SYSTEMPATH\CodeIgniter.php(368): CodeIgniter\CodeIgniter->runRequiredAfterFilters(Object(CodeIgniter\Filters\Filters))
 5 SYSTEMPATH\Boot.php(334): CodeIgniter\CodeIgniter->run()
 6 SYSTEMPATH\Boot.php(67): CodeIgniter\Boot::runCodeIgniter(Object(CodeIgniter\CodeIgniter))
 7 FCPATH\index.php(56): CodeIgniter\Boot::bootWeb(Object(Config\Paths))
 8 SYSTEMPATH\rewrite.php(44): require_once('C:\\xampp\\htdocs\\assetslte\\public\\index.php')
CRITICAL - 2025-03-19 07:32:33 --> Error: Class "Config\DebugToolbar" not found
[Method: GET, Route: kategori_asset]
in SYSTEMPATH\Filters\Filters.php on line 299.
 1 SYSTEMPATH\Filters\Filters.php(276): CodeIgniter\Filters\Filters->createFilter('Config\\DebugToolbar')
 2 SYSTEMPATH\Filters\Filters.php(364): CodeIgniter\Filters\Filters->runAfter([...])
 3 SYSTEMPATH\CodeIgniter.php(407): CodeIgniter\Filters\Filters->runRequired('after')
 4 SYSTEMPATH\CodeIgniter.php(368): CodeIgniter\CodeIgniter->runRequiredAfterFilters(Object(CodeIgniter\Filters\Filters))
 5 SYSTEMPATH\Boot.php(334): CodeIgniter\CodeIgniter->run()
 6 SYSTEMPATH\Boot.php(67): CodeIgniter\Boot::runCodeIgniter(Object(CodeIgniter\CodeIgniter))
 7 FCPATH\index.php(56): CodeIgniter\Boot::bootWeb(Object(Config\Paths))
 8 SYSTEMPATH\rewrite.php(44): require_once('C:\\xampp\\htdocs\\assetslte\\public\\index.php')
CRITICAL - 2025-03-19 07:32:33 --> Error: Class "Config\DebugToolbar" not found
[Method: GET, Route: kategori_asset]
in SYSTEMPATH\Filters\Filters.php on line 299.
 1 SYSTEMPATH\Filters\Filters.php(276): CodeIgniter\Filters\Filters->createFilter('Config\\DebugToolbar')
 2 SYSTEMPATH\Filters\Filters.php(364): CodeIgniter\Filters\Filters->runAfter([...])
 3 SYSTEMPATH\CodeIgniter.php(407): CodeIgniter\Filters\Filters->runRequired('after')
 4 SYSTEMPATH\CodeIgniter.php(368): CodeIgniter\CodeIgniter->runRequiredAfterFilters(Object(CodeIgniter\Filters\Filters))
 5 SYSTEMPATH\Boot.php(334): CodeIgniter\CodeIgniter->run()
 6 SYSTEMPATH\Boot.php(67): CodeIgniter\Boot::runCodeIgniter(Object(CodeIgniter\CodeIgniter))
 7 FCPATH\index.php(56): CodeIgniter\Boot::bootWeb(Object(Config\Paths))
 8 SYSTEMPATH\rewrite.php(44): require_once('C:\\xampp\\htdocs\\assetslte\\public\\index.php')
CRITICAL - 2025-03-19 07:32:33 --> Error: Class "Config\DebugToolbar" not found
[Method: GET, Route: kategori_asset]
in SYSTEMPATH\Filters\Filters.php on line 299.
 1 SYSTEMPATH\Filters\Filters.php(276): CodeIgniter\Filters\Filters->createFilter('Config\\DebugToolbar')
 2 SYSTEMPATH\Filters\Filters.php(364): CodeIgniter\Filters\Filters->runAfter([...])
 3 SYSTEMPATH\CodeIgniter.php(407): CodeIgniter\Filters\Filters->runRequired('after')
 4 SYSTEMPATH\CodeIgniter.php(368): CodeIgniter\CodeIgniter->runRequiredAfterFilters(Object(CodeIgniter\Filters\Filters))
 5 SYSTEMPATH\Boot.php(334): CodeIgniter\CodeIgniter->run()
 6 SYSTEMPATH\Boot.php(67): CodeIgniter\Boot::runCodeIgniter(Object(CodeIgniter\CodeIgniter))
 7 FCPATH\index.php(56): CodeIgniter\Boot::bootWeb(Object(Config\Paths))
 8 SYSTEMPATH\rewrite.php(44): require_once('C:\\xampp\\htdocs\\assetslte\\public\\index.php')
CRITICAL - 2025-03-19 07:32:45 --> Error: Class "Config\DebugToolbar" not found
[Method: GET, Route: dashboard]
in SYSTEMPATH\Filters\Filters.php on line 299.
 1 SYSTEMPATH\Filters\Filters.php(276): CodeIgniter\Filters\Filters->createFilter('Config\\DebugToolbar')
 2 SYSTEMPATH\Filters\Filters.php(364): CodeIgniter\Filters\Filters->runAfter([...])
 3 SYSTEMPATH\CodeIgniter.php(407): CodeIgniter\Filters\Filters->runRequired('after')
 4 SYSTEMPATH\CodeIgniter.php(368): CodeIgniter\CodeIgniter->runRequiredAfterFilters(Object(CodeIgniter\Filters\Filters))
 5 SYSTEMPATH\Boot.php(334): CodeIgniter\CodeIgniter->run()
 6 SYSTEMPATH\Boot.php(67): CodeIgniter\Boot::runCodeIgniter(Object(CodeIgniter\CodeIgniter))
 7 FCPATH\index.php(56): CodeIgniter\Boot::bootWeb(Object(Config\Paths))
 8 SYSTEMPATH\rewrite.php(44): require_once('C:\\xampp\\htdocs\\assetslte\\public\\index.php')
CRITICAL - 2025-03-19 07:32:51 --> Error: Class "Config\DebugToolbar" not found
[Method: GET, Route: /]
in SYSTEMPATH\Filters\Filters.php on line 299.
 1 SYSTEMPATH\Filters\Filters.php(276): CodeIgniter\Filters\Filters->createFilter('Config\\DebugToolbar')
 2 SYSTEMPATH\Filters\Filters.php(364): CodeIgniter\Filters\Filters->runAfter([...])
 3 SYSTEMPATH\CodeIgniter.php(407): CodeIgniter\Filters\Filters->runRequired('after')
 4 SYSTEMPATH\CodeIgniter.php(368): CodeIgniter\CodeIgniter->runRequiredAfterFilters(Object(CodeIgniter\Filters\Filters))
 5 SYSTEMPATH\Boot.php(334): CodeIgniter\CodeIgniter->run()
 6 SYSTEMPATH\Boot.php(67): CodeIgniter\Boot::runCodeIgniter(Object(CodeIgniter\CodeIgniter))
 7 FCPATH\index.php(56): CodeIgniter\Boot::bootWeb(Object(Config\Paths))
 8 SYSTEMPATH\rewrite.php(44): require_once('C:\\xampp\\htdocs\\assetslte\\public\\index.php')
CRITICAL - 2025-03-19 07:35:10 --> CodeIgniter\View\Exceptions\ViewException: Invalid file: "layout/template.php"
[Method: GET, Route: barang]
in SYSTEMPATH\Exceptions\FrameworkException.php on line 39.
 1 SYSTEMPATH\View\View.php(212): CodeIgniter\Exceptions\FrameworkException::forInvalidFile('layout/template.php')
 2 SYSTEMPATH\View\View.php(240): CodeIgniter\View\View->render('layout/template', [], true)
 3 SYSTEMPATH\Common.php(1173): CodeIgniter\View\View->render('Datamaster/barang', [], true)
 4 APPPATH\Controllers\DataMasterController.php(14): view('Datamaster/barang')
 5 SYSTEMPATH\CodeIgniter.php(933): App\Controllers\DataMasterController->Barang()
 6 SYSTEMPATH\CodeIgniter.php(507): CodeIgniter\CodeIgniter->runController(Object(App\Controllers\DataMasterController))
 7 SYSTEMPATH\CodeIgniter.php(354): CodeIgniter\CodeIgniter->handleRequest(null, Object(Config\Cache), false)
 8 SYSTEMPATH\Boot.php(334): CodeIgniter\CodeIgniter->run()
 9 SYSTEMPATH\Boot.php(67): CodeIgniter\Boot::runCodeIgniter(Object(CodeIgniter\CodeIgniter))
10 FCPATH\index.php(56): CodeIgniter\Boot::bootWeb(Object(Config\Paths))
11 SYSTEMPATH\rewrite.php(44): require_once('C:\\xampp\\htdocs\\assetslte\\public\\index.php')
CRITICAL - 2025-03-19 07:49:16 --> CodeIgniter\View\Exceptions\ViewException: Invalid file: "layout/template.php"
[Method: GET, Route: barang]
in SYSTEMPATH\Exceptions\FrameworkException.php on line 39.
 1 SYSTEMPATH\View\View.php(212): CodeIgniter\Exceptions\FrameworkException::forInvalidFile('layout/template.php')
 2 SYSTEMPATH\View\View.php(240): CodeIgniter\View\View->render('layout/template', [], true)
 3 SYSTEMPATH\Common.php(1173): CodeIgniter\View\View->render('Datamaster/barang', [], true)
 4 APPPATH\Controllers\DataMasterController.php(14): view('Datamaster/barang')
 5 SYSTEMPATH\CodeIgniter.php(933): App\Controllers\DataMasterController->Barang()
 6 SYSTEMPATH\CodeIgniter.php(507): CodeIgniter\CodeIgniter->runController(Object(App\Controllers\DataMasterController))
 7 SYSTEMPATH\CodeIgniter.php(354): CodeIgniter\CodeIgniter->handleRequest(null, Object(Config\Cache), false)
 8 SYSTEMPATH\Boot.php(334): CodeIgniter\CodeIgniter->run()
 9 SYSTEMPATH\Boot.php(67): CodeIgniter\Boot::runCodeIgniter(Object(CodeIgniter\CodeIgniter))
10 FCPATH\index.php(56): CodeIgniter\Boot::bootWeb(Object(Config\Paths))
11 SYSTEMPATH\rewrite.php(44): require_once('C:\\xampp\\htdocs\\assetslte\\public\\index.php')
CRITICAL - 2025-03-19 07:50:58 --> CodeIgniter\View\Exceptions\ViewException: Invalid file: "layout/template.php"
[Method: GET, Route: barang]
in SYSTEMPATH\Exceptions\FrameworkException.php on line 39.
 1 SYSTEMPATH\View\View.php(212): CodeIgniter\Exceptions\FrameworkException::forInvalidFile('layout/template.php')
 2 SYSTEMPATH\View\View.php(240): CodeIgniter\View\View->render('layout/template', [], true)
 3 SYSTEMPATH\Common.php(1173): CodeIgniter\View\View->render('Datamaster/barang', [], true)
 4 APPPATH\Controllers\DataMasterController.php(14): view('Datamaster/barang')
 5 SYSTEMPATH\CodeIgniter.php(933): App\Controllers\DataMasterController->Barang()
 6 SYSTEMPATH\CodeIgniter.php(507): CodeIgniter\CodeIgniter->runController(Object(App\Controllers\DataMasterController))
 7 SYSTEMPATH\CodeIgniter.php(354): CodeIgniter\CodeIgniter->handleRequest(null, Object(Config\Cache), false)
 8 SYSTEMPATH\Boot.php(334): CodeIgniter\CodeIgniter->run()
 9 SYSTEMPATH\Boot.php(67): CodeIgniter\Boot::runCodeIgniter(Object(CodeIgniter\CodeIgniter))
10 FCPATH\index.php(56): CodeIgniter\Boot::bootWeb(Object(Config\Paths))
11 SYSTEMPATH\rewrite.php(44): require_once('C:\\xampp\\htdocs\\assetslte\\public\\index.php')
CRITICAL - 2025-03-19 08:00:38 --> CodeIgniter\View\Exceptions\ViewException: Invalid file: "layout/template.php"
[Method: GET, Route: barang]
in SYSTEMPATH\Exceptions\FrameworkException.php on line 39.
 1 SYSTEMPATH\View\View.php(212): CodeIgniter\Exceptions\FrameworkException::forInvalidFile('layout/template.php')
 2 SYSTEMPATH\View\View.php(240): CodeIgniter\View\View->render('layout/template', [], true)
 3 SYSTEMPATH\Common.php(1173): CodeIgniter\View\View->render('Datamaster/barang', [], true)
 4 APPPATH\Controllers\DataMasterController.php(14): view('Datamaster/barang')
 5 SYSTEMPATH\CodeIgniter.php(933): App\Controllers\DataMasterController->Barang()
 6 SYSTEMPATH\CodeIgniter.php(507): CodeIgniter\CodeIgniter->runController(Object(App\Controllers\DataMasterController))
 7 SYSTEMPATH\CodeIgniter.php(354): CodeIgniter\CodeIgniter->handleRequest(null, Object(Config\Cache), false)
 8 SYSTEMPATH\Boot.php(334): CodeIgniter\CodeIgniter->run()
 9 SYSTEMPATH\Boot.php(67): CodeIgniter\Boot::runCodeIgniter(Object(CodeIgniter\CodeIgniter))
10 FCPATH\index.php(56): CodeIgniter\Boot::bootWeb(Object(Config\Paths))
11 SYSTEMPATH\rewrite.php(44): require_once('C:\\xampp\\htdocs\\assetslte\\public\\index.php')
CRITICAL - 2025-03-19 10:17:34 --> CodeIgniter\View\Exceptions\ViewException: Invalid file: "layout/template.php"
[Method: GET, Route: barang]
in SYSTEMPATH\Exceptions\FrameworkException.php on line 39.
 1 SYSTEMPATH\View\View.php(212): CodeIgniter\Exceptions\FrameworkException::forInvalidFile('layout/template.php')
 2 SYSTEMPATH\View\View.php(240): CodeIgniter\View\View->render('layout/template', [], true)
 3 SYSTEMPATH\Common.php(1173): CodeIgniter\View\View->render('Datamaster/barang', [], true)
 4 APPPATH\Controllers\DataMasterController.php(14): view('Datamaster/barang')
 5 SYSTEMPATH\CodeIgniter.php(933): App\Controllers\DataMasterController->Barang()
 6 SYSTEMPATH\CodeIgniter.php(507): CodeIgniter\CodeIgniter->runController(Object(App\Controllers\DataMasterController))
 7 SYSTEMPATH\CodeIgniter.php(354): CodeIgniter\CodeIgniter->handleRequest(null, Object(Config\Cache), false)
 8 SYSTEMPATH\Boot.php(334): CodeIgniter\CodeIgniter->run()
 9 SYSTEMPATH\Boot.php(67): CodeIgniter\Boot::runCodeIgniter(Object(CodeIgniter\CodeIgniter))
10 FCPATH\index.php(56): CodeIgniter\Boot::bootWeb(Object(Config\Paths))
11 SYSTEMPATH\rewrite.php(44): require_once('C:\\xampp\\htdocs\\assetslte\\public\\index.php')
CRITICAL - 2025-03-19 10:45:24 --> CodeIgniter\View\Exceptions\ViewException: Invalid file: "layout/template.php"
[Method: GET, Route: user]
in SYSTEMPATH\Exceptions\FrameworkException.php on line 39.
 1 SYSTEMPATH\View\View.php(212): CodeIgniter\Exceptions\FrameworkException::forInvalidFile('layout/template.php')
 2 SYSTEMPATH\View\View.php(240): CodeIgniter\View\View->render('layout/template', [], true)
 3 SYSTEMPATH\Common.php(1173): CodeIgniter\View\View->render('Datamaster/user', [], true)
 4 APPPATH\Controllers\DataMasterController.php(20): view('Datamaster/user')
 5 SYSTEMPATH\CodeIgniter.php(933): App\Controllers\DataMasterController->User()
 6 SYSTEMPATH\CodeIgniter.php(507): CodeIgniter\CodeIgniter->runController(Object(App\Controllers\DataMasterController))
 7 SYSTEMPATH\CodeIgniter.php(354): CodeIgniter\CodeIgniter->handleRequest(null, Object(Config\Cache), false)
 8 SYSTEMPATH\Boot.php(334): CodeIgniter\CodeIgniter->run()
 9 SYSTEMPATH\Boot.php(67): CodeIgniter\Boot::runCodeIgniter(Object(CodeIgniter\CodeIgniter))
10 FCPATH\index.php(56): CodeIgniter\Boot::bootWeb(Object(Config\Paths))
11 SYSTEMPATH\rewrite.php(44): require_once('C:\\xampp\\htdocs\\assetslte\\public\\index.php')
CRITICAL - 2025-03-19 10:45:25 --> CodeIgniter\View\Exceptions\ViewException: Invalid file: "layout/template.php"
[Method: GET, Route: barang]
in SYSTEMPATH\Exceptions\FrameworkException.php on line 39.
 1 SYSTEMPATH\View\View.php(212): CodeIgniter\Exceptions\FrameworkException::forInvalidFile('layout/template.php')
 2 SYSTEMPATH\View\View.php(240): CodeIgniter\View\View->render('layout/template', [], true)
 3 SYSTEMPATH\Common.php(1173): CodeIgniter\View\View->render('Datamaster/barang', [], true)
 4 APPPATH\Controllers\DataMasterController.php(14): view('Datamaster/barang')
 5 SYSTEMPATH\CodeIgniter.php(933): App\Controllers\DataMasterController->Barang()
 6 SYSTEMPATH\CodeIgniter.php(507): CodeIgniter\CodeIgniter->runController(Object(App\Controllers\DataMasterController))
 7 SYSTEMPATH\CodeIgniter.php(354): CodeIgniter\CodeIgniter->handleRequest(null, Object(Config\Cache), false)
 8 SYSTEMPATH\Boot.php(334): CodeIgniter\CodeIgniter->run()
 9 SYSTEMPATH\Boot.php(67): CodeIgniter\Boot::runCodeIgniter(Object(CodeIgniter\CodeIgniter))
10 FCPATH\index.php(56): CodeIgniter\Boot::bootWeb(Object(Config\Paths))
11 SYSTEMPATH\rewrite.php(44): require_once('C:\\xampp\\htdocs\\assetslte\\public\\index.php')
CRITICAL - 2025-03-19 10:47:02 --> CodeIgniter\View\Exceptions\ViewException: Invalid file: "layout/template.php"
[Method: GET, Route: barang]
in SYSTEMPATH\Exceptions\FrameworkException.php on line 39.
 1 SYSTEMPATH\View\View.php(212): CodeIgniter\Exceptions\FrameworkException::forInvalidFile('layout/template.php')
 2 SYSTEMPATH\View\View.php(240): CodeIgniter\View\View->render('layout/template', [], true)
 3 SYSTEMPATH\Common.php(1173): CodeIgniter\View\View->render('Datamaster/barang', [], true)
 4 APPPATH\Controllers\DataMasterController.php(14): view('Datamaster/barang')
 5 SYSTEMPATH\CodeIgniter.php(933): App\Controllers\DataMasterController->Barang()
 6 SYSTEMPATH\CodeIgniter.php(507): CodeIgniter\CodeIgniter->runController(Object(App\Controllers\DataMasterController))
 7 SYSTEMPATH\CodeIgniter.php(354): CodeIgniter\CodeIgniter->handleRequest(null, Object(Config\Cache), false)
 8 SYSTEMPATH\Boot.php(334): CodeIgniter\CodeIgniter->run()
 9 SYSTEMPATH\Boot.php(67): CodeIgniter\Boot::runCodeIgniter(Object(CodeIgniter\CodeIgniter))
10 FCPATH\index.php(56): CodeIgniter\Boot::bootWeb(Object(Config\Paths))
11 SYSTEMPATH\rewrite.php(44): require_once('C:\\xampp\\htdocs\\assetslte\\public\\index.php')
CRITICAL - 2025-03-19 10:47:16 --> CodeIgniter\View\Exceptions\ViewException: Invalid file: "layout/template.php"
[Method: GET, Route: user]
in SYSTEMPATH\Exceptions\FrameworkException.php on line 39.
 1 SYSTEMPATH\View\View.php(212): CodeIgniter\Exceptions\FrameworkException::forInvalidFile('layout/template.php')
 2 SYSTEMPATH\View\View.php(240): CodeIgniter\View\View->render('layout/template', [], true)
 3 SYSTEMPATH\Common.php(1173): CodeIgniter\View\View->render('Datamaster/user', [], true)
 4 APPPATH\Controllers\DataMasterController.php(20): view('Datamaster/user')
 5 SYSTEMPATH\CodeIgniter.php(933): App\Controllers\DataMasterController->User()
 6 SYSTEMPATH\CodeIgniter.php(507): CodeIgniter\CodeIgniter->runController(Object(App\Controllers\DataMasterController))
 7 SYSTEMPATH\CodeIgniter.php(354): CodeIgniter\CodeIgniter->handleRequest(null, Object(Config\Cache), false)
 8 SYSTEMPATH\Boot.php(334): CodeIgniter\CodeIgniter->run()
 9 SYSTEMPATH\Boot.php(67): CodeIgniter\Boot::runCodeIgniter(Object(CodeIgniter\CodeIgniter))
10 FCPATH\index.php(56): CodeIgniter\Boot::bootWeb(Object(Config\Paths))
11 SYSTEMPATH\rewrite.php(44): require_once('C:\\xampp\\htdocs\\assetslte\\public\\index.php')
CRITICAL - 2025-03-19 10:47:28 --> CodeIgniter\View\Exceptions\ViewException: Invalid file: "layout/template.php"
[Method: GET, Route: user]
in SYSTEMPATH\Exceptions\FrameworkException.php on line 39.
 1 SYSTEMPATH\View\View.php(212): CodeIgniter\Exceptions\FrameworkException::forInvalidFile('layout/template.php')
 2 SYSTEMPATH\View\View.php(240): CodeIgniter\View\View->render('layout/template', [], true)
 3 SYSTEMPATH\Common.php(1173): CodeIgniter\View\View->render('Datamaster/user', [], true)
 4 APPPATH\Controllers\DataMasterController.php(20): view('Datamaster/user')
 5 SYSTEMPATH\CodeIgniter.php(933): App\Controllers\DataMasterController->User()
 6 SYSTEMPATH\CodeIgniter.php(507): CodeIgniter\CodeIgniter->runController(Object(App\Controllers\DataMasterController))
 7 SYSTEMPATH\CodeIgniter.php(354): CodeIgniter\CodeIgniter->handleRequest(null, Object(Config\Cache), false)
 8 SYSTEMPATH\Boot.php(334): CodeIgniter\CodeIgniter->run()
 9 SYSTEMPATH\Boot.php(67): CodeIgniter\Boot::runCodeIgniter(Object(CodeIgniter\CodeIgniter))
10 FCPATH\index.php(56): CodeIgniter\Boot::bootWeb(Object(Config\Paths))
11 SYSTEMPATH\rewrite.php(44): require_once('C:\\xampp\\htdocs\\assetslte\\public\\index.php')
CRITICAL - 2025-03-19 10:49:12 --> CodeIgniter\View\Exceptions\ViewException: Invalid file: "layout/main.php"
[Method: GET, Route: user]
in SYSTEMPATH\Exceptions\FrameworkException.php on line 39.
 1 SYSTEMPATH\View\View.php(212): CodeIgniter\Exceptions\FrameworkException::forInvalidFile('layout/main.php')
 2 SYSTEMPATH\View\View.php(240): CodeIgniter\View\View->render('layout/main', [], true)
 3 SYSTEMPATH\Common.php(1173): CodeIgniter\View\View->render('Datamaster/user', [], true)
 4 APPPATH\Controllers\DataMasterController.php(20): view('Datamaster/user')
 5 SYSTEMPATH\CodeIgniter.php(933): App\Controllers\DataMasterController->User()
 6 SYSTEMPATH\CodeIgniter.php(507): CodeIgniter\CodeIgniter->runController(Object(App\Controllers\DataMasterController))
 7 SYSTEMPATH\CodeIgniter.php(354): CodeIgniter\CodeIgniter->handleRequest(null, Object(Config\Cache), false)
 8 SYSTEMPATH\Boot.php(334): CodeIgniter\CodeIgniter->run()
 9 SYSTEMPATH\Boot.php(67): CodeIgniter\Boot::runCodeIgniter(Object(CodeIgniter\CodeIgniter))
10 FCPATH\index.php(56): CodeIgniter\Boot::bootWeb(Object(Config\Paths))
11 SYSTEMPATH\rewrite.php(44): require_once('C:\\xampp\\htdocs\\assetslte\\public\\index.php')
